<?xml version="1.0" encoding="UTF-8"?>
<testsuite xmlns:xsi="http://www.w3.org/2001/XMLSchema-instance" xsi:noNamespaceSchemaLocation="https://maven.apache.org/surefire/maven-surefire-plugin/xsd/surefire-test-report-3.0.xsd" version="3.0" name="MyTestRunner.TestRunner" time="5.18" tests="32" errors="27" skipped="0" failures="3">
  <properties>
    <property name="java.specification.version" value="24"/>
    <property name="sun.jnu.encoding" value="UTF-8"/>
    <property name="java.class.path" value="/Users/anhthehoang/Desktop/learning-code/BDDCucumber/BDDCucumberTesting/target/test-classes:/Users/anhthehoang/Desktop/learning-code/BDDCucumber/BDDCucumberTesting/target/classes:/Users/anhthehoang/.m2/repository/io/cucumber/cucumber-java/7.20.0/cucumber-java-7.20.0.jar:/Users/anhthehoang/.m2/repository/io/cucumber/cucumber-core/7.20.0/cucumber-core-7.20.0.jar:/Users/anhthehoang/.m2/repository/io/cucumber/cucumber-gherkin/7.20.0/cucumber-gherkin-7.20.0.jar:/Users/anhthehoang/.m2/repository/io/cucumber/cucumber-gherkin-messages/7.20.0/cucumber-gherkin-messages-7.20.0.jar:/Users/anhthehoang/.m2/repository/io/cucumber/testng-xml-formatter/0.2.0/testng-xml-formatter-0.2.0.jar:/Users/anhthehoang/.m2/repository/io/cucumber/query/12.2.0/query-12.2.0.jar:/Users/anhthehoang/.m2/repository/io/cucumber/tag-expressions/6.1.0/tag-expressions-6.1.0.jar:/Users/anhthehoang/.m2/repository/io/cucumber/cucumber-expressions/17.1.0/cucumber-expressions-17.1.0.jar:/Users/anhthehoang/.m2/repository/io/cucumber/datatable/7.20.0/datatable-7.20.0.jar:/Users/anhthehoang/.m2/repository/io/cucumber/cucumber-plugin/7.20.0/cucumber-plugin-7.20.0.jar:/Users/anhthehoang/.m2/repository/io/cucumber/docstring/7.20.0/docstring-7.20.0.jar:/Users/anhthehoang/.m2/repository/io/cucumber/html-formatter/21.7.0/html-formatter-21.7.0.jar:/Users/anhthehoang/.m2/repository/io/cucumber/junit-xml-formatter/0.5.0/junit-xml-formatter-0.5.0.jar:/Users/anhthehoang/.m2/repository/io/cucumber/ci-environment/10.0.1/ci-environment-10.0.1.jar:/Users/anhthehoang/.m2/repository/org/apiguardian/apiguardian-api/1.1.2/apiguardian-api-1.1.2.jar:/Users/anhthehoang/.m2/repository/io/cucumber/cucumber-junit/7.20.0/cucumber-junit-7.20.0.jar:/Users/anhthehoang/.m2/repository/log4j/log4j/1.2.17/log4j-1.2.17.jar:/Users/anhthehoang/.m2/repository/io/rest-assured/rest-assured/4.3.3/rest-assured-4.3.3.jar:/Users/anhthehoang/.m2/repository/org/codehaus/groovy/groovy/3.0.7/groovy-3.0.7.jar:/Users/anhthehoang/.m2/repository/org/codehaus/groovy/groovy-xml/3.0.7/groovy-xml-3.0.7.jar:/Users/anhthehoang/.m2/repository/org/apache/httpcomponents/httpclient/4.5.3/httpclient-4.5.3.jar:/Users/anhthehoang/.m2/repository/org/apache/httpcomponents/httpcore/4.4.6/httpcore-4.4.6.jar:/Users/anhthehoang/.m2/repository/commons-logging/commons-logging/1.2/commons-logging-1.2.jar:/Users/anhthehoang/.m2/repository/commons-codec/commons-codec/1.9/commons-codec-1.9.jar:/Users/anhthehoang/.m2/repository/org/apache/httpcomponents/httpmime/4.5.3/httpmime-4.5.3.jar:/Users/anhthehoang/.m2/repository/org/hamcrest/hamcrest/2.1/hamcrest-2.1.jar:/Users/anhthehoang/.m2/repository/org/ccil/cowan/tagsoup/tagsoup/1.2.1/tagsoup-1.2.1.jar:/Users/anhthehoang/.m2/repository/io/rest-assured/json-path/4.3.3/json-path-4.3.3.jar:/Users/anhthehoang/.m2/repository/org/codehaus/groovy/groovy-json/3.0.7/groovy-json-3.0.7.jar:/Users/anhthehoang/.m2/repository/io/rest-assured/rest-assured-common/4.3.3/rest-assured-common-4.3.3.jar:/Users/anhthehoang/.m2/repository/io/rest-assured/xml-path/4.3.3/xml-path-4.3.3.jar:/Users/anhthehoang/.m2/repository/org/apache/commons/commons-lang3/3.11/commons-lang3-3.11.jar:/Users/anhthehoang/.m2/repository/jakarta/xml/bind/jakarta.xml.bind-api/2.3.3/jakarta.xml.bind-api-2.3.3.jar:/Users/anhthehoang/.m2/repository/jakarta/activation/jakarta.activation-api/1.2.2/jakarta.activation-api-1.2.2.jar:/Users/anhthehoang/.m2/repository/com/sun/xml/bind/jaxb-impl/2.3.3/jaxb-impl-2.3.3.jar:/Users/anhthehoang/.m2/repository/com/fasterxml/jackson/core/jackson-databind/2.15.2/jackson-databind-2.15.2.jar:/Users/anhthehoang/.m2/repository/com/fasterxml/jackson/core/jackson-annotations/2.15.2/jackson-annotations-2.15.2.jar:/Users/anhthehoang/.m2/repository/com/fasterxml/jackson/core/jackson-core/2.15.2/jackson-core-2.15.2.jar:/Users/anhthehoang/.m2/repository/io/cucumber/gherkin/29.0.0/gherkin-29.0.0.jar:/Users/anhthehoang/.m2/repository/io/cucumber/messages/24.1.0/messages-24.1.0.jar:/Users/anhthehoang/.m2/repository/junit/junit/4.13.1/junit-4.13.1.jar:/Users/anhthehoang/.m2/repository/org/hamcrest/hamcrest-core/1.3/hamcrest-core-1.3.jar:/Users/anhthehoang/.m2/repository/org/seleniumhq/selenium/selenium-java/4.25.0/selenium-java-4.25.0.jar:/Users/anhthehoang/.m2/repository/org/seleniumhq/selenium/selenium-api/4.25.0/selenium-api-4.25.0.jar:/Users/anhthehoang/.m2/repository/org/jspecify/jspecify/1.0.0/jspecify-1.0.0.jar:/Users/anhthehoang/.m2/repository/org/seleniumhq/selenium/selenium-chrome-driver/4.25.0/selenium-chrome-driver-4.25.0.jar:/Users/anhthehoang/.m2/repository/com/google/auto/service/auto-service-annotations/1.1.1/auto-service-annotations-1.1.1.jar:/Users/anhthehoang/.m2/repository/org/seleniumhq/selenium/selenium-chromium-driver/4.25.0/selenium-chromium-driver-4.25.0.jar:/Users/anhthehoang/.m2/repository/org/seleniumhq/selenium/selenium-json/4.25.0/selenium-json-4.25.0.jar:/Users/anhthehoang/.m2/repository/org/seleniumhq/selenium/selenium-manager/4.25.0/selenium-manager-4.25.0.jar:/Users/anhthehoang/.m2/repository/org/seleniumhq/selenium/selenium-devtools-v127/4.25.0/selenium-devtools-v127-4.25.0.jar:/Users/anhthehoang/.m2/repository/org/seleniumhq/selenium/selenium-devtools-v128/4.25.0/selenium-devtools-v128-4.25.0.jar:/Users/anhthehoang/.m2/repository/org/seleniumhq/selenium/selenium-devtools-v129/4.25.0/selenium-devtools-v129-4.25.0.jar:/Users/anhthehoang/.m2/repository/org/seleniumhq/selenium/selenium-devtools-v85/4.25.0/selenium-devtools-v85-4.25.0.jar:/Users/anhthehoang/.m2/repository/org/seleniumhq/selenium/selenium-edge-driver/4.25.0/selenium-edge-driver-4.25.0.jar:/Users/anhthehoang/.m2/repository/org/seleniumhq/selenium/selenium-firefox-driver/4.25.0/selenium-firefox-driver-4.25.0.jar:/Users/anhthehoang/.m2/repository/org/seleniumhq/selenium/selenium-http/4.25.0/selenium-http-4.25.0.jar:/Users/anhthehoang/.m2/repository/dev/failsafe/failsafe/3.3.2/failsafe-3.3.2.jar:/Users/anhthehoang/.m2/repository/org/seleniumhq/selenium/selenium-ie-driver/4.25.0/selenium-ie-driver-4.25.0.jar:/Users/anhthehoang/.m2/repository/org/seleniumhq/selenium/selenium-remote-driver/4.25.0/selenium-remote-driver-4.25.0.jar:/Users/anhthehoang/.m2/repository/com/google/guava/guava/33.3.0-jre/guava-33.3.0-jre.jar:/Users/anhthehoang/.m2/repository/com/google/guava/failureaccess/1.0.2/failureaccess-1.0.2.jar:/Users/anhthehoang/.m2/repository/com/google/guava/listenablefuture/9999.0-empty-to-avoid-conflict-with-guava/listenablefuture-9999.0-empty-to-avoid-conflict-with-guava.jar:/Users/anhthehoang/.m2/repository/com/google/code/findbugs/jsr305/3.0.2/jsr305-3.0.2.jar:/Users/anhthehoang/.m2/repository/org/checkerframework/checker-qual/3.43.0/checker-qual-3.43.0.jar:/Users/anhthehoang/.m2/repository/com/google/errorprone/error_prone_annotations/2.28.0/error_prone_annotations-2.28.0.jar:/Users/anhthehoang/.m2/repository/com/google/j2objc/j2objc-annotations/3.0.0/j2objc-annotations-3.0.0.jar:/Users/anhthehoang/.m2/repository/io/opentelemetry/semconv/opentelemetry-semconv/1.25.0-alpha/opentelemetry-semconv-1.25.0-alpha.jar:/Users/anhthehoang/.m2/repository/io/opentelemetry/opentelemetry-api/1.42.1/opentelemetry-api-1.42.1.jar:/Users/anhthehoang/.m2/repository/io/opentelemetry/opentelemetry-context/1.42.1/opentelemetry-context-1.42.1.jar:/Users/anhthehoang/.m2/repository/io/opentelemetry/opentelemetry-exporter-logging/1.42.1/opentelemetry-exporter-logging-1.42.1.jar:/Users/anhthehoang/.m2/repository/io/opentelemetry/opentelemetry-sdk-common/1.42.1/opentelemetry-sdk-common-1.42.1.jar:/Users/anhthehoang/.m2/repository/io/opentelemetry/opentelemetry-sdk-extension-autoconfigure-spi/1.42.1/opentelemetry-sdk-extension-autoconfigure-spi-1.42.1.jar:/Users/anhthehoang/.m2/repository/io/opentelemetry/opentelemetry-sdk-extension-autoconfigure/1.42.1/opentelemetry-sdk-extension-autoconfigure-1.42.1.jar:/Users/anhthehoang/.m2/repository/io/opentelemetry/opentelemetry-api-incubator/1.42.1-alpha/opentelemetry-api-incubator-1.42.1-alpha.jar:/Users/anhthehoang/.m2/repository/io/opentelemetry/opentelemetry-sdk-trace/1.42.1/opentelemetry-sdk-trace-1.42.1.jar:/Users/anhthehoang/.m2/repository/io/opentelemetry/opentelemetry-sdk/1.42.1/opentelemetry-sdk-1.42.1.jar:/Users/anhthehoang/.m2/repository/io/opentelemetry/opentelemetry-sdk-metrics/1.42.1/opentelemetry-sdk-metrics-1.42.1.jar:/Users/anhthehoang/.m2/repository/io/opentelemetry/opentelemetry-sdk-logs/1.42.1/opentelemetry-sdk-logs-1.42.1.jar:/Users/anhthehoang/.m2/repository/net/bytebuddy/byte-buddy/1.15.1/byte-buddy-1.15.1.jar:/Users/anhthehoang/.m2/repository/org/seleniumhq/selenium/selenium-os/4.25.0/selenium-os-4.25.0.jar:/Users/anhthehoang/.m2/repository/org/apache/commons/commons-exec/1.4.0/commons-exec-1.4.0.jar:/Users/anhthehoang/.m2/repository/org/seleniumhq/selenium/selenium-safari-driver/4.25.0/selenium-safari-driver-4.25.0.jar:/Users/anhthehoang/.m2/repository/org/seleniumhq/selenium/selenium-support/4.25.0/selenium-support-4.25.0.jar:/Users/anhthehoang/.m2/repository/io/cucumber/cucumber-picocontainer/7.20.0/cucumber-picocontainer-7.20.0.jar:/Users/anhthehoang/.m2/repository/org/picocontainer/picocontainer/2.15/picocontainer-2.15.jar:"/>
    <property name="java.vm.vendor" value="Homebrew"/>
    <property name="sun.arch.data.model" value="64"/>
    <property name="java.vendor.url" value="https://github.com/Homebrew/homebrew-core/issues"/>
    <property name="os.name" value="Mac OS X"/>
    <property name="java.vm.specification.version" value="24"/>
    <property name="sun.java.launcher" value="SUN_STANDARD"/>
    <property name="user.country" value="US"/>
    <property name="sun.boot.library.path" value="/opt/homebrew/Cellar/openjdk/24.0.2/libexec/openjdk.jdk/Contents/Home/lib"/>
    <property name="sun.java.command" value="/Users/anhthehoang/Desktop/learning-code/BDDCucumber/BDDCucumberTesting/target/surefire/surefirebooter-20250902162312643_3.jar /Users/anhthehoang/Desktop/learning-code/BDDCucumber/BDDCucumberTesting/target/surefire 2025-09-02T16-23-12_574-jvmRun1 surefire-20250902162312643_1tmp surefire_0-20250902162312643_2tmp"/>
    <property name="http.nonProxyHosts" value="local|*.local|169.254/16|*.169.254/16"/>
    <property name="jdk.debug" value="release"/>
    <property name="surefire.test.class.path" value="/Users/anhthehoang/Desktop/learning-code/BDDCucumber/BDDCucumberTesting/target/test-classes:/Users/anhthehoang/Desktop/learning-code/BDDCucumber/BDDCucumberTesting/target/classes:/Users/anhthehoang/.m2/repository/io/cucumber/cucumber-java/7.20.0/cucumber-java-7.20.0.jar:/Users/anhthehoang/.m2/repository/io/cucumber/cucumber-core/7.20.0/cucumber-core-7.20.0.jar:/Users/anhthehoang/.m2/repository/io/cucumber/cucumber-gherkin/7.20.0/cucumber-gherkin-7.20.0.jar:/Users/anhthehoang/.m2/repository/io/cucumber/cucumber-gherkin-messages/7.20.0/cucumber-gherkin-messages-7.20.0.jar:/Users/anhthehoang/.m2/repository/io/cucumber/testng-xml-formatter/0.2.0/testng-xml-formatter-0.2.0.jar:/Users/anhthehoang/.m2/repository/io/cucumber/query/12.2.0/query-12.2.0.jar:/Users/anhthehoang/.m2/repository/io/cucumber/tag-expressions/6.1.0/tag-expressions-6.1.0.jar:/Users/anhthehoang/.m2/repository/io/cucumber/cucumber-expressions/17.1.0/cucumber-expressions-17.1.0.jar:/Users/anhthehoang/.m2/repository/io/cucumber/datatable/7.20.0/datatable-7.20.0.jar:/Users/anhthehoang/.m2/repository/io/cucumber/cucumber-plugin/7.20.0/cucumber-plugin-7.20.0.jar:/Users/anhthehoang/.m2/repository/io/cucumber/docstring/7.20.0/docstring-7.20.0.jar:/Users/anhthehoang/.m2/repository/io/cucumber/html-formatter/21.7.0/html-formatter-21.7.0.jar:/Users/anhthehoang/.m2/repository/io/cucumber/junit-xml-formatter/0.5.0/junit-xml-formatter-0.5.0.jar:/Users/anhthehoang/.m2/repository/io/cucumber/ci-environment/10.0.1/ci-environment-10.0.1.jar:/Users/anhthehoang/.m2/repository/org/apiguardian/apiguardian-api/1.1.2/apiguardian-api-1.1.2.jar:/Users/anhthehoang/.m2/repository/io/cucumber/cucumber-junit/7.20.0/cucumber-junit-7.20.0.jar:/Users/anhthehoang/.m2/repository/log4j/log4j/1.2.17/log4j-1.2.17.jar:/Users/anhthehoang/.m2/repository/io/rest-assured/rest-assured/4.3.3/rest-assured-4.3.3.jar:/Users/anhthehoang/.m2/repository/org/codehaus/groovy/groovy/3.0.7/groovy-3.0.7.jar:/Users/anhthehoang/.m2/repository/org/codehaus/groovy/groovy-xml/3.0.7/groovy-xml-3.0.7.jar:/Users/anhthehoang/.m2/repository/org/apache/httpcomponents/httpclient/4.5.3/httpclient-4.5.3.jar:/Users/anhthehoang/.m2/repository/org/apache/httpcomponents/httpcore/4.4.6/httpcore-4.4.6.jar:/Users/anhthehoang/.m2/repository/commons-logging/commons-logging/1.2/commons-logging-1.2.jar:/Users/anhthehoang/.m2/repository/commons-codec/commons-codec/1.9/commons-codec-1.9.jar:/Users/anhthehoang/.m2/repository/org/apache/httpcomponents/httpmime/4.5.3/httpmime-4.5.3.jar:/Users/anhthehoang/.m2/repository/org/hamcrest/hamcrest/2.1/hamcrest-2.1.jar:/Users/anhthehoang/.m2/repository/org/ccil/cowan/tagsoup/tagsoup/1.2.1/tagsoup-1.2.1.jar:/Users/anhthehoang/.m2/repository/io/rest-assured/json-path/4.3.3/json-path-4.3.3.jar:/Users/anhthehoang/.m2/repository/org/codehaus/groovy/groovy-json/3.0.7/groovy-json-3.0.7.jar:/Users/anhthehoang/.m2/repository/io/rest-assured/rest-assured-common/4.3.3/rest-assured-common-4.3.3.jar:/Users/anhthehoang/.m2/repository/io/rest-assured/xml-path/4.3.3/xml-path-4.3.3.jar:/Users/anhthehoang/.m2/repository/org/apache/commons/commons-lang3/3.11/commons-lang3-3.11.jar:/Users/anhthehoang/.m2/repository/jakarta/xml/bind/jakarta.xml.bind-api/2.3.3/jakarta.xml.bind-api-2.3.3.jar:/Users/anhthehoang/.m2/repository/jakarta/activation/jakarta.activation-api/1.2.2/jakarta.activation-api-1.2.2.jar:/Users/anhthehoang/.m2/repository/com/sun/xml/bind/jaxb-impl/2.3.3/jaxb-impl-2.3.3.jar:/Users/anhthehoang/.m2/repository/com/fasterxml/jackson/core/jackson-databind/2.15.2/jackson-databind-2.15.2.jar:/Users/anhthehoang/.m2/repository/com/fasterxml/jackson/core/jackson-annotations/2.15.2/jackson-annotations-2.15.2.jar:/Users/anhthehoang/.m2/repository/com/fasterxml/jackson/core/jackson-core/2.15.2/jackson-core-2.15.2.jar:/Users/anhthehoang/.m2/repository/io/cucumber/gherkin/29.0.0/gherkin-29.0.0.jar:/Users/anhthehoang/.m2/repository/io/cucumber/messages/24.1.0/messages-24.1.0.jar:/Users/anhthehoang/.m2/repository/junit/junit/4.13.1/junit-4.13.1.jar:/Users/anhthehoang/.m2/repository/org/hamcrest/hamcrest-core/1.3/hamcrest-core-1.3.jar:/Users/anhthehoang/.m2/repository/org/seleniumhq/selenium/selenium-java/4.25.0/selenium-java-4.25.0.jar:/Users/anhthehoang/.m2/repository/org/seleniumhq/selenium/selenium-api/4.25.0/selenium-api-4.25.0.jar:/Users/anhthehoang/.m2/repository/org/jspecify/jspecify/1.0.0/jspecify-1.0.0.jar:/Users/anhthehoang/.m2/repository/org/seleniumhq/selenium/selenium-chrome-driver/4.25.0/selenium-chrome-driver-4.25.0.jar:/Users/anhthehoang/.m2/repository/com/google/auto/service/auto-service-annotations/1.1.1/auto-service-annotations-1.1.1.jar:/Users/anhthehoang/.m2/repository/org/seleniumhq/selenium/selenium-chromium-driver/4.25.0/selenium-chromium-driver-4.25.0.jar:/Users/anhthehoang/.m2/repository/org/seleniumhq/selenium/selenium-json/4.25.0/selenium-json-4.25.0.jar:/Users/anhthehoang/.m2/repository/org/seleniumhq/selenium/selenium-manager/4.25.0/selenium-manager-4.25.0.jar:/Users/anhthehoang/.m2/repository/org/seleniumhq/selenium/selenium-devtools-v127/4.25.0/selenium-devtools-v127-4.25.0.jar:/Users/anhthehoang/.m2/repository/org/seleniumhq/selenium/selenium-devtools-v128/4.25.0/selenium-devtools-v128-4.25.0.jar:/Users/anhthehoang/.m2/repository/org/seleniumhq/selenium/selenium-devtools-v129/4.25.0/selenium-devtools-v129-4.25.0.jar:/Users/anhthehoang/.m2/repository/org/seleniumhq/selenium/selenium-devtools-v85/4.25.0/selenium-devtools-v85-4.25.0.jar:/Users/anhthehoang/.m2/repository/org/seleniumhq/selenium/selenium-edge-driver/4.25.0/selenium-edge-driver-4.25.0.jar:/Users/anhthehoang/.m2/repository/org/seleniumhq/selenium/selenium-firefox-driver/4.25.0/selenium-firefox-driver-4.25.0.jar:/Users/anhthehoang/.m2/repository/org/seleniumhq/selenium/selenium-http/4.25.0/selenium-http-4.25.0.jar:/Users/anhthehoang/.m2/repository/dev/failsafe/failsafe/3.3.2/failsafe-3.3.2.jar:/Users/anhthehoang/.m2/repository/org/seleniumhq/selenium/selenium-ie-driver/4.25.0/selenium-ie-driver-4.25.0.jar:/Users/anhthehoang/.m2/repository/org/seleniumhq/selenium/selenium-remote-driver/4.25.0/selenium-remote-driver-4.25.0.jar:/Users/anhthehoang/.m2/repository/com/google/guava/guava/33.3.0-jre/guava-33.3.0-jre.jar:/Users/anhthehoang/.m2/repository/com/google/guava/failureaccess/1.0.2/failureaccess-1.0.2.jar:/Users/anhthehoang/.m2/repository/com/google/guava/listenablefuture/9999.0-empty-to-avoid-conflict-with-guava/listenablefuture-9999.0-empty-to-avoid-conflict-with-guava.jar:/Users/anhthehoang/.m2/repository/com/google/code/findbugs/jsr305/3.0.2/jsr305-3.0.2.jar:/Users/anhthehoang/.m2/repository/org/checkerframework/checker-qual/3.43.0/checker-qual-3.43.0.jar:/Users/anhthehoang/.m2/repository/com/google/errorprone/error_prone_annotations/2.28.0/error_prone_annotations-2.28.0.jar:/Users/anhthehoang/.m2/repository/com/google/j2objc/j2objc-annotations/3.0.0/j2objc-annotations-3.0.0.jar:/Users/anhthehoang/.m2/repository/io/opentelemetry/semconv/opentelemetry-semconv/1.25.0-alpha/opentelemetry-semconv-1.25.0-alpha.jar:/Users/anhthehoang/.m2/repository/io/opentelemetry/opentelemetry-api/1.42.1/opentelemetry-api-1.42.1.jar:/Users/anhthehoang/.m2/repository/io/opentelemetry/opentelemetry-context/1.42.1/opentelemetry-context-1.42.1.jar:/Users/anhthehoang/.m2/repository/io/opentelemetry/opentelemetry-exporter-logging/1.42.1/opentelemetry-exporter-logging-1.42.1.jar:/Users/anhthehoang/.m2/repository/io/opentelemetry/opentelemetry-sdk-common/1.42.1/opentelemetry-sdk-common-1.42.1.jar:/Users/anhthehoang/.m2/repository/io/opentelemetry/opentelemetry-sdk-extension-autoconfigure-spi/1.42.1/opentelemetry-sdk-extension-autoconfigure-spi-1.42.1.jar:/Users/anhthehoang/.m2/repository/io/opentelemetry/opentelemetry-sdk-extension-autoconfigure/1.42.1/opentelemetry-sdk-extension-autoconfigure-1.42.1.jar:/Users/anhthehoang/.m2/repository/io/opentelemetry/opentelemetry-api-incubator/1.42.1-alpha/opentelemetry-api-incubator-1.42.1-alpha.jar:/Users/anhthehoang/.m2/repository/io/opentelemetry/opentelemetry-sdk-trace/1.42.1/opentelemetry-sdk-trace-1.42.1.jar:/Users/anhthehoang/.m2/repository/io/opentelemetry/opentelemetry-sdk/1.42.1/opentelemetry-sdk-1.42.1.jar:/Users/anhthehoang/.m2/repository/io/opentelemetry/opentelemetry-sdk-metrics/1.42.1/opentelemetry-sdk-metrics-1.42.1.jar:/Users/anhthehoang/.m2/repository/io/opentelemetry/opentelemetry-sdk-logs/1.42.1/opentelemetry-sdk-logs-1.42.1.jar:/Users/anhthehoang/.m2/repository/net/bytebuddy/byte-buddy/1.15.1/byte-buddy-1.15.1.jar:/Users/anhthehoang/.m2/repository/org/seleniumhq/selenium/selenium-os/4.25.0/selenium-os-4.25.0.jar:/Users/anhthehoang/.m2/repository/org/apache/commons/commons-exec/1.4.0/commons-exec-1.4.0.jar:/Users/anhthehoang/.m2/repository/org/seleniumhq/selenium/selenium-safari-driver/4.25.0/selenium-safari-driver-4.25.0.jar:/Users/anhthehoang/.m2/repository/org/seleniumhq/selenium/selenium-support/4.25.0/selenium-support-4.25.0.jar:/Users/anhthehoang/.m2/repository/io/cucumber/cucumber-picocontainer/7.20.0/cucumber-picocontainer-7.20.0.jar:/Users/anhthehoang/.m2/repository/org/picocontainer/picocontainer/2.15/picocontainer-2.15.jar:"/>
    <property name="sun.cpu.endian" value="little"/>
    <property name="user.home" value="/Users/anhthehoang"/>
    <property name="user.language" value="en"/>
    <property name="java.specification.vendor" value="Oracle Corporation"/>
    <property name="java.version.date" value="2025-07-15"/>
    <property name="java.home" value="/opt/homebrew/Cellar/openjdk/24.0.2/libexec/openjdk.jdk/Contents/Home"/>
    <property name="file.separator" value="/"/>
    <property name="basedir" value="/Users/anhthehoang/Desktop/learning-code/BDDCucumber/BDDCucumberTesting"/>
    <property name="java.vm.compressedOopsMode" value="Zero based"/>
    <property name="line.separator" value="&#10;"/>
    <property name="java.vm.specification.vendor" value="Oracle Corporation"/>
    <property name="java.specification.name" value="Java Platform API Specification"/>
    <property name="apple.awt.application.name" value="ForkedBooter"/>
    <property name="surefire.real.class.path" value="/Users/anhthehoang/Desktop/learning-code/BDDCucumber/BDDCucumberTesting/target/surefire/surefirebooter-20250902162312643_3.jar"/>
    <property name="sun.management.compiler" value="HotSpot 64-Bit Tiered Compilers"/>
    <property name="ftp.nonProxyHosts" value="local|*.local|169.254/16|*.169.254/16"/>
    <property name="java.runtime.version" value="24.0.2"/>
    <property name="user.name" value="anhthehoang"/>
    <property name="stdout.encoding" value="UTF-8"/>
    <property name="path.separator" value=":"/>
    <property name="os.version" value="15.6.1"/>
    <property name="java.runtime.name" value="OpenJDK Runtime Environment"/>
    <property name="file.encoding" value="UTF-8"/>
    <property name="java.vm.name" value="OpenJDK 64-Bit Server VM"/>
    <property name="java.vendor.version" value="Homebrew"/>
    <property name="localRepository" value="/Users/anhthehoang/.m2/repository"/>
    <property name="java.vendor.url.bug" value="https://github.com/Homebrew/homebrew-core/issues"/>
    <property name="java.io.tmpdir" value="/var/folders/p1/3nly4ds12x35l38plkq_t3qc0000gn/T/"/>
    <property name="java.version" value="24.0.2"/>
    <property name="user.dir" value="/Users/anhthehoang/Desktop/learning-code/BDDCucumber/BDDCucumberTesting"/>
    <property name="os.arch" value="aarch64"/>
    <property name="java.vm.specification.name" value="Java Virtual Machine Specification"/>
    <property name="native.encoding" value="UTF-8"/>
    <property name="java.library.path" value="/Users/anhthehoang/Library/Java/Extensions:/Library/Java/Extensions:/Network/Library/Java/Extensions:/System/Library/Java/Extensions:/usr/lib/java:."/>
    <property name="java.vm.info" value="mixed mode, sharing"/>
    <property name="stderr.encoding" value="UTF-8"/>
    <property name="java.vendor" value="Homebrew"/>
    <property name="java.vm.version" value="24.0.2"/>
    <property name="sun.io.unicode.encoding" value="UnicodeBig"/>
    <property name="socksNonProxyHosts" value="local|*.local|169.254/16|*.169.254/16"/>
    <property name="java.class.version" value="68.0"/>
  </properties>
  <testcase name="GET - Retrieve authenticated user information" classname="GitHub REST API Testing" time="1.162">
    <system-out><![CDATA[
Scenario: GET - Retrieve authenticated user information &amp#27;[90m# src/test/resources/Features/Login.feature:7&amp#27;[0m
Setting up GitHub API authentication
  &amp#27;[32mGiven &amp#27;[0m&amp#27;[32mI have a valid GitHub API token&amp#27;[0m                 &amp#27;[90m# StepDefinitions.GitHubAPISteps.i_have_a_valid_github_api_token()&amp#27;[0m
Base URI set to: https://api.github.com
  &amp#27;[32mAnd &amp#27;[0m&amp#27;[32mI set the base URI to "&amp#27;[0m&amp#27;[32m&amp#27;[1mhttps://api.github.com&amp#27;[0m&amp#27;[32m"&amp#27;[0m    &amp#27;[90m# StepDefinitions.GitHubAPISteps.i_set_the_base_uri_to(java.lang.String)&amp#27;[0m
GET request sent to: /user
Response status: 200
  &amp#27;[32mWhen &amp#27;[0m&amp#27;[32mI send a GET request to "&amp#27;[0m&amp#27;[32m&amp#27;[1m/user&amp#27;[0m&amp#27;[32m"&amp#27;[0m                  &amp#27;[90m# StepDefinitions.GitHubAPISteps.i_send_a_get_request_to(java.lang.String)&amp#27;[0m
Verified status code: 200
  &amp#27;[32mThen &amp#27;[0m&amp#27;[32mthe response status code should be &amp#27;[0m&amp#27;[32m&amp#27;[1m200&amp#27;[0m           &amp#27;[90m# StepDefinitions.GitHubAPISteps.the_response_status_code_should_be(int)&amp#27;[0m
Verified response contains user information
  &amp#27;[32mAnd &amp#27;[0m&amp#27;[32mthe response should contain user information&amp#27;[0m      &amp#27;[90m# StepDefinitions.GitHubAPISteps.the_response_should_contain_user_information()&amp#27;[0m
Verified field exists: login
  &amp#27;[32mAnd &amp#27;[0m&amp#27;[32mthe response should have "&amp#27;[0m&amp#27;[32m&amp#27;[1mlogin&amp#27;[0m&amp#27;[32m" field&amp#27;[0m            &amp#27;[90m# StepDefinitions.GitHubAPISteps.the_response_should_have_field(java.lang.String)&amp#27;[0m
Verified field exists: id
  &amp#27;[32mAnd &amp#27;[0m&amp#27;[32mthe response should have "&amp#27;[0m&amp#27;[32m&amp#27;[1mid&amp#27;[0m&amp#27;[32m" field&amp#27;[0m               &amp#27;[90m# StepDefinitions.GitHubAPISteps.the_response_should_have_field(java.lang.String)&amp#27;[0m
]]></system-out>
    <system-err><![CDATA[log4j:WARN No appenders could be found for logger (org.apache.http.impl.conn.BasicClientConnectionManager).
log4j:WARN Please initialize the log4j system properly.
log4j:WARN See http://logging.apache.org/log4j/1.2/faq.html#noconfig for more info.
]]></system-err>
  </testcase>
  <testcase name="GET - Retrieve a specific repository" classname="GitHub REST API Testing" time="0.221">
    <failure message="1 expectation failed.&#10;Expected status code &lt;200&gt; but was &lt;404&gt;.&#10;" type="java.lang.AssertionError"><![CDATA[java.lang.AssertionError: 
1 expectation failed.
Expected status code <200> but was <404>.

	at java.base/jdk.internal.reflect.DirectConstructorHandleAccessor.newInstance(DirectConstructorHandleAccessor.java:62)
	at java.base/java.lang.reflect.Constructor.newInstanceWithCaller(Constructor.java:499)
	at java.base/java.lang.reflect.Constructor.newInstance(Constructor.java:483)
	at org.codehaus.groovy.reflection.CachedConstructor.invoke(CachedConstructor.java:72)
	at org.codehaus.groovy.runtime.callsite.ConstructorSite$ConstructorSiteNoUnwrapNoCoerce.callConstructor(ConstructorSite.java:105)
	at org.codehaus.groovy.runtime.callsite.CallSiteArray.defaultCallConstructor(CallSiteArray.java:59)
	at org.codehaus.groovy.runtime.callsite.AbstractCallSite.callConstructor(AbstractCallSite.java:263)
	at org.codehaus.groovy.runtime.callsite.AbstractCallSite.callConstructor(AbstractCallSite.java:277)
	at io.restassured.internal.ResponseSpecificationImpl$HamcrestAssertionClosure.validate(ResponseSpecificationImpl.groovy:493)
	at io.restassured.internal.ResponseSpecificationImpl$HamcrestAssertionClosure$validate$1.call(Unknown Source)
	at io.restassured.internal.ResponseSpecificationImpl.validateResponseIfRequired(ResponseSpecificationImpl.groovy:674)
	at java.base/jdk.internal.reflect.DirectMethodHandleAccessor.invoke(DirectMethodHandleAccessor.java:104)
	at java.base/java.lang.reflect.Method.invoke(Method.java:565)
	at org.codehaus.groovy.runtime.callsite.PlainObjectMetaMethodSite.doInvoke(PlainObjectMetaMethodSite.java:43)
	at org.codehaus.groovy.runtime.callsite.PogoMetaMethodSite$PogoCachedMethodSiteNoUnwrapNoCoerce.invoke(PogoMetaMethodSite.java:193)
	at org.codehaus.groovy.runtime.callsite.PogoMetaMethodSite.callCurrent(PogoMetaMethodSite.java:61)
	at org.codehaus.groovy.runtime.callsite.AbstractCallSite.callCurrent(AbstractCallSite.java:185)
	at io.restassured.internal.ResponseSpecificationImpl.statusCode(ResponseSpecificationImpl.groovy:126)
	at io.restassured.specification.ResponseSpecification$statusCode$0.callCurrent(Unknown Source)
	at io.restassured.internal.ResponseSpecificationImpl.statusCode(ResponseSpecificationImpl.groovy:134)
	at io.restassured.internal.ValidatableResponseOptionsImpl.statusCode(ValidatableResponseOptionsImpl.java:89)
	at io.restassured.internal.ValidatableResponseImpl.super$2$statusCode(ValidatableResponseImpl.groovy)
	at java.base/jdk.internal.reflect.DirectMethodHandleAccessor.invoke(DirectMethodHandleAccessor.java:104)
	at java.base/java.lang.reflect.Method.invoke(Method.java:565)
	at org.codehaus.groovy.reflection.CachedMethod.invoke(CachedMethod.java:107)
	at groovy.lang.MetaMethod.doMethodInvoke(MetaMethod.java:323)
	at groovy.lang.MetaClassImpl.invokeMethod(MetaClassImpl.java:1268)
	at org.codehaus.groovy.runtime.ScriptBytecodeAdapter.invokeMethodOnSuperN(ScriptBytecodeAdapter.java:144)
	at io.restassured.internal.ValidatableResponseImpl.statusCode(ValidatableResponseImpl.groovy:142)
	at io.restassured.internal.ValidatableResponseImpl.statusCode(ValidatableResponseImpl.groovy)
	at StepDefinitions.GitHubAPISteps.the_response_status_code_should_be(GitHubAPISteps.java:102)
	at ✽.the response status code should be 200(file:///Users/anhthehoang/Desktop/learning-code/BDDCucumber/BDDCucumberTesting/src/test/resources/Features/Login.feature:17)
]]></failure>
    <system-out><![CDATA[
Scenario: GET - Retrieve a specific repository                       &amp#27;[90m# src/test/resources/Features/Login.feature:14&amp#27;[0m
Setting up GitHub API authentication
  &amp#27;[32mGiven &amp#27;[0m&amp#27;[32mI have a valid GitHub API token&amp#27;[0m                              &amp#27;[90m# StepDefinitions.GitHubAPISteps.i_have_a_valid_github_api_token()&amp#27;[0m
Base URI set to: https://api.github.com
  &amp#27;[32mAnd &amp#27;[0m&amp#27;[32mI set the base URI to "&amp#27;[0m&amp#27;[32m&amp#27;[1mhttps://api.github.com&amp#27;[0m&amp#27;[32m"&amp#27;[0m                 &amp#27;[90m# StepDefinitions.GitHubAPISteps.i_set_the_base_uri_to(java.lang.String)&amp#27;[0m
Repository set to: anhhoangt/BDDCucumber
  &amp#27;[32mGiven &amp#27;[0m&amp#27;[32mI have a repository "&amp#27;[0m&amp#27;[32m&amp#27;[1manhhoangt/BDDCucumber&amp#27;[0m&amp#27;[32m"&amp#27;[0m                  &amp#27;[90m# StepDefinitions.GitHubAPISteps.i_have_a_repository(java.lang.String)&amp#27;[0m
GET request sent to: /repos/anhhoangt/BDDCucumber
Response status: 404
  &amp#27;[32mWhen &amp#27;[0m&amp#27;[32mI send a GET request to "&amp#27;[0m&amp#27;[32m&amp#27;[1m/repos/anhhoangt/BDDCucumber&amp#27;[0m&amp#27;[32m"&amp#27;[0m        &amp#27;[90m# StepDefinitions.GitHubAPISteps.i_send_a_get_request_to(java.lang.String)&amp#27;[0m
  &amp#27;[31mThen &amp#27;[0m&amp#27;[31mthe response status code should be &amp#27;[0m&amp#27;[31m&amp#27;[1m200&amp#27;[0m                        &amp#27;[90m# StepDefinitions.GitHubAPISteps.the_response_status_code_should_be(int)&amp#27;[0m
      &amp#27;[31mjava.lang.AssertionError: 1 expectation failed.
Expected status code <200> but was <404>.

	at java.base/jdk.internal.reflect.DirectConstructorHandleAccessor.newInstance(DirectConstructorHandleAccessor.java:62)
	at java.base/java.lang.reflect.Constructor.newInstanceWithCaller(Constructor.java:499)
	at java.base/java.lang.reflect.Constructor.newInstance(Constructor.java:483)
	at org.codehaus.groovy.reflection.CachedConstructor.invoke(CachedConstructor.java:72)
	at org.codehaus.groovy.runtime.callsite.ConstructorSite$ConstructorSiteNoUnwrapNoCoerce.callConstructor(ConstructorSite.java:105)
	at org.codehaus.groovy.runtime.callsite.CallSiteArray.defaultCallConstructor(CallSiteArray.java:59)
	at org.codehaus.groovy.runtime.callsite.AbstractCallSite.callConstructor(AbstractCallSite.java:263)
	at org.codehaus.groovy.runtime.callsite.AbstractCallSite.callConstructor(AbstractCallSite.java:277)
	at io.restassured.internal.ResponseSpecificationImpl$HamcrestAssertionClosure.validate(ResponseSpecificationImpl.groovy:493)
	at io.restassured.internal.ResponseSpecificationImpl$HamcrestAssertionClosure$validate$1.call(Unknown Source)
	at io.restassured.internal.ResponseSpecificationImpl.validateResponseIfRequired(ResponseSpecificationImpl.groovy:674)
	at java.base/jdk.internal.reflect.DirectMethodHandleAccessor.invoke(DirectMethodHandleAccessor.java:104)
	at java.base/java.lang.reflect.Method.invoke(Method.java:565)
	at org.codehaus.groovy.runtime.callsite.PlainObjectMetaMethodSite.doInvoke(PlainObjectMetaMethodSite.java:43)
	at org.codehaus.groovy.runtime.callsite.PogoMetaMethodSite$PogoCachedMethodSiteNoUnwrapNoCoerce.invoke(PogoMetaMethodSite.java:193)
	at org.codehaus.groovy.runtime.callsite.PogoMetaMethodSite.callCurrent(PogoMetaMethodSite.java:61)
	at org.codehaus.groovy.runtime.callsite.AbstractCallSite.callCurrent(AbstractCallSite.java:185)
	at io.restassured.internal.ResponseSpecificationImpl.statusCode(ResponseSpecificationImpl.groovy:126)
	at io.restassured.specification.ResponseSpecification$statusCode$0.callCurrent(Unknown Source)
	at io.restassured.internal.ResponseSpecificationImpl.statusCode(ResponseSpecificationImpl.groovy:134)
	at io.restassured.internal.ValidatableResponseOptionsImpl.statusCode(ValidatableResponseOptionsImpl.java:89)
	at io.restassured.internal.ValidatableResponseImpl.super$2$statusCode(ValidatableResponseImpl.groovy)
	at java.base/jdk.internal.reflect.DirectMethodHandleAccessor.invoke(DirectMethodHandleAccessor.java:104)
	at java.base/java.lang.reflect.Method.invoke(Method.java:565)
	at org.codehaus.groovy.reflection.CachedMethod.invoke(CachedMethod.java:107)
	at groovy.lang.MetaMethod.doMethodInvoke(MetaMethod.java:323)
	at groovy.lang.MetaClassImpl.invokeMethod(MetaClassImpl.java:1268)
	at org.codehaus.groovy.runtime.ScriptBytecodeAdapter.invokeMethodOnSuperN(ScriptBytecodeAdapter.java:144)
	at io.restassured.internal.ValidatableResponseImpl.statusCode(ValidatableResponseImpl.groovy:142)
	at io.restassured.internal.ValidatableResponseImpl.statusCode(ValidatableResponseImpl.groovy)
	at StepDefinitions.GitHubAPISteps.the_response_status_code_should_be(GitHubAPISteps.java:102)
	at ✽.the response status code should be 200(file:///Users/anhthehoang/Desktop/learning-code/BDDCucumber/BDDCucumberTesting/src/test/resources/Features/Login.feature:17)
&amp#27;[0m
  &amp#27;[36mAnd &amp#27;[0m&amp#27;[36mthe response should contain repository information&amp#27;[0m             &amp#27;[90m# StepDefinitions.GitHubAPISteps.the_response_should_contain_repository_information()&amp#27;[0m
  &amp#27;[36mAnd &amp#27;[0m&amp#27;[36mthe response should have "&amp#27;[0m&amp#27;[36m&amp#27;[1mname&amp#27;[0m&amp#27;[36m" field with value "&amp#27;[0m&amp#27;[36m&amp#27;[1mBDDCucumber&amp#27;[0m&amp#27;[36m"&amp#27;[0m &amp#27;[90m# StepDefinitions.GitHubAPISteps.the_response_should_have_field_with_value(java.lang.String,java.lang.String)&amp#27;[0m
  &amp#27;[36mAnd &amp#27;[0m&amp#27;[36mthe response should have "&amp#27;[0m&amp#27;[36m&amp#27;[1mowner&amp#27;[0m&amp#27;[36m" field&amp#27;[0m                         &amp#27;[90m# StepDefinitions.GitHubAPISteps.the_response_should_have_field(java.lang.String)&amp#27;[0m
]]></system-out>
  </testcase>
  <testcase name="GET - Retrieve non-existent repository" classname="GitHub REST API Testing" time="0.233">
    <system-out><![CDATA[
Scenario: GET - Retrieve non-existent repository               &amp#27;[90m# src/test/resources/Features/Login.feature:22&amp#27;[0m
Setting up GitHub API authentication
  &amp#27;[32mGiven &amp#27;[0m&amp#27;[32mI have a valid GitHub API token&amp#27;[0m                        &amp#27;[90m# StepDefinitions.GitHubAPISteps.i_have_a_valid_github_api_token()&amp#27;[0m
Base URI set to: https://api.github.com
  &amp#27;[32mAnd &amp#27;[0m&amp#27;[32mI set the base URI to "&amp#27;[0m&amp#27;[32m&amp#27;[1mhttps://api.github.com&amp#27;[0m&amp#27;[32m"&amp#27;[0m           &amp#27;[90m# StepDefinitions.GitHubAPISteps.i_set_the_base_uri_to(java.lang.String)&amp#27;[0m
GET request sent to: /repos/nonexistent/repository
Response status: 404
  &amp#27;[32mWhen &amp#27;[0m&amp#27;[32mI send a GET request to "&amp#27;[0m&amp#27;[32m&amp#27;[1m/repos/nonexistent/repository&amp#27;[0m&amp#27;[32m"&amp#27;[0m &amp#27;[90m# StepDefinitions.GitHubAPISteps.i_send_a_get_request_to(java.lang.String)&amp#27;[0m
Verified status code: 404
  &amp#27;[32mThen &amp#27;[0m&amp#27;[32mthe response status code should be &amp#27;[0m&amp#27;[32m&amp#27;[1m404&amp#27;[0m                  &amp#27;[90m# StepDefinitions.GitHubAPISteps.the_response_status_code_should_be(int)&amp#27;[0m
Verified response contains error message
  &amp#27;[32mAnd &amp#27;[0m&amp#27;[32mthe response should contain error message&amp#27;[0m                &amp#27;[90m# StepDefinitions.GitHubAPISteps.the_response_should_contain_error_message()&amp#27;[0m
]]></system-out>
  </testcase>
  <testcase name="POST - Create a new repository" classname="GitHub REST API Testing" time="0.33">
    <failure message="1 expectation failed.&#10;Expected status code &lt;201&gt; but was &lt;404&gt;.&#10;" type="java.lang.AssertionError"><![CDATA[java.lang.AssertionError: 
1 expectation failed.
Expected status code <201> but was <404>.

	at java.base/jdk.internal.reflect.DirectConstructorHandleAccessor.newInstance(DirectConstructorHandleAccessor.java:62)
	at java.base/java.lang.reflect.Constructor.newInstanceWithCaller(Constructor.java:499)
	at java.base/java.lang.reflect.Constructor.newInstance(Constructor.java:483)
	at org.codehaus.groovy.reflection.CachedConstructor.invoke(CachedConstructor.java:72)
	at org.codehaus.groovy.runtime.callsite.ConstructorSite$ConstructorSiteNoUnwrapNoCoerce.callConstructor(ConstructorSite.java:105)
	at org.codehaus.groovy.runtime.callsite.AbstractCallSite.callConstructor(AbstractCallSite.java:277)
	at io.restassured.internal.ResponseSpecificationImpl$HamcrestAssertionClosure.validate(ResponseSpecificationImpl.groovy:493)
	at io.restassured.internal.ResponseSpecificationImpl$HamcrestAssertionClosure$validate$1.call(Unknown Source)
	at io.restassured.internal.ResponseSpecificationImpl.validateResponseIfRequired(ResponseSpecificationImpl.groovy:674)
	at java.base/jdk.internal.reflect.DirectMethodHandleAccessor.invoke(DirectMethodHandleAccessor.java:104)
	at java.base/java.lang.reflect.Method.invoke(Method.java:565)
	at org.codehaus.groovy.runtime.callsite.PlainObjectMetaMethodSite.doInvoke(PlainObjectMetaMethodSite.java:43)
	at org.codehaus.groovy.runtime.callsite.PogoMetaMethodSite$PogoCachedMethodSiteNoUnwrapNoCoerce.invoke(PogoMetaMethodSite.java:193)
	at org.codehaus.groovy.runtime.callsite.PogoMetaMethodSite.callCurrent(PogoMetaMethodSite.java:61)
	at org.codehaus.groovy.runtime.callsite.AbstractCallSite.callCurrent(AbstractCallSite.java:185)
	at io.restassured.internal.ResponseSpecificationImpl.statusCode(ResponseSpecificationImpl.groovy:126)
	at io.restassured.specification.ResponseSpecification$statusCode$0.callCurrent(Unknown Source)
	at io.restassured.internal.ResponseSpecificationImpl.statusCode(ResponseSpecificationImpl.groovy:134)
	at io.restassured.internal.ValidatableResponseOptionsImpl.statusCode(ValidatableResponseOptionsImpl.java:89)
	at io.restassured.internal.ValidatableResponseImpl.super$2$statusCode(ValidatableResponseImpl.groovy)
	at java.base/jdk.internal.reflect.DirectMethodHandleAccessor.invoke(DirectMethodHandleAccessor.java:104)
	at java.base/java.lang.reflect.Method.invoke(Method.java:565)
	at org.codehaus.groovy.reflection.CachedMethod.invoke(CachedMethod.java:107)
	at groovy.lang.MetaMethod.doMethodInvoke(MetaMethod.java:323)
	at groovy.lang.MetaClassImpl.invokeMethod(MetaClassImpl.java:1268)
	at org.codehaus.groovy.runtime.ScriptBytecodeAdapter.invokeMethodOnSuperN(ScriptBytecodeAdapter.java:144)
	at io.restassured.internal.ValidatableResponseImpl.statusCode(ValidatableResponseImpl.groovy:142)
	at io.restassured.internal.ValidatableResponseImpl.statusCode(ValidatableResponseImpl.groovy)
	at StepDefinitions.GitHubAPISteps.the_response_status_code_should_be(GitHubAPISteps.java:102)
	at ✽.the response status code should be 201(file:///Users/anhthehoang/Desktop/learning-code/BDDCucumber/BDDCucumberTesting/src/test/resources/Features/Login.feature:33)
]]></failure>
    <system-out><![CDATA[
Scenario: POST - Create a new repository                                  &amp#27;[90m# src/test/resources/Features/Login.feature:27&amp#27;[0m
Setting up GitHub API authentication
  &amp#27;[32mGiven &amp#27;[0m&amp#27;[32mI have a valid GitHub API token&amp#27;[0m                                   &amp#27;[90m# StepDefinitions.GitHubAPISteps.i_have_a_valid_github_api_token()&amp#27;[0m
Base URI set to: https://api.github.com
  &amp#27;[32mAnd &amp#27;[0m&amp#27;[32mI set the base URI to "&amp#27;[0m&amp#27;[32m&amp#27;[1mhttps://api.github.com&amp#27;[0m&amp#27;[32m"&amp#27;[0m                      &amp#27;[90m# StepDefinitions.GitHubAPISteps.i_set_the_base_uri_to(java.lang.String)&amp#27;[0m
Repository data prepared: {name=test-repo-api, description=Test repository created via API, private=false}
  &amp#27;[32mGiven &amp#27;[0m&amp#27;[32mI have repository data:&amp#27;[0m                                           &amp#27;[90m# StepDefinitions.GitHubAPISteps.i_have_repository_data(io.cucumber.datatable.DataTable)&amp#27;[0m
    | name        | test-repo-api                   |
    | description | Test repository created via API |
    | private     | false                           |
POST request sent to: /user/repos
Response status: 404
  &amp#27;[32mWhen &amp#27;[0m&amp#27;[32mI send a POST request to "&amp#27;[0m&amp#27;[32m&amp#27;[1m/user/repos&amp#27;[0m&amp#27;[32m" with the repository data&amp#27;[0m    &amp#27;[90m# StepDefinitions.GitHubAPISteps.i_send_a_post_request_to_with_repository_data(java.lang.String)&amp#27;[0m
  &amp#27;[31mThen &amp#27;[0m&amp#27;[31mthe response status code should be &amp#27;[0m&amp#27;[31m&amp#27;[1m201&amp#27;[0m                             &amp#27;[90m# StepDefinitions.GitHubAPISteps.the_response_status_code_should_be(int)&amp#27;[0m
      &amp#27;[31mjava.lang.AssertionError: 1 expectation failed.
Expected status code <201> but was <404>.

	at java.base/jdk.internal.reflect.DirectConstructorHandleAccessor.newInstance(DirectConstructorHandleAccessor.java:62)
	at java.base/java.lang.reflect.Constructor.newInstanceWithCaller(Constructor.java:499)
	at java.base/java.lang.reflect.Constructor.newInstance(Constructor.java:483)
	at org.codehaus.groovy.reflection.CachedConstructor.invoke(CachedConstructor.java:72)
	at org.codehaus.groovy.runtime.callsite.ConstructorSite$ConstructorSiteNoUnwrapNoCoerce.callConstructor(ConstructorSite.java:105)
	at org.codehaus.groovy.runtime.callsite.AbstractCallSite.callConstructor(AbstractCallSite.java:277)
	at io.restassured.internal.ResponseSpecificationImpl$HamcrestAssertionClosure.validate(ResponseSpecificationImpl.groovy:493)
	at io.restassured.internal.ResponseSpecificationImpl$HamcrestAssertionClosure$validate$1.call(Unknown Source)
	at io.restassured.internal.ResponseSpecificationImpl.validateResponseIfRequired(ResponseSpecificationImpl.groovy:674)
	at java.base/jdk.internal.reflect.DirectMethodHandleAccessor.invoke(DirectMethodHandleAccessor.java:104)
	at java.base/java.lang.reflect.Method.invoke(Method.java:565)
	at org.codehaus.groovy.runtime.callsite.PlainObjectMetaMethodSite.doInvoke(PlainObjectMetaMethodSite.java:43)
	at org.codehaus.groovy.runtime.callsite.PogoMetaMethodSite$PogoCachedMethodSiteNoUnwrapNoCoerce.invoke(PogoMetaMethodSite.java:193)
	at org.codehaus.groovy.runtime.callsite.PogoMetaMethodSite.callCurrent(PogoMetaMethodSite.java:61)
	at org.codehaus.groovy.runtime.callsite.AbstractCallSite.callCurrent(AbstractCallSite.java:185)
	at io.restassured.internal.ResponseSpecificationImpl.statusCode(ResponseSpecificationImpl.groovy:126)
	at io.restassured.specification.ResponseSpecification$statusCode$0.callCurrent(Unknown Source)
	at io.restassured.internal.ResponseSpecificationImpl.statusCode(ResponseSpecificationImpl.groovy:134)
	at io.restassured.internal.ValidatableResponseOptionsImpl.statusCode(ValidatableResponseOptionsImpl.java:89)
	at io.restassured.internal.ValidatableResponseImpl.super$2$statusCode(ValidatableResponseImpl.groovy)
	at java.base/jdk.internal.reflect.DirectMethodHandleAccessor.invoke(DirectMethodHandleAccessor.java:104)
	at java.base/java.lang.reflect.Method.invoke(Method.java:565)
	at org.codehaus.groovy.reflection.CachedMethod.invoke(CachedMethod.java:107)
	at groovy.lang.MetaMethod.doMethodInvoke(MetaMethod.java:323)
	at groovy.lang.MetaClassImpl.invokeMethod(MetaClassImpl.java:1268)
	at org.codehaus.groovy.runtime.ScriptBytecodeAdapter.invokeMethodOnSuperN(ScriptBytecodeAdapter.java:144)
	at io.restassured.internal.ValidatableResponseImpl.statusCode(ValidatableResponseImpl.groovy:142)
	at io.restassured.internal.ValidatableResponseImpl.statusCode(ValidatableResponseImpl.groovy)
	at StepDefinitions.GitHubAPISteps.the_response_status_code_should_be(GitHubAPISteps.java:102)
	at ✽.the response status code should be 201(file:///Users/anhthehoang/Desktop/learning-code/BDDCucumber/BDDCucumberTesting/src/test/resources/Features/Login.feature:33)
&amp#27;[0m
  &amp#27;[36mAnd &amp#27;[0m&amp#27;[36mthe response should contain "&amp#27;[0m&amp#27;[36m&amp#27;[1mname&amp#27;[0m&amp#27;[36m" field with value "&amp#27;[0m&amp#27;[36m&amp#27;[1mtest-repo-api&amp#27;[0m&amp#27;[36m"&amp#27;[0m &amp#27;[90m# StepDefinitions.GitHubRepositoryAPISteps.the_response_should_contain_field_with_string_value(java.lang.String,java.lang.String)&amp#27;[0m
  &amp#27;[36mAnd &amp#27;[0m&amp#27;[36mthe response should contain "&amp#27;[0m&amp#27;[36m&amp#27;[1mdescription&amp#27;[0m&amp#27;[36m" field&amp#27;[0m                     &amp#27;[90m# StepDefinitions.GitHubAPISteps.the_response_should_contain_field(java.lang.String)&amp#27;[0m
  &amp#27;[36mAnd &amp#27;[0m&amp#27;[36mthe created repository should exist&amp#27;[0m                                 &amp#27;[90m# StepDefinitions.GitHubAPISteps.the_created_repository_should_exist()&amp#27;[0m
]]></system-out>
  </testcase>
  <testcase name="POST - Create repository with invalid data" classname="GitHub REST API Testing" time="0.237">
    <failure message="1 expectation failed.&#10;Expected status code &lt;422&gt; but was &lt;404&gt;.&#10;" type="java.lang.AssertionError"><![CDATA[java.lang.AssertionError: 
1 expectation failed.
Expected status code <422> but was <404>.

	at java.base/jdk.internal.reflect.DirectConstructorHandleAccessor.newInstance(DirectConstructorHandleAccessor.java:62)
	at java.base/java.lang.reflect.Constructor.newInstanceWithCaller(Constructor.java:499)
	at java.base/java.lang.reflect.Constructor.newInstance(Constructor.java:483)
	at org.codehaus.groovy.reflection.CachedConstructor.invoke(CachedConstructor.java:72)
	at org.codehaus.groovy.runtime.callsite.ConstructorSite$ConstructorSiteNoUnwrapNoCoerce.callConstructor(ConstructorSite.java:105)
	at org.codehaus.groovy.runtime.callsite.AbstractCallSite.callConstructor(AbstractCallSite.java:277)
	at io.restassured.internal.ResponseSpecificationImpl$HamcrestAssertionClosure.validate(ResponseSpecificationImpl.groovy:493)
	at io.restassured.internal.ResponseSpecificationImpl$HamcrestAssertionClosure$validate$1.call(Unknown Source)
	at io.restassured.internal.ResponseSpecificationImpl.validateResponseIfRequired(ResponseSpecificationImpl.groovy:674)
	at java.base/jdk.internal.reflect.DirectMethodHandleAccessor.invoke(DirectMethodHandleAccessor.java:104)
	at java.base/java.lang.reflect.Method.invoke(Method.java:565)
	at org.codehaus.groovy.runtime.callsite.PlainObjectMetaMethodSite.doInvoke(PlainObjectMetaMethodSite.java:43)
	at org.codehaus.groovy.runtime.callsite.PogoMetaMethodSite$PogoCachedMethodSiteNoUnwrapNoCoerce.invoke(PogoMetaMethodSite.java:193)
	at org.codehaus.groovy.runtime.callsite.PogoMetaMethodSite.callCurrent(PogoMetaMethodSite.java:61)
	at org.codehaus.groovy.runtime.callsite.AbstractCallSite.callCurrent(AbstractCallSite.java:185)
	at io.restassured.internal.ResponseSpecificationImpl.statusCode(ResponseSpecificationImpl.groovy:126)
	at io.restassured.specification.ResponseSpecification$statusCode$0.callCurrent(Unknown Source)
	at io.restassured.internal.ResponseSpecificationImpl.statusCode(ResponseSpecificationImpl.groovy:134)
	at io.restassured.internal.ValidatableResponseOptionsImpl.statusCode(ValidatableResponseOptionsImpl.java:89)
	at io.restassured.internal.ValidatableResponseImpl.super$2$statusCode(ValidatableResponseImpl.groovy)
	at java.base/jdk.internal.reflect.DirectMethodHandleAccessor.invoke(DirectMethodHandleAccessor.java:104)
	at java.base/java.lang.reflect.Method.invoke(Method.java:565)
	at org.codehaus.groovy.reflection.CachedMethod.invoke(CachedMethod.java:107)
	at groovy.lang.MetaMethod.doMethodInvoke(MetaMethod.java:323)
	at groovy.lang.MetaClassImpl.invokeMethod(MetaClassImpl.java:1268)
	at org.codehaus.groovy.runtime.ScriptBytecodeAdapter.invokeMethodOnSuperN(ScriptBytecodeAdapter.java:144)
	at io.restassured.internal.ValidatableResponseImpl.statusCode(ValidatableResponseImpl.groovy:142)
	at io.restassured.internal.ValidatableResponseImpl.statusCode(ValidatableResponseImpl.groovy)
	at StepDefinitions.GitHubAPISteps.the_response_status_code_should_be(GitHubAPISteps.java:102)
	at ✽.the response status code should be 422(file:///Users/anhthehoang/Desktop/learning-code/BDDCucumber/BDDCucumberTesting/src/test/resources/Features/Login.feature:43)
]]></failure>
    <system-out><![CDATA[
Scenario: POST - Create repository with invalid data                   &amp#27;[90m# src/test/resources/Features/Login.feature:38&amp#27;[0m
Setting up GitHub API authentication
  &amp#27;[32mGiven &amp#27;[0m&amp#27;[32mI have a valid GitHub API token&amp#27;[0m                                &amp#27;[90m# StepDefinitions.GitHubAPISteps.i_have_a_valid_github_api_token()&amp#27;[0m
Base URI set to: https://api.github.com
  &amp#27;[32mAnd &amp#27;[0m&amp#27;[32mI set the base URI to "&amp#27;[0m&amp#27;[32m&amp#27;[1mhttps://api.github.com&amp#27;[0m&amp#27;[32m"&amp#27;[0m                   &amp#27;[90m# StepDefinitions.GitHubAPISteps.i_set_the_base_uri_to(java.lang.String)&amp#27;[0m
Invalid repository data prepared: {name=null, description=Repository with empty name}
  &amp#27;[32mGiven &amp#27;[0m&amp#27;[32mI have invalid repository data:&amp#27;[0m                                &amp#27;[90m# StepDefinitions.GitHubAPISteps.i_have_invalid_repository_data(io.cucumber.datatable.DataTable)&amp#27;[0m
    | name        | [empty]                    |
    | description | Repository with empty name |
POST request sent to: /user/repos
Response status: 404
  &amp#27;[32mWhen &amp#27;[0m&amp#27;[32mI send a POST request to "&amp#27;[0m&amp#27;[32m&amp#27;[1m/user/repos&amp#27;[0m&amp#27;[32m" with the repository data&amp#27;[0m &amp#27;[90m# StepDefinitions.GitHubAPISteps.i_send_a_post_request_to_with_repository_data(java.lang.String)&amp#27;[0m
  &amp#27;[31mThen &amp#27;[0m&amp#27;[31mthe response status code should be &amp#27;[0m&amp#27;[31m&amp#27;[1m422&amp#27;[0m                          &amp#27;[90m# StepDefinitions.GitHubAPISteps.the_response_status_code_should_be(int)&amp#27;[0m
      &amp#27;[31mjava.lang.AssertionError: 1 expectation failed.
Expected status code <422> but was <404>.

	at java.base/jdk.internal.reflect.DirectConstructorHandleAccessor.newInstance(DirectConstructorHandleAccessor.java:62)
	at java.base/java.lang.reflect.Constructor.newInstanceWithCaller(Constructor.java:499)
	at java.base/java.lang.reflect.Constructor.newInstance(Constructor.java:483)
	at org.codehaus.groovy.reflection.CachedConstructor.invoke(CachedConstructor.java:72)
	at org.codehaus.groovy.runtime.callsite.ConstructorSite$ConstructorSiteNoUnwrapNoCoerce.callConstructor(ConstructorSite.java:105)
	at org.codehaus.groovy.runtime.callsite.AbstractCallSite.callConstructor(AbstractCallSite.java:277)
	at io.restassured.internal.ResponseSpecificationImpl$HamcrestAssertionClosure.validate(ResponseSpecificationImpl.groovy:493)
	at io.restassured.internal.ResponseSpecificationImpl$HamcrestAssertionClosure$validate$1.call(Unknown Source)
	at io.restassured.internal.ResponseSpecificationImpl.validateResponseIfRequired(ResponseSpecificationImpl.groovy:674)
	at java.base/jdk.internal.reflect.DirectMethodHandleAccessor.invoke(DirectMethodHandleAccessor.java:104)
	at java.base/java.lang.reflect.Method.invoke(Method.java:565)
	at org.codehaus.groovy.runtime.callsite.PlainObjectMetaMethodSite.doInvoke(PlainObjectMetaMethodSite.java:43)
	at org.codehaus.groovy.runtime.callsite.PogoMetaMethodSite$PogoCachedMethodSiteNoUnwrapNoCoerce.invoke(PogoMetaMethodSite.java:193)
	at org.codehaus.groovy.runtime.callsite.PogoMetaMethodSite.callCurrent(PogoMetaMethodSite.java:61)
	at org.codehaus.groovy.runtime.callsite.AbstractCallSite.callCurrent(AbstractCallSite.java:185)
	at io.restassured.internal.ResponseSpecificationImpl.statusCode(ResponseSpecificationImpl.groovy:126)
	at io.restassured.specification.ResponseSpecification$statusCode$0.callCurrent(Unknown Source)
	at io.restassured.internal.ResponseSpecificationImpl.statusCode(ResponseSpecificationImpl.groovy:134)
	at io.restassured.internal.ValidatableResponseOptionsImpl.statusCode(ValidatableResponseOptionsImpl.java:89)
	at io.restassured.internal.ValidatableResponseImpl.super$2$statusCode(ValidatableResponseImpl.groovy)
	at java.base/jdk.internal.reflect.DirectMethodHandleAccessor.invoke(DirectMethodHandleAccessor.java:104)
	at java.base/java.lang.reflect.Method.invoke(Method.java:565)
	at org.codehaus.groovy.reflection.CachedMethod.invoke(CachedMethod.java:107)
	at groovy.lang.MetaMethod.doMethodInvoke(MetaMethod.java:323)
	at groovy.lang.MetaClassImpl.invokeMethod(MetaClassImpl.java:1268)
	at org.codehaus.groovy.runtime.ScriptBytecodeAdapter.invokeMethodOnSuperN(ScriptBytecodeAdapter.java:144)
	at io.restassured.internal.ValidatableResponseImpl.statusCode(ValidatableResponseImpl.groovy:142)
	at io.restassured.internal.ValidatableResponseImpl.statusCode(ValidatableResponseImpl.groovy)
	at StepDefinitions.GitHubAPISteps.the_response_status_code_should_be(GitHubAPISteps.java:102)
	at ✽.the response status code should be 422(file:///Users/anhthehoang/Desktop/learning-code/BDDCucumber/BDDCucumberTesting/src/test/resources/Features/Login.feature:43)
&amp#27;[0m
  &amp#27;[36mAnd &amp#27;[0m&amp#27;[36mthe response should contain validation errors&amp#27;[0m                    &amp#27;[90m# StepDefinitions.GitHubAPISteps.the_response_should_contain_validation_errors()&amp#27;[0m
]]></system-out>
  </testcase>
  <testcase name="PATCH - Update repository information" classname="GitHub REST API Testing" time="0.004">
    <error message="Cannot invoke &quot;java.lang.CharSequence.toString()&quot; because &quot;replacement&quot; is null" type="java.lang.NullPointerException"><![CDATA[java.lang.NullPointerException: Cannot invoke "java.lang.CharSequence.toString()" because "replacement" is null
	at java.base/java.lang.String.replace(String.java:3164)
	at StepDefinitions.GitHubAPISteps.i_send_a_patch_request_to_with_update_data(GitHubAPISteps.java:73)
	at ✽.I send a PATCH request to "/repos/{owner}/test-repo-api" with the update data(file:///Users/anhthehoang/Desktop/learning-code/BDDCucumber/BDDCucumberTesting/src/test/resources/Features/Login.feature:51)
]]></error>
    <system-out><![CDATA[
Scenario: PATCH - Update repository information                                                &amp#27;[90m# src/test/resources/Features/Login.feature:46&amp#27;[0m
Setting up GitHub API authentication
  &amp#27;[32mGiven &amp#27;[0m&amp#27;[32mI have a valid GitHub API token&amp#27;[0m                                                        &amp#27;[90m# StepDefinitions.GitHubAPISteps.i_have_a_valid_github_api_token()&amp#27;[0m
Base URI set to: https://api.github.com
  &amp#27;[32mAnd &amp#27;[0m&amp#27;[32mI set the base URI to "&amp#27;[0m&amp#27;[32m&amp#27;[1mhttps://api.github.com&amp#27;[0m&amp#27;[32m"&amp#27;[0m                                           &amp#27;[90m# StepDefinitions.GitHubAPISteps.i_set_the_base_uri_to(java.lang.String)&amp#27;[0m
Using existing repository: test-repo-api
  &amp#27;[32mGiven &amp#27;[0m&amp#27;[32mI have an existing repository "&amp#27;[0m&amp#27;[32m&amp#27;[1mtest-repo-api&amp#27;[0m&amp#27;[32m"&amp#27;[0m                                          &amp#27;[90m# StepDefinitions.GitHubAPISteps.i_have_an_existing_repository(java.lang.String)&amp#27;[0m
Update data prepared: {description=Updated description via API, private=true}
  &amp#27;[32mAnd &amp#27;[0m&amp#27;[32mI have update data:&amp#27;[0m                                                                      &amp#27;[90m# StepDefinitions.GitHubAPISteps.i_have_update_data(io.cucumber.datatable.DataTable)&amp#27;[0m
    | description | Updated description via API |
    | private     | true                        |
  &amp#27;[31mWhen &amp#27;[0m&amp#27;[31mI send a PATCH request to "&amp#27;[0m&amp#27;[31m&amp#27;[1m/repos/{owner}/test-repo-api&amp#27;[0m&amp#27;[31m" with the update data&amp#27;[0m           &amp#27;[90m# StepDefinitions.GitHubAPISteps.i_send_a_patch_request_to_with_update_data(java.lang.String)&amp#27;[0m
      &amp#27;[31mjava.lang.NullPointerException: Cannot invoke "java.lang.CharSequence.toString()" because "replacement" is null
	at java.base/java.lang.String.replace(String.java:3164)
	at StepDefinitions.GitHubAPISteps.i_send_a_patch_request_to_with_update_data(GitHubAPISteps.java:73)
	at ✽.I send a PATCH request to "/repos/{owner}/test-repo-api" with the update data(file:///Users/anhthehoang/Desktop/learning-code/BDDCucumber/BDDCucumberTesting/src/test/resources/Features/Login.feature:51)
&amp#27;[0m
  &amp#27;[36mThen &amp#27;[0m&amp#27;[36mthe response status code should be &amp#27;[0m&amp#27;[36m&amp#27;[1m200&amp#27;[0m                                                  &amp#27;[90m# StepDefinitions.GitHubAPISteps.the_response_status_code_should_be(int)&amp#27;[0m
  &amp#27;[36mAnd &amp#27;[0m&amp#27;[36mthe response should contain "&amp#27;[0m&amp#27;[36m&amp#27;[1mdescription&amp#27;[0m&amp#27;[36m" field with value "&amp#27;[0m&amp#27;[36m&amp#27;[1mUpdated description via API&amp#27;[0m&amp#27;[36m"&amp#27;[0m &amp#27;[90m# StepDefinitions.GitHubRepositoryAPISteps.the_response_should_contain_field_with_string_value(java.lang.String,java.lang.String)&amp#27;[0m
  &amp#27;[36mAnd &amp#27;[0m&amp#27;[36mthe response should contain "&amp#27;[0m&amp#27;[36m&amp#27;[1mprivate&amp#27;[0m&amp#27;[36m" field with value "&amp#27;[0m&amp#27;[36m&amp#27;[1mtrue&amp#27;[0m&amp#27;[36m"&amp#27;[0m                            &amp#27;[90m# StepDefinitions.GitHubRepositoryAPISteps.the_response_should_contain_field_with_string_value(java.lang.String,java.lang.String)&amp#27;[0m
]]></system-out>
  </testcase>
  <testcase name="DELETE - Delete a repository" classname="GitHub REST API Testing" time="0.004">
    <error message="Cannot invoke &quot;java.lang.CharSequence.toString()&quot; because &quot;replacement&quot; is null" type="java.lang.NullPointerException"><![CDATA[java.lang.NullPointerException: Cannot invoke "java.lang.CharSequence.toString()" because "replacement" is null
	at java.base/java.lang.String.replace(String.java:3164)
	at StepDefinitions.GitHubAPISteps.i_send_a_delete_request_to(GitHubAPISteps.java:89)
	at ✽.I send a DELETE request to "/repos/{owner}/test-repo-api"(file:///Users/anhthehoang/Desktop/learning-code/BDDCucumber/BDDCucumberTesting/src/test/resources/Features/Login.feature:58)
]]></error>
    <system-out><![CDATA[
Scenario: DELETE - Delete a repository                           &amp#27;[90m# src/test/resources/Features/Login.feature:56&amp#27;[0m
Setting up GitHub API authentication
  &amp#27;[32mGiven &amp#27;[0m&amp#27;[32mI have a valid GitHub API token&amp#27;[0m                          &amp#27;[90m# StepDefinitions.GitHubAPISteps.i_have_a_valid_github_api_token()&amp#27;[0m
Base URI set to: https://api.github.com
  &amp#27;[32mAnd &amp#27;[0m&amp#27;[32mI set the base URI to "&amp#27;[0m&amp#27;[32m&amp#27;[1mhttps://api.github.com&amp#27;[0m&amp#27;[32m"&amp#27;[0m             &amp#27;[90m# StepDefinitions.GitHubAPISteps.i_set_the_base_uri_to(java.lang.String)&amp#27;[0m
Using existing repository: test-repo-api
  &amp#27;[32mGiven &amp#27;[0m&amp#27;[32mI have an existing repository "&amp#27;[0m&amp#27;[32m&amp#27;[1mtest-repo-api&amp#27;[0m&amp#27;[32m"&amp#27;[0m            &amp#27;[90m# StepDefinitions.GitHubAPISteps.i_have_an_existing_repository(java.lang.String)&amp#27;[0m
  &amp#27;[31mWhen &amp#27;[0m&amp#27;[31mI send a DELETE request to "&amp#27;[0m&amp#27;[31m&amp#27;[1m/repos/{owner}/test-repo-api&amp#27;[0m&amp#27;[31m"&amp#27;[0m &amp#27;[90m# StepDefinitions.GitHubAPISteps.i_send_a_delete_request_to(java.lang.String)&amp#27;[0m
      &amp#27;[31mjava.lang.NullPointerException: Cannot invoke "java.lang.CharSequence.toString()" because "replacement" is null
	at java.base/java.lang.String.replace(String.java:3164)
	at StepDefinitions.GitHubAPISteps.i_send_a_delete_request_to(GitHubAPISteps.java:89)
	at ✽.I send a DELETE request to "/repos/{owner}/test-repo-api"(file:///Users/anhthehoang/Desktop/learning-code/BDDCucumber/BDDCucumberTesting/src/test/resources/Features/Login.feature:58)
&amp#27;[0m
  &amp#27;[36mThen &amp#27;[0m&amp#27;[36mthe response status code should be &amp#27;[0m&amp#27;[36m&amp#27;[1m204&amp#27;[0m                    &amp#27;[90m# StepDefinitions.GitHubAPISteps.the_response_status_code_should_be(int)&amp#27;[0m
  &amp#27;[36mAnd &amp#27;[0m&amp#27;[36mthe repository should no longer exist&amp#27;[0m                      &amp#27;[90m# StepDefinitions.GitHubAPISteps.the_repository_should_no_longer_exist()&amp#27;[0m
  &amp#27;[36mWhen &amp#27;[0m&amp#27;[36mI send a GET request to "&amp#27;[0m&amp#27;[36m&amp#27;[1m/repos/{owner}/test-repo-api&amp#27;[0m&amp#27;[36m"&amp#27;[0m    &amp#27;[90m# StepDefinitions.GitHubAPISteps.i_send_a_get_request_to(java.lang.String)&amp#27;[0m
  &amp#27;[36mThen &amp#27;[0m&amp#27;[36mthe response status code should be &amp#27;[0m&amp#27;[36m&amp#27;[1m404&amp#27;[0m                    &amp#27;[90m# StepDefinitions.GitHubAPISteps.the_response_status_code_should_be(int)&amp#27;[0m
]]></system-out>
  </testcase>
  <testcase name="GET - Retrieve repository branches" classname="GitHub Repository Management REST API Testing" time="0.013">
    <error message="Invalid number of path parameters. Expected 1, was 0. Undefined path parameters are: owner." type="java.lang.IllegalArgumentException"><![CDATA[java.lang.IllegalArgumentException: Invalid number of path parameters. Expected 1, was 0. Undefined path parameters are: owner.
	at java.base/jdk.internal.reflect.DirectConstructorHandleAccessor.newInstance(DirectConstructorHandleAccessor.java:62)
	at java.base/java.lang.reflect.Constructor.newInstanceWithCaller(Constructor.java:499)
	at java.base/java.lang.reflect.Constructor.newInstance(Constructor.java:483)
	at org.codehaus.groovy.reflection.CachedConstructor.invoke(CachedConstructor.java:72)
	at org.codehaus.groovy.reflection.CachedConstructor.doConstructorInvoke(CachedConstructor.java:59)
	at org.codehaus.groovy.runtime.callsite.ConstructorSite$ConstructorSiteNoUnwrap.callConstructor(ConstructorSite.java:84)
	at org.codehaus.groovy.runtime.callsite.CallSiteArray.defaultCallConstructor(CallSiteArray.java:59)
	at org.codehaus.groovy.runtime.callsite.AbstractCallSite.callConstructor(AbstractCallSite.java:263)
	at org.codehaus.groovy.runtime.callsite.AbstractCallSite.callConstructor(AbstractCallSite.java:277)
	at io.restassured.internal.RequestSpecificationImpl.assertCorrectNumberOfPathParams(RequestSpecificationImpl.groovy:1248)
	at java.base/jdk.internal.reflect.DirectMethodHandleAccessor.invoke(DirectMethodHandleAccessor.java:104)
	at java.base/java.lang.reflect.Method.invoke(Method.java:565)
	at org.codehaus.groovy.reflection.CachedMethod.invoke(CachedMethod.java:107)
	at groovy.lang.MetaMethod.doMethodInvoke(MetaMethod.java:323)
	at groovy.lang.MetaClassImpl.invokeMethod(MetaClassImpl.java:1268)
	at groovy.lang.MetaClassImpl.invokeMethod(MetaClassImpl.java:1035)
	at groovy.lang.MetaClassImpl.invokeMethod(MetaClassImpl.java:819)
	at groovy.lang.GroovyObject.invokeMethod(GroovyObject.java:39)
	at org.codehaus.groovy.runtime.callsite.PogoInterceptableSite.call(PogoInterceptableSite.java:45)
	at org.codehaus.groovy.runtime.callsite.PogoInterceptableSite.callCurrent(PogoInterceptableSite.java:55)
	at org.codehaus.groovy.runtime.callsite.AbstractCallSite.callCurrent(AbstractCallSite.java:176)
	at io.restassured.internal.RequestSpecificationImpl.sendRequest(RequestSpecificationImpl.groovy:1135)
	at java.base/jdk.internal.reflect.DirectMethodHandleAccessor.invoke(DirectMethodHandleAccessor.java:104)
	at java.base/java.lang.reflect.Method.invoke(Method.java:565)
	at org.codehaus.groovy.reflection.CachedMethod.invoke(CachedMethod.java:107)
	at groovy.lang.MetaMethod.doMethodInvoke(MetaMethod.java:323)
	at groovy.lang.MetaClassImpl.invokeMethod(MetaClassImpl.java:1268)
	at groovy.lang.MetaClassImpl.invokeMethod(MetaClassImpl.java:1035)
	at groovy.lang.MetaClassImpl.invokeMethod(MetaClassImpl.java:819)
	at groovy.lang.GroovyObject.invokeMethod(GroovyObject.java:39)
	at org.codehaus.groovy.runtime.callsite.PogoInterceptableSite.call(PogoInterceptableSite.java:45)
	at org.codehaus.groovy.runtime.callsite.AbstractCallSite.call(AbstractCallSite.java:166)
	at io.restassured.internal.filter.SendRequestFilter.filter(SendRequestFilter.groovy:30)
	at io.restassured.filter.Filter$filter$0.call(Unknown Source)
	at org.codehaus.groovy.runtime.callsite.CallSiteArray.defaultCall(CallSiteArray.java:47)
	at io.restassured.filter.Filter$filter.call(Unknown Source)
	at io.restassured.internal.filter.FilterContextImpl.next(FilterContextImpl.groovy:72)
	at io.restassured.filter.time.TimingFilter.filter(TimingFilter.java:56)
	at io.restassured.filter.Filter$filter.call(Unknown Source)
	at org.codehaus.groovy.runtime.callsite.CallSiteArray.defaultCall(CallSiteArray.java:47)
	at io.restassured.filter.Filter$filter$0.call(Unknown Source)
	at io.restassured.internal.filter.FilterContextImpl.next(FilterContextImpl.groovy:72)
	at io.restassured.filter.FilterContext$next.call(Unknown Source)
	at io.restassured.internal.RequestSpecificationImpl.applyPathParamsAndSendRequest(RequestSpecificationImpl.groovy:1655)
	at java.base/jdk.internal.reflect.DirectMethodHandleAccessor.invoke(DirectMethodHandleAccessor.java:104)
	at java.base/java.lang.reflect.Method.invoke(Method.java:565)
	at org.codehaus.groovy.reflection.CachedMethod.invoke(CachedMethod.java:107)
	at groovy.lang.MetaMethod.doMethodInvoke(MetaMethod.java:323)
	at groovy.lang.MetaClassImpl.invokeMethod(MetaClassImpl.java:1268)
	at groovy.lang.MetaClassImpl.invokeMethod(MetaClassImpl.java:1035)
	at groovy.lang.MetaClassImpl.invokeMethod(MetaClassImpl.java:819)
	at groovy.lang.GroovyObject.invokeMethod(GroovyObject.java:39)
	at org.codehaus.groovy.runtime.callsite.PogoInterceptableSite.call(PogoInterceptableSite.java:45)
	at org.codehaus.groovy.runtime.callsite.PogoInterceptableSite.callCurrent(PogoInterceptableSite.java:55)
	at org.codehaus.groovy.runtime.callsite.AbstractCallSite.callCurrent(AbstractCallSite.java:203)
	at io.restassured.internal.RequestSpecificationImpl.applyPathParamsAndSendRequest(RequestSpecificationImpl.groovy:1661)
	at java.base/jdk.internal.reflect.DirectMethodHandleAccessor.invoke(DirectMethodHandleAccessor.java:104)
	at java.base/java.lang.reflect.Method.invoke(Method.java:565)
	at org.codehaus.groovy.reflection.CachedMethod.invoke(CachedMethod.java:107)
	at groovy.lang.MetaMethod.doMethodInvoke(MetaMethod.java:323)
	at groovy.lang.MetaClassImpl.invokeMethod(MetaClassImpl.java:1268)
	at groovy.lang.MetaClassImpl.invokeMethod(MetaClassImpl.java:1035)
	at groovy.lang.MetaClassImpl.invokeMethod(MetaClassImpl.java:819)
	at groovy.lang.GroovyObject.invokeMethod(GroovyObject.java:39)
	at org.codehaus.groovy.runtime.callsite.PogoInterceptableSite.call(PogoInterceptableSite.java:45)
	at org.codehaus.groovy.runtime.callsite.PogoInterceptableSite.callCurrent(PogoInterceptableSite.java:55)
	at org.codehaus.groovy.runtime.callsite.AbstractCallSite.callCurrent(AbstractCallSite.java:203)
	at io.restassured.internal.RequestSpecificationImpl.get(RequestSpecificationImpl.groovy:171)
	at io.restassured.internal.RequestSpecificationImpl.get(RequestSpecificationImpl.groovy)
	at StepDefinitions.GitHubAPISteps.i_send_a_get_request_to(GitHubAPISteps.java:52)
	at ✽.I send a GET request to "/repos/{owner}/test-repo-api/branches"(file:///Users/anhthehoang/Desktop/learning-code/BDDCucumber/BDDCucumberTesting/src/test/resources/Features/UserProfile.feature:9)
]]></error>
    <system-out><![CDATA[
Scenario: GET - Retrieve repository branches                           &amp#27;[90m# src/test/resources/Features/UserProfile.feature:8&amp#27;[0m
Setting up GitHub API authentication
  &amp#27;[32mGiven &amp#27;[0m&amp#27;[32mI have a valid GitHub API token&amp#27;[0m                                &amp#27;[90m# StepDefinitions.GitHubAPISteps.i_have_a_valid_github_api_token()&amp#27;[0m
Base URI set to: https://api.github.com
  &amp#27;[32mAnd &amp#27;[0m&amp#27;[32mI set the base URI to "&amp#27;[0m&amp#27;[32m&amp#27;[1mhttps://api.github.com&amp#27;[0m&amp#27;[32m"&amp#27;[0m                   &amp#27;[90m# StepDefinitions.GitHubAPISteps.i_set_the_base_uri_to(java.lang.String)&amp#27;[0m
Using test repository: test-repo-api
  &amp#27;[32mAnd &amp#27;[0m&amp#27;[32mI have a test repository "&amp#27;[0m&amp#27;[32m&amp#27;[1mtest-repo-api&amp#27;[0m&amp#27;[32m"&amp#27;[0m                         &amp#27;[90m# StepDefinitions.GitHubIssuesAPISteps.i_have_a_test_repository(java.lang.String)&amp#27;[0m
  &amp#27;[31mWhen &amp#27;[0m&amp#27;[31mI send a GET request to "&amp#27;[0m&amp#27;[31m&amp#27;[1m/repos/{owner}/test-repo-api/branches&amp#27;[0m&amp#27;[31m"&amp#27;[0m &amp#27;[90m# StepDefinitions.GitHubAPISteps.i_send_a_get_request_to(java.lang.String)&amp#27;[0m
      &amp#27;[31mjava.lang.IllegalArgumentException: Invalid number of path parameters. Expected 1, was 0. Undefined path parameters are: owner.
	at java.base/jdk.internal.reflect.DirectConstructorHandleAccessor.newInstance(DirectConstructorHandleAccessor.java:62)
	at java.base/java.lang.reflect.Constructor.newInstanceWithCaller(Constructor.java:499)
	at java.base/java.lang.reflect.Constructor.newInstance(Constructor.java:483)
	at org.codehaus.groovy.reflection.CachedConstructor.invoke(CachedConstructor.java:72)
	at org.codehaus.groovy.reflection.CachedConstructor.doConstructorInvoke(CachedConstructor.java:59)
	at org.codehaus.groovy.runtime.callsite.ConstructorSite$ConstructorSiteNoUnwrap.callConstructor(ConstructorSite.java:84)
	at org.codehaus.groovy.runtime.callsite.CallSiteArray.defaultCallConstructor(CallSiteArray.java:59)
	at org.codehaus.groovy.runtime.callsite.AbstractCallSite.callConstructor(AbstractCallSite.java:263)
	at org.codehaus.groovy.runtime.callsite.AbstractCallSite.callConstructor(AbstractCallSite.java:277)
	at io.restassured.internal.RequestSpecificationImpl.assertCorrectNumberOfPathParams(RequestSpecificationImpl.groovy:1248)
	at java.base/jdk.internal.reflect.DirectMethodHandleAccessor.invoke(DirectMethodHandleAccessor.java:104)
	at java.base/java.lang.reflect.Method.invoke(Method.java:565)
	at org.codehaus.groovy.reflection.CachedMethod.invoke(CachedMethod.java:107)
	at groovy.lang.MetaMethod.doMethodInvoke(MetaMethod.java:323)
	at groovy.lang.MetaClassImpl.invokeMethod(MetaClassImpl.java:1268)
	at groovy.lang.MetaClassImpl.invokeMethod(MetaClassImpl.java:1035)
	at groovy.lang.MetaClassImpl.invokeMethod(MetaClassImpl.java:819)
	at groovy.lang.GroovyObject.invokeMethod(GroovyObject.java:39)
	at org.codehaus.groovy.runtime.callsite.PogoInterceptableSite.call(PogoInterceptableSite.java:45)
	at org.codehaus.groovy.runtime.callsite.PogoInterceptableSite.callCurrent(PogoInterceptableSite.java:55)
	at org.codehaus.groovy.runtime.callsite.AbstractCallSite.callCurrent(AbstractCallSite.java:176)
	at io.restassured.internal.RequestSpecificationImpl.sendRequest(RequestSpecificationImpl.groovy:1135)
	at java.base/jdk.internal.reflect.DirectMethodHandleAccessor.invoke(DirectMethodHandleAccessor.java:104)
	at java.base/java.lang.reflect.Method.invoke(Method.java:565)
	at org.codehaus.groovy.reflection.CachedMethod.invoke(CachedMethod.java:107)
	at groovy.lang.MetaMethod.doMethodInvoke(MetaMethod.java:323)
	at groovy.lang.MetaClassImpl.invokeMethod(MetaClassImpl.java:1268)
	at groovy.lang.MetaClassImpl.invokeMethod(MetaClassImpl.java:1035)
	at groovy.lang.MetaClassImpl.invokeMethod(MetaClassImpl.java:819)
	at groovy.lang.GroovyObject.invokeMethod(GroovyObject.java:39)
	at org.codehaus.groovy.runtime.callsite.PogoInterceptableSite.call(PogoInterceptableSite.java:45)
	at org.codehaus.groovy.runtime.callsite.AbstractCallSite.call(AbstractCallSite.java:166)
	at io.restassured.internal.filter.SendRequestFilter.filter(SendRequestFilter.groovy:30)
	at io.restassured.filter.Filter$filter$0.call(Unknown Source)
	at org.codehaus.groovy.runtime.callsite.CallSiteArray.defaultCall(CallSiteArray.java:47)
	at io.restassured.filter.Filter$filter.call(Unknown Source)
	at io.restassured.internal.filter.FilterContextImpl.next(FilterContextImpl.groovy:72)
	at io.restassured.filter.time.TimingFilter.filter(TimingFilter.java:56)
	at io.restassured.filter.Filter$filter.call(Unknown Source)
	at org.codehaus.groovy.runtime.callsite.CallSiteArray.defaultCall(CallSiteArray.java:47)
	at io.restassured.filter.Filter$filter$0.call(Unknown Source)
	at io.restassured.internal.filter.FilterContextImpl.next(FilterContextImpl.groovy:72)
	at io.restassured.filter.FilterContext$next.call(Unknown Source)
	at io.restassured.internal.RequestSpecificationImpl.applyPathParamsAndSendRequest(RequestSpecificationImpl.groovy:1655)
	at java.base/jdk.internal.reflect.DirectMethodHandleAccessor.invoke(DirectMethodHandleAccessor.java:104)
	at java.base/java.lang.reflect.Method.invoke(Method.java:565)
	at org.codehaus.groovy.reflection.CachedMethod.invoke(CachedMethod.java:107)
	at groovy.lang.MetaMethod.doMethodInvoke(MetaMethod.java:323)
	at groovy.lang.MetaClassImpl.invokeMethod(MetaClassImpl.java:1268)
	at groovy.lang.MetaClassImpl.invokeMethod(MetaClassImpl.java:1035)
	at groovy.lang.MetaClassImpl.invokeMethod(MetaClassImpl.java:819)
	at groovy.lang.GroovyObject.invokeMethod(GroovyObject.java:39)
	at org.codehaus.groovy.runtime.callsite.PogoInterceptableSite.call(PogoInterceptableSite.java:45)
	at org.codehaus.groovy.runtime.callsite.PogoInterceptableSite.callCurrent(PogoInterceptableSite.java:55)
	at org.codehaus.groovy.runtime.callsite.AbstractCallSite.callCurrent(AbstractCallSite.java:203)
	at io.restassured.internal.RequestSpecificationImpl.applyPathParamsAndSendRequest(RequestSpecificationImpl.groovy:1661)
	at java.base/jdk.internal.reflect.DirectMethodHandleAccessor.invoke(DirectMethodHandleAccessor.java:104)
	at java.base/java.lang.reflect.Method.invoke(Method.java:565)
	at org.codehaus.groovy.reflection.CachedMethod.invoke(CachedMethod.java:107)
	at groovy.lang.MetaMethod.doMethodInvoke(MetaMethod.java:323)
	at groovy.lang.MetaClassImpl.invokeMethod(MetaClassImpl.java:1268)
	at groovy.lang.MetaClassImpl.invokeMethod(MetaClassImpl.java:1035)
	at groovy.lang.MetaClassImpl.invokeMethod(MetaClassImpl.java:819)
	at groovy.lang.GroovyObject.invokeMethod(GroovyObject.java:39)
	at org.codehaus.groovy.runtime.callsite.PogoInterceptableSite.call(PogoInterceptableSite.java:45)
	at org.codehaus.groovy.runtime.callsite.PogoInterceptableSite.callCurrent(PogoInterceptableSite.java:55)
	at org.codehaus.groovy.runtime.callsite.AbstractCallSite.callCurrent(AbstractCallSite.java:203)
	at io.restassured.internal.RequestSpecificationImpl.get(RequestSpecificationImpl.groovy:171)
	at io.restassured.internal.RequestSpecificationImpl.get(RequestSpecificationImpl.groovy)
	at StepDefinitions.GitHubAPISteps.i_send_a_get_request_to(GitHubAPISteps.java:52)
	at ✽.I send a GET request to "/repos/{owner}/test-repo-api/branches"(file:///Users/anhthehoang/Desktop/learning-code/BDDCucumber/BDDCucumberTesting/src/test/resources/Features/UserProfile.feature:9)
&amp#27;[0m
  &amp#27;[36mThen &amp#27;[0m&amp#27;[36mthe response status code should be &amp#27;[0m&amp#27;[36m&amp#27;[1m200&amp#27;[0m                          &amp#27;[90m# StepDefinitions.GitHubAPISteps.the_response_status_code_should_be(int)&amp#27;[0m
  &amp#27;[36mAnd &amp#27;[0m&amp#27;[36mthe response should be a JSON array&amp#27;[0m                              &amp#27;[90m# StepDefinitions.GitHubIssuesAPISteps.the_response_should_be_a_json_array()&amp#27;[0m
  &amp#27;[36mAnd &amp#27;[0m&amp#27;[36meach branch should have "&amp#27;[0m&amp#27;[36m&amp#27;[1mname&amp#27;[0m&amp#27;[36m" field&amp#27;[0m                             &amp#27;[90m# StepDefinitions.GitHubRepositoryAPISteps.each_branch_should_have_field(java.lang.String)&amp#27;[0m
  &amp#27;[36mAnd &amp#27;[0m&amp#27;[36meach branch should have "&amp#27;[0m&amp#27;[36m&amp#27;[1mcommit&amp#27;[0m&amp#27;[36m" field&amp#27;[0m                           &amp#27;[90m# StepDefinitions.GitHubRepositoryAPISteps.each_branch_should_have_field(java.lang.String)&amp#27;[0m
  &amp#27;[36mAnd &amp#27;[0m&amp#27;[36mthe response should contain a branch named "&amp#27;[0m&amp#27;[36m&amp#27;[1mmain&amp#27;[0m&amp#27;[36m"&amp#27;[0m                &amp#27;[90m# StepDefinitions.GitHubRepositoryAPISteps.the_response_should_contain_a_branch_named(java.lang.String)&amp#27;[0m
]]></system-out>
  </testcase>
  <testcase name="GET - Retrieve a specific branch" classname="GitHub Repository Management REST API Testing" time="0.006">
    <error message="Invalid number of path parameters. Expected 1, was 0. Undefined path parameters are: owner." type="java.lang.IllegalArgumentException"><![CDATA[java.lang.IllegalArgumentException: Invalid number of path parameters. Expected 1, was 0. Undefined path parameters are: owner.
	at java.base/jdk.internal.reflect.DirectConstructorHandleAccessor.newInstance(DirectConstructorHandleAccessor.java:62)
	at java.base/java.lang.reflect.Constructor.newInstanceWithCaller(Constructor.java:499)
	at java.base/java.lang.reflect.Constructor.newInstance(Constructor.java:483)
	at org.codehaus.groovy.reflection.CachedConstructor.invoke(CachedConstructor.java:72)
	at org.codehaus.groovy.reflection.CachedConstructor.doConstructorInvoke(CachedConstructor.java:59)
	at org.codehaus.groovy.runtime.callsite.ConstructorSite$ConstructorSiteNoUnwrap.callConstructor(ConstructorSite.java:84)
	at org.codehaus.groovy.runtime.callsite.AbstractCallSite.callConstructor(AbstractCallSite.java:277)
	at io.restassured.internal.RequestSpecificationImpl.assertCorrectNumberOfPathParams(RequestSpecificationImpl.groovy:1248)
	at java.base/jdk.internal.reflect.DirectMethodHandleAccessor.invoke(DirectMethodHandleAccessor.java:104)
	at java.base/java.lang.reflect.Method.invoke(Method.java:565)
	at org.codehaus.groovy.reflection.CachedMethod.invoke(CachedMethod.java:107)
	at groovy.lang.MetaMethod.doMethodInvoke(MetaMethod.java:323)
	at groovy.lang.MetaClassImpl.invokeMethod(MetaClassImpl.java:1268)
	at groovy.lang.MetaClassImpl.invokeMethod(MetaClassImpl.java:1035)
	at groovy.lang.MetaClassImpl.invokeMethod(MetaClassImpl.java:819)
	at groovy.lang.GroovyObject.invokeMethod(GroovyObject.java:39)
	at org.codehaus.groovy.runtime.callsite.PogoInterceptableSite.call(PogoInterceptableSite.java:45)
	at org.codehaus.groovy.runtime.callsite.PogoInterceptableSite.callCurrent(PogoInterceptableSite.java:55)
	at org.codehaus.groovy.runtime.callsite.AbstractCallSite.callCurrent(AbstractCallSite.java:176)
	at io.restassured.internal.RequestSpecificationImpl.sendRequest(RequestSpecificationImpl.groovy:1135)
	at java.base/jdk.internal.reflect.DirectMethodHandleAccessor.invoke(DirectMethodHandleAccessor.java:104)
	at java.base/java.lang.reflect.Method.invoke(Method.java:565)
	at org.codehaus.groovy.reflection.CachedMethod.invoke(CachedMethod.java:107)
	at groovy.lang.MetaMethod.doMethodInvoke(MetaMethod.java:323)
	at groovy.lang.MetaClassImpl.invokeMethod(MetaClassImpl.java:1268)
	at groovy.lang.MetaClassImpl.invokeMethod(MetaClassImpl.java:1035)
	at groovy.lang.MetaClassImpl.invokeMethod(MetaClassImpl.java:819)
	at groovy.lang.GroovyObject.invokeMethod(GroovyObject.java:39)
	at org.codehaus.groovy.runtime.callsite.PogoInterceptableSite.call(PogoInterceptableSite.java:45)
	at org.codehaus.groovy.runtime.callsite.AbstractCallSite.call(AbstractCallSite.java:166)
	at io.restassured.internal.filter.SendRequestFilter.filter(SendRequestFilter.groovy:30)
	at io.restassured.filter.Filter$filter$0.call(Unknown Source)
	at org.codehaus.groovy.runtime.callsite.CallSiteArray.defaultCall(CallSiteArray.java:47)
	at io.restassured.filter.Filter$filter.call(Unknown Source)
	at io.restassured.internal.filter.FilterContextImpl.next(FilterContextImpl.groovy:72)
	at io.restassured.filter.time.TimingFilter.filter(TimingFilter.java:56)
	at io.restassured.filter.Filter$filter.call(Unknown Source)
	at org.codehaus.groovy.runtime.callsite.CallSiteArray.defaultCall(CallSiteArray.java:47)
	at io.restassured.filter.Filter$filter$0.call(Unknown Source)
	at io.restassured.internal.filter.FilterContextImpl.next(FilterContextImpl.groovy:72)
	at io.restassured.filter.FilterContext$next.call(Unknown Source)
	at io.restassured.internal.RequestSpecificationImpl.applyPathParamsAndSendRequest(RequestSpecificationImpl.groovy:1655)
	at java.base/jdk.internal.reflect.DirectMethodHandleAccessor.invoke(DirectMethodHandleAccessor.java:104)
	at java.base/java.lang.reflect.Method.invoke(Method.java:565)
	at org.codehaus.groovy.reflection.CachedMethod.invoke(CachedMethod.java:107)
	at groovy.lang.MetaMethod.doMethodInvoke(MetaMethod.java:323)
	at groovy.lang.MetaClassImpl.invokeMethod(MetaClassImpl.java:1268)
	at groovy.lang.MetaClassImpl.invokeMethod(MetaClassImpl.java:1035)
	at groovy.lang.MetaClassImpl.invokeMethod(MetaClassImpl.java:819)
	at groovy.lang.GroovyObject.invokeMethod(GroovyObject.java:39)
	at org.codehaus.groovy.runtime.callsite.PogoInterceptableSite.call(PogoInterceptableSite.java:45)
	at org.codehaus.groovy.runtime.callsite.PogoInterceptableSite.callCurrent(PogoInterceptableSite.java:55)
	at org.codehaus.groovy.runtime.callsite.AbstractCallSite.callCurrent(AbstractCallSite.java:203)
	at io.restassured.internal.RequestSpecificationImpl.applyPathParamsAndSendRequest(RequestSpecificationImpl.groovy:1661)
	at java.base/jdk.internal.reflect.DirectMethodHandleAccessor.invoke(DirectMethodHandleAccessor.java:104)
	at java.base/java.lang.reflect.Method.invoke(Method.java:565)
	at org.codehaus.groovy.reflection.CachedMethod.invoke(CachedMethod.java:107)
	at groovy.lang.MetaMethod.doMethodInvoke(MetaMethod.java:323)
	at groovy.lang.MetaClassImpl.invokeMethod(MetaClassImpl.java:1268)
	at groovy.lang.MetaClassImpl.invokeMethod(MetaClassImpl.java:1035)
	at groovy.lang.MetaClassImpl.invokeMethod(MetaClassImpl.java:819)
	at groovy.lang.GroovyObject.invokeMethod(GroovyObject.java:39)
	at org.codehaus.groovy.runtime.callsite.PogoInterceptableSite.call(PogoInterceptableSite.java:45)
	at org.codehaus.groovy.runtime.callsite.PogoInterceptableSite.callCurrent(PogoInterceptableSite.java:55)
	at org.codehaus.groovy.runtime.callsite.AbstractCallSite.callCurrent(AbstractCallSite.java:203)
	at io.restassured.internal.RequestSpecificationImpl.get(RequestSpecificationImpl.groovy:171)
	at io.restassured.internal.RequestSpecificationImpl.get(RequestSpecificationImpl.groovy)
	at StepDefinitions.GitHubAPISteps.i_send_a_get_request_to(GitHubAPISteps.java:52)
	at ✽.I send a GET request to "/repos/{owner}/test-repo-api/branches/main"(file:///Users/anhthehoang/Desktop/learning-code/BDDCucumber/BDDCucumberTesting/src/test/resources/Features/UserProfile.feature:17)
]]></error>
    <system-out><![CDATA[
Scenario: GET - Retrieve a specific branch                                  &amp#27;[90m# src/test/resources/Features/UserProfile.feature:16&amp#27;[0m
Setting up GitHub API authentication
  &amp#27;[32mGiven &amp#27;[0m&amp#27;[32mI have a valid GitHub API token&amp#27;[0m                                     &amp#27;[90m# StepDefinitions.GitHubAPISteps.i_have_a_valid_github_api_token()&amp#27;[0m
Base URI set to: https://api.github.com
  &amp#27;[32mAnd &amp#27;[0m&amp#27;[32mI set the base URI to "&amp#27;[0m&amp#27;[32m&amp#27;[1mhttps://api.github.com&amp#27;[0m&amp#27;[32m"&amp#27;[0m                        &amp#27;[90m# StepDefinitions.GitHubAPISteps.i_set_the_base_uri_to(java.lang.String)&amp#27;[0m
Using test repository: test-repo-api
  &amp#27;[32mAnd &amp#27;[0m&amp#27;[32mI have a test repository "&amp#27;[0m&amp#27;[32m&amp#27;[1mtest-repo-api&amp#27;[0m&amp#27;[32m"&amp#27;[0m                              &amp#27;[90m# StepDefinitions.GitHubIssuesAPISteps.i_have_a_test_repository(java.lang.String)&amp#27;[0m
  &amp#27;[31mWhen &amp#27;[0m&amp#27;[31mI send a GET request to "&amp#27;[0m&amp#27;[31m&amp#27;[1m/repos/{owner}/test-repo-api/branches/main&amp#27;[0m&amp#27;[31m"&amp#27;[0m &amp#27;[90m# StepDefinitions.GitHubAPISteps.i_send_a_get_request_to(java.lang.String)&amp#27;[0m
      &amp#27;[31mjava.lang.IllegalArgumentException: Invalid number of path parameters. Expected 1, was 0. Undefined path parameters are: owner.
	at java.base/jdk.internal.reflect.DirectConstructorHandleAccessor.newInstance(DirectConstructorHandleAccessor.java:62)
	at java.base/java.lang.reflect.Constructor.newInstanceWithCaller(Constructor.java:499)
	at java.base/java.lang.reflect.Constructor.newInstance(Constructor.java:483)
	at org.codehaus.groovy.reflection.CachedConstructor.invoke(CachedConstructor.java:72)
	at org.codehaus.groovy.reflection.CachedConstructor.doConstructorInvoke(CachedConstructor.java:59)
	at org.codehaus.groovy.runtime.callsite.ConstructorSite$ConstructorSiteNoUnwrap.callConstructor(ConstructorSite.java:84)
	at org.codehaus.groovy.runtime.callsite.AbstractCallSite.callConstructor(AbstractCallSite.java:277)
	at io.restassured.internal.RequestSpecificationImpl.assertCorrectNumberOfPathParams(RequestSpecificationImpl.groovy:1248)
	at java.base/jdk.internal.reflect.DirectMethodHandleAccessor.invoke(DirectMethodHandleAccessor.java:104)
	at java.base/java.lang.reflect.Method.invoke(Method.java:565)
	at org.codehaus.groovy.reflection.CachedMethod.invoke(CachedMethod.java:107)
	at groovy.lang.MetaMethod.doMethodInvoke(MetaMethod.java:323)
	at groovy.lang.MetaClassImpl.invokeMethod(MetaClassImpl.java:1268)
	at groovy.lang.MetaClassImpl.invokeMethod(MetaClassImpl.java:1035)
	at groovy.lang.MetaClassImpl.invokeMethod(MetaClassImpl.java:819)
	at groovy.lang.GroovyObject.invokeMethod(GroovyObject.java:39)
	at org.codehaus.groovy.runtime.callsite.PogoInterceptableSite.call(PogoInterceptableSite.java:45)
	at org.codehaus.groovy.runtime.callsite.PogoInterceptableSite.callCurrent(PogoInterceptableSite.java:55)
	at org.codehaus.groovy.runtime.callsite.AbstractCallSite.callCurrent(AbstractCallSite.java:176)
	at io.restassured.internal.RequestSpecificationImpl.sendRequest(RequestSpecificationImpl.groovy:1135)
	at java.base/jdk.internal.reflect.DirectMethodHandleAccessor.invoke(DirectMethodHandleAccessor.java:104)
	at java.base/java.lang.reflect.Method.invoke(Method.java:565)
	at org.codehaus.groovy.reflection.CachedMethod.invoke(CachedMethod.java:107)
	at groovy.lang.MetaMethod.doMethodInvoke(MetaMethod.java:323)
	at groovy.lang.MetaClassImpl.invokeMethod(MetaClassImpl.java:1268)
	at groovy.lang.MetaClassImpl.invokeMethod(MetaClassImpl.java:1035)
	at groovy.lang.MetaClassImpl.invokeMethod(MetaClassImpl.java:819)
	at groovy.lang.GroovyObject.invokeMethod(GroovyObject.java:39)
	at org.codehaus.groovy.runtime.callsite.PogoInterceptableSite.call(PogoInterceptableSite.java:45)
	at org.codehaus.groovy.runtime.callsite.AbstractCallSite.call(AbstractCallSite.java:166)
	at io.restassured.internal.filter.SendRequestFilter.filter(SendRequestFilter.groovy:30)
	at io.restassured.filter.Filter$filter$0.call(Unknown Source)
	at org.codehaus.groovy.runtime.callsite.CallSiteArray.defaultCall(CallSiteArray.java:47)
	at io.restassured.filter.Filter$filter.call(Unknown Source)
	at io.restassured.internal.filter.FilterContextImpl.next(FilterContextImpl.groovy:72)
	at io.restassured.filter.time.TimingFilter.filter(TimingFilter.java:56)
	at io.restassured.filter.Filter$filter.call(Unknown Source)
	at org.codehaus.groovy.runtime.callsite.CallSiteArray.defaultCall(CallSiteArray.java:47)
	at io.restassured.filter.Filter$filter$0.call(Unknown Source)
	at io.restassured.internal.filter.FilterContextImpl.next(FilterContextImpl.groovy:72)
	at io.restassured.filter.FilterContext$next.call(Unknown Source)
	at io.restassured.internal.RequestSpecificationImpl.applyPathParamsAndSendRequest(RequestSpecificationImpl.groovy:1655)
	at java.base/jdk.internal.reflect.DirectMethodHandleAccessor.invoke(DirectMethodHandleAccessor.java:104)
	at java.base/java.lang.reflect.Method.invoke(Method.java:565)
	at org.codehaus.groovy.reflection.CachedMethod.invoke(CachedMethod.java:107)
	at groovy.lang.MetaMethod.doMethodInvoke(MetaMethod.java:323)
	at groovy.lang.MetaClassImpl.invokeMethod(MetaClassImpl.java:1268)
	at groovy.lang.MetaClassImpl.invokeMethod(MetaClassImpl.java:1035)
	at groovy.lang.MetaClassImpl.invokeMethod(MetaClassImpl.java:819)
	at groovy.lang.GroovyObject.invokeMethod(GroovyObject.java:39)
	at org.codehaus.groovy.runtime.callsite.PogoInterceptableSite.call(PogoInterceptableSite.java:45)
	at org.codehaus.groovy.runtime.callsite.PogoInterceptableSite.callCurrent(PogoInterceptableSite.java:55)
	at org.codehaus.groovy.runtime.callsite.AbstractCallSite.callCurrent(AbstractCallSite.java:203)
	at io.restassured.internal.RequestSpecificationImpl.applyPathParamsAndSendRequest(RequestSpecificationImpl.groovy:1661)
	at java.base/jdk.internal.reflect.DirectMethodHandleAccessor.invoke(DirectMethodHandleAccessor.java:104)
	at java.base/java.lang.reflect.Method.invoke(Method.java:565)
	at org.codehaus.groovy.reflection.CachedMethod.invoke(CachedMethod.java:107)
	at groovy.lang.MetaMethod.doMethodInvoke(MetaMethod.java:323)
	at groovy.lang.MetaClassImpl.invokeMethod(MetaClassImpl.java:1268)
	at groovy.lang.MetaClassImpl.invokeMethod(MetaClassImpl.java:1035)
	at groovy.lang.MetaClassImpl.invokeMethod(MetaClassImpl.java:819)
	at groovy.lang.GroovyObject.invokeMethod(GroovyObject.java:39)
	at org.codehaus.groovy.runtime.callsite.PogoInterceptableSite.call(PogoInterceptableSite.java:45)
	at org.codehaus.groovy.runtime.callsite.PogoInterceptableSite.callCurrent(PogoInterceptableSite.java:55)
	at org.codehaus.groovy.runtime.callsite.AbstractCallSite.callCurrent(AbstractCallSite.java:203)
	at io.restassured.internal.RequestSpecificationImpl.get(RequestSpecificationImpl.groovy:171)
	at io.restassured.internal.RequestSpecificationImpl.get(RequestSpecificationImpl.groovy)
	at StepDefinitions.GitHubAPISteps.i_send_a_get_request_to(GitHubAPISteps.java:52)
	at ✽.I send a GET request to "/repos/{owner}/test-repo-api/branches/main"(file:///Users/anhthehoang/Desktop/learning-code/BDDCucumber/BDDCucumberTesting/src/test/resources/Features/UserProfile.feature:17)
&amp#27;[0m
  &amp#27;[36mThen &amp#27;[0m&amp#27;[36mthe response status code should be &amp#27;[0m&amp#27;[36m&amp#27;[1m200&amp#27;[0m                               &amp#27;[90m# StepDefinitions.GitHubAPISteps.the_response_status_code_should_be(int)&amp#27;[0m
  &amp#27;[36mAnd &amp#27;[0m&amp#27;[36mthe response should contain "&amp#27;[0m&amp#27;[36m&amp#27;[1mname&amp#27;[0m&amp#27;[36m" field with value "&amp#27;[0m&amp#27;[36m&amp#27;[1mmain&amp#27;[0m&amp#27;[36m"&amp#27;[0m            &amp#27;[90m# StepDefinitions.GitHubRepositoryAPISteps.the_response_should_contain_field_with_string_value(java.lang.String,java.lang.String)&amp#27;[0m
  &amp#27;[36mAnd &amp#27;[0m&amp#27;[36mthe response should contain "&amp#27;[0m&amp#27;[36m&amp#27;[1mcommit&amp#27;[0m&amp#27;[36m" field&amp#27;[0m                            &amp#27;[90m# StepDefinitions.GitHubAPISteps.the_response_should_contain_field(java.lang.String)&amp#27;[0m
  &amp#27;[36mAnd &amp#27;[0m&amp#27;[36mthe response should contain "&amp#27;[0m&amp#27;[36m&amp#27;[1mprotected&amp#27;[0m&amp#27;[36m" field&amp#27;[0m                         &amp#27;[90m# StepDefinitions.GitHubAPISteps.the_response_should_contain_field(java.lang.String)&amp#27;[0m
]]></system-out>
  </testcase>
  <testcase name="GET - Retrieve repository collaborators" classname="GitHub Repository Management REST API Testing" time="0.007">
    <error message="Invalid number of path parameters. Expected 1, was 0. Undefined path parameters are: owner." type="java.lang.IllegalArgumentException"><![CDATA[java.lang.IllegalArgumentException: Invalid number of path parameters. Expected 1, was 0. Undefined path parameters are: owner.
	at java.base/jdk.internal.reflect.DirectConstructorHandleAccessor.newInstance(DirectConstructorHandleAccessor.java:62)
	at java.base/java.lang.reflect.Constructor.newInstanceWithCaller(Constructor.java:499)
	at java.base/java.lang.reflect.Constructor.newInstance(Constructor.java:483)
	at org.codehaus.groovy.reflection.CachedConstructor.invoke(CachedConstructor.java:72)
	at org.codehaus.groovy.reflection.CachedConstructor.doConstructorInvoke(CachedConstructor.java:59)
	at org.codehaus.groovy.runtime.callsite.ConstructorSite$ConstructorSiteNoUnwrap.callConstructor(ConstructorSite.java:84)
	at org.codehaus.groovy.runtime.callsite.AbstractCallSite.callConstructor(AbstractCallSite.java:277)
	at io.restassured.internal.RequestSpecificationImpl.assertCorrectNumberOfPathParams(RequestSpecificationImpl.groovy:1248)
	at java.base/jdk.internal.reflect.DirectMethodHandleAccessor.invoke(DirectMethodHandleAccessor.java:104)
	at java.base/java.lang.reflect.Method.invoke(Method.java:565)
	at org.codehaus.groovy.reflection.CachedMethod.invoke(CachedMethod.java:107)
	at groovy.lang.MetaMethod.doMethodInvoke(MetaMethod.java:323)
	at groovy.lang.MetaClassImpl.invokeMethod(MetaClassImpl.java:1268)
	at groovy.lang.MetaClassImpl.invokeMethod(MetaClassImpl.java:1035)
	at groovy.lang.MetaClassImpl.invokeMethod(MetaClassImpl.java:819)
	at groovy.lang.GroovyObject.invokeMethod(GroovyObject.java:39)
	at org.codehaus.groovy.runtime.callsite.PogoInterceptableSite.call(PogoInterceptableSite.java:45)
	at org.codehaus.groovy.runtime.callsite.PogoInterceptableSite.callCurrent(PogoInterceptableSite.java:55)
	at org.codehaus.groovy.runtime.callsite.AbstractCallSite.callCurrent(AbstractCallSite.java:176)
	at io.restassured.internal.RequestSpecificationImpl.sendRequest(RequestSpecificationImpl.groovy:1135)
	at java.base/jdk.internal.reflect.DirectMethodHandleAccessor.invoke(DirectMethodHandleAccessor.java:104)
	at java.base/java.lang.reflect.Method.invoke(Method.java:565)
	at org.codehaus.groovy.reflection.CachedMethod.invoke(CachedMethod.java:107)
	at groovy.lang.MetaMethod.doMethodInvoke(MetaMethod.java:323)
	at groovy.lang.MetaClassImpl.invokeMethod(MetaClassImpl.java:1268)
	at groovy.lang.MetaClassImpl.invokeMethod(MetaClassImpl.java:1035)
	at groovy.lang.MetaClassImpl.invokeMethod(MetaClassImpl.java:819)
	at groovy.lang.GroovyObject.invokeMethod(GroovyObject.java:39)
	at org.codehaus.groovy.runtime.callsite.PogoInterceptableSite.call(PogoInterceptableSite.java:45)
	at org.codehaus.groovy.runtime.callsite.AbstractCallSite.call(AbstractCallSite.java:166)
	at io.restassured.internal.filter.SendRequestFilter.filter(SendRequestFilter.groovy:30)
	at io.restassured.filter.Filter$filter$0.call(Unknown Source)
	at org.codehaus.groovy.runtime.callsite.CallSiteArray.defaultCall(CallSiteArray.java:47)
	at io.restassured.filter.Filter$filter.call(Unknown Source)
	at io.restassured.internal.filter.FilterContextImpl.next(FilterContextImpl.groovy:72)
	at io.restassured.filter.time.TimingFilter.filter(TimingFilter.java:56)
	at io.restassured.filter.Filter$filter.call(Unknown Source)
	at org.codehaus.groovy.runtime.callsite.CallSiteArray.defaultCall(CallSiteArray.java:47)
	at io.restassured.filter.Filter$filter$0.call(Unknown Source)
	at io.restassured.internal.filter.FilterContextImpl.next(FilterContextImpl.groovy:72)
	at io.restassured.filter.FilterContext$next.call(Unknown Source)
	at io.restassured.internal.RequestSpecificationImpl.applyPathParamsAndSendRequest(RequestSpecificationImpl.groovy:1655)
	at java.base/jdk.internal.reflect.DirectMethodHandleAccessor.invoke(DirectMethodHandleAccessor.java:104)
	at java.base/java.lang.reflect.Method.invoke(Method.java:565)
	at org.codehaus.groovy.reflection.CachedMethod.invoke(CachedMethod.java:107)
	at groovy.lang.MetaMethod.doMethodInvoke(MetaMethod.java:323)
	at groovy.lang.MetaClassImpl.invokeMethod(MetaClassImpl.java:1268)
	at groovy.lang.MetaClassImpl.invokeMethod(MetaClassImpl.java:1035)
	at groovy.lang.MetaClassImpl.invokeMethod(MetaClassImpl.java:819)
	at groovy.lang.GroovyObject.invokeMethod(GroovyObject.java:39)
	at org.codehaus.groovy.runtime.callsite.PogoInterceptableSite.call(PogoInterceptableSite.java:45)
	at org.codehaus.groovy.runtime.callsite.PogoInterceptableSite.callCurrent(PogoInterceptableSite.java:55)
	at org.codehaus.groovy.runtime.callsite.AbstractCallSite.callCurrent(AbstractCallSite.java:203)
	at io.restassured.internal.RequestSpecificationImpl.applyPathParamsAndSendRequest(RequestSpecificationImpl.groovy:1661)
	at java.base/jdk.internal.reflect.DirectMethodHandleAccessor.invoke(DirectMethodHandleAccessor.java:104)
	at java.base/java.lang.reflect.Method.invoke(Method.java:565)
	at org.codehaus.groovy.reflection.CachedMethod.invoke(CachedMethod.java:107)
	at groovy.lang.MetaMethod.doMethodInvoke(MetaMethod.java:323)
	at groovy.lang.MetaClassImpl.invokeMethod(MetaClassImpl.java:1268)
	at groovy.lang.MetaClassImpl.invokeMethod(MetaClassImpl.java:1035)
	at groovy.lang.MetaClassImpl.invokeMethod(MetaClassImpl.java:819)
	at groovy.lang.GroovyObject.invokeMethod(GroovyObject.java:39)
	at org.codehaus.groovy.runtime.callsite.PogoInterceptableSite.call(PogoInterceptableSite.java:45)
	at org.codehaus.groovy.runtime.callsite.PogoInterceptableSite.callCurrent(PogoInterceptableSite.java:55)
	at org.codehaus.groovy.runtime.callsite.AbstractCallSite.callCurrent(AbstractCallSite.java:203)
	at io.restassured.internal.RequestSpecificationImpl.get(RequestSpecificationImpl.groovy:171)
	at io.restassured.internal.RequestSpecificationImpl.get(RequestSpecificationImpl.groovy)
	at StepDefinitions.GitHubAPISteps.i_send_a_get_request_to(GitHubAPISteps.java:52)
	at ✽.I send a GET request to "/repos/{owner}/test-repo-api/collaborators"(file:///Users/anhthehoang/Desktop/learning-code/BDDCucumber/BDDCucumberTesting/src/test/resources/Features/UserProfile.feature:24)
]]></error>
    <system-out><![CDATA[
Scenario: GET - Retrieve repository collaborators                           &amp#27;[90m# src/test/resources/Features/UserProfile.feature:23&amp#27;[0m
Setting up GitHub API authentication
  &amp#27;[32mGiven &amp#27;[0m&amp#27;[32mI have a valid GitHub API token&amp#27;[0m                                     &amp#27;[90m# StepDefinitions.GitHubAPISteps.i_have_a_valid_github_api_token()&amp#27;[0m
Base URI set to: https://api.github.com
  &amp#27;[32mAnd &amp#27;[0m&amp#27;[32mI set the base URI to "&amp#27;[0m&amp#27;[32m&amp#27;[1mhttps://api.github.com&amp#27;[0m&amp#27;[32m"&amp#27;[0m                        &amp#27;[90m# StepDefinitions.GitHubAPISteps.i_set_the_base_uri_to(java.lang.String)&amp#27;[0m
Using test repository: test-repo-api
  &amp#27;[32mAnd &amp#27;[0m&amp#27;[32mI have a test repository "&amp#27;[0m&amp#27;[32m&amp#27;[1mtest-repo-api&amp#27;[0m&amp#27;[32m"&amp#27;[0m                              &amp#27;[90m# StepDefinitions.GitHubIssuesAPISteps.i_have_a_test_repository(java.lang.String)&amp#27;[0m
  &amp#27;[31mWhen &amp#27;[0m&amp#27;[31mI send a GET request to "&amp#27;[0m&amp#27;[31m&amp#27;[1m/repos/{owner}/test-repo-api/collaborators&amp#27;[0m&amp#27;[31m"&amp#27;[0m &amp#27;[90m# StepDefinitions.GitHubAPISteps.i_send_a_get_request_to(java.lang.String)&amp#27;[0m
      &amp#27;[31mjava.lang.IllegalArgumentException: Invalid number of path parameters. Expected 1, was 0. Undefined path parameters are: owner.
	at java.base/jdk.internal.reflect.DirectConstructorHandleAccessor.newInstance(DirectConstructorHandleAccessor.java:62)
	at java.base/java.lang.reflect.Constructor.newInstanceWithCaller(Constructor.java:499)
	at java.base/java.lang.reflect.Constructor.newInstance(Constructor.java:483)
	at org.codehaus.groovy.reflection.CachedConstructor.invoke(CachedConstructor.java:72)
	at org.codehaus.groovy.reflection.CachedConstructor.doConstructorInvoke(CachedConstructor.java:59)
	at org.codehaus.groovy.runtime.callsite.ConstructorSite$ConstructorSiteNoUnwrap.callConstructor(ConstructorSite.java:84)
	at org.codehaus.groovy.runtime.callsite.AbstractCallSite.callConstructor(AbstractCallSite.java:277)
	at io.restassured.internal.RequestSpecificationImpl.assertCorrectNumberOfPathParams(RequestSpecificationImpl.groovy:1248)
	at java.base/jdk.internal.reflect.DirectMethodHandleAccessor.invoke(DirectMethodHandleAccessor.java:104)
	at java.base/java.lang.reflect.Method.invoke(Method.java:565)
	at org.codehaus.groovy.reflection.CachedMethod.invoke(CachedMethod.java:107)
	at groovy.lang.MetaMethod.doMethodInvoke(MetaMethod.java:323)
	at groovy.lang.MetaClassImpl.invokeMethod(MetaClassImpl.java:1268)
	at groovy.lang.MetaClassImpl.invokeMethod(MetaClassImpl.java:1035)
	at groovy.lang.MetaClassImpl.invokeMethod(MetaClassImpl.java:819)
	at groovy.lang.GroovyObject.invokeMethod(GroovyObject.java:39)
	at org.codehaus.groovy.runtime.callsite.PogoInterceptableSite.call(PogoInterceptableSite.java:45)
	at org.codehaus.groovy.runtime.callsite.PogoInterceptableSite.callCurrent(PogoInterceptableSite.java:55)
	at org.codehaus.groovy.runtime.callsite.AbstractCallSite.callCurrent(AbstractCallSite.java:176)
	at io.restassured.internal.RequestSpecificationImpl.sendRequest(RequestSpecificationImpl.groovy:1135)
	at java.base/jdk.internal.reflect.DirectMethodHandleAccessor.invoke(DirectMethodHandleAccessor.java:104)
	at java.base/java.lang.reflect.Method.invoke(Method.java:565)
	at org.codehaus.groovy.reflection.CachedMethod.invoke(CachedMethod.java:107)
	at groovy.lang.MetaMethod.doMethodInvoke(MetaMethod.java:323)
	at groovy.lang.MetaClassImpl.invokeMethod(MetaClassImpl.java:1268)
	at groovy.lang.MetaClassImpl.invokeMethod(MetaClassImpl.java:1035)
	at groovy.lang.MetaClassImpl.invokeMethod(MetaClassImpl.java:819)
	at groovy.lang.GroovyObject.invokeMethod(GroovyObject.java:39)
	at org.codehaus.groovy.runtime.callsite.PogoInterceptableSite.call(PogoInterceptableSite.java:45)
	at org.codehaus.groovy.runtime.callsite.AbstractCallSite.call(AbstractCallSite.java:166)
	at io.restassured.internal.filter.SendRequestFilter.filter(SendRequestFilter.groovy:30)
	at io.restassured.filter.Filter$filter$0.call(Unknown Source)
	at org.codehaus.groovy.runtime.callsite.CallSiteArray.defaultCall(CallSiteArray.java:47)
	at io.restassured.filter.Filter$filter.call(Unknown Source)
	at io.restassured.internal.filter.FilterContextImpl.next(FilterContextImpl.groovy:72)
	at io.restassured.filter.time.TimingFilter.filter(TimingFilter.java:56)
	at io.restassured.filter.Filter$filter.call(Unknown Source)
	at org.codehaus.groovy.runtime.callsite.CallSiteArray.defaultCall(CallSiteArray.java:47)
	at io.restassured.filter.Filter$filter$0.call(Unknown Source)
	at io.restassured.internal.filter.FilterContextImpl.next(FilterContextImpl.groovy:72)
	at io.restassured.filter.FilterContext$next.call(Unknown Source)
	at io.restassured.internal.RequestSpecificationImpl.applyPathParamsAndSendRequest(RequestSpecificationImpl.groovy:1655)
	at java.base/jdk.internal.reflect.DirectMethodHandleAccessor.invoke(DirectMethodHandleAccessor.java:104)
	at java.base/java.lang.reflect.Method.invoke(Method.java:565)
	at org.codehaus.groovy.reflection.CachedMethod.invoke(CachedMethod.java:107)
	at groovy.lang.MetaMethod.doMethodInvoke(MetaMethod.java:323)
	at groovy.lang.MetaClassImpl.invokeMethod(MetaClassImpl.java:1268)
	at groovy.lang.MetaClassImpl.invokeMethod(MetaClassImpl.java:1035)
	at groovy.lang.MetaClassImpl.invokeMethod(MetaClassImpl.java:819)
	at groovy.lang.GroovyObject.invokeMethod(GroovyObject.java:39)
	at org.codehaus.groovy.runtime.callsite.PogoInterceptableSite.call(PogoInterceptableSite.java:45)
	at org.codehaus.groovy.runtime.callsite.PogoInterceptableSite.callCurrent(PogoInterceptableSite.java:55)
	at org.codehaus.groovy.runtime.callsite.AbstractCallSite.callCurrent(AbstractCallSite.java:203)
	at io.restassured.internal.RequestSpecificationImpl.applyPathParamsAndSendRequest(RequestSpecificationImpl.groovy:1661)
	at java.base/jdk.internal.reflect.DirectMethodHandleAccessor.invoke(DirectMethodHandleAccessor.java:104)
	at java.base/java.lang.reflect.Method.invoke(Method.java:565)
	at org.codehaus.groovy.reflection.CachedMethod.invoke(CachedMethod.java:107)
	at groovy.lang.MetaMethod.doMethodInvoke(MetaMethod.java:323)
	at groovy.lang.MetaClassImpl.invokeMethod(MetaClassImpl.java:1268)
	at groovy.lang.MetaClassImpl.invokeMethod(MetaClassImpl.java:1035)
	at groovy.lang.MetaClassImpl.invokeMethod(MetaClassImpl.java:819)
	at groovy.lang.GroovyObject.invokeMethod(GroovyObject.java:39)
	at org.codehaus.groovy.runtime.callsite.PogoInterceptableSite.call(PogoInterceptableSite.java:45)
	at org.codehaus.groovy.runtime.callsite.PogoInterceptableSite.callCurrent(PogoInterceptableSite.java:55)
	at org.codehaus.groovy.runtime.callsite.AbstractCallSite.callCurrent(AbstractCallSite.java:203)
	at io.restassured.internal.RequestSpecificationImpl.get(RequestSpecificationImpl.groovy:171)
	at io.restassured.internal.RequestSpecificationImpl.get(RequestSpecificationImpl.groovy)
	at StepDefinitions.GitHubAPISteps.i_send_a_get_request_to(GitHubAPISteps.java:52)
	at ✽.I send a GET request to "/repos/{owner}/test-repo-api/collaborators"(file:///Users/anhthehoang/Desktop/learning-code/BDDCucumber/BDDCucumberTesting/src/test/resources/Features/UserProfile.feature:24)
&amp#27;[0m
  &amp#27;[36mThen &amp#27;[0m&amp#27;[36mthe response status code should be &amp#27;[0m&amp#27;[36m&amp#27;[1m200&amp#27;[0m                               &amp#27;[90m# StepDefinitions.GitHubAPISteps.the_response_status_code_should_be(int)&amp#27;[0m
  &amp#27;[36mAnd &amp#27;[0m&amp#27;[36mthe response should be a JSON array&amp#27;[0m                                   &amp#27;[90m# StepDefinitions.GitHubIssuesAPISteps.the_response_should_be_a_json_array()&amp#27;[0m
  &amp#27;[36mAnd &amp#27;[0m&amp#27;[36meach collaborator should have "&amp#27;[0m&amp#27;[36m&amp#27;[1mlogin&amp#27;[0m&amp#27;[36m" field&amp#27;[0m                           &amp#27;[90m# StepDefinitions.GitHubRepositoryAPISteps.each_collaborator_should_have_field(java.lang.String)&amp#27;[0m
  &amp#27;[36mAnd &amp#27;[0m&amp#27;[36meach collaborator should have "&amp#27;[0m&amp#27;[36m&amp#27;[1mpermissions&amp#27;[0m&amp#27;[36m" field&amp#27;[0m                     &amp#27;[90m# StepDefinitions.GitHubRepositoryAPISteps.each_collaborator_should_have_field(java.lang.String)&amp#27;[0m
]]></system-out>
  </testcase>
  <testcase name="GET - Retrieve repository pull requests" classname="GitHub Repository Management REST API Testing" time="0.006">
    <error message="Invalid number of path parameters. Expected 1, was 0. Undefined path parameters are: owner." type="java.lang.IllegalArgumentException"><![CDATA[java.lang.IllegalArgumentException: Invalid number of path parameters. Expected 1, was 0. Undefined path parameters are: owner.
	at java.base/jdk.internal.reflect.DirectConstructorHandleAccessor.newInstance(DirectConstructorHandleAccessor.java:62)
	at java.base/java.lang.reflect.Constructor.newInstanceWithCaller(Constructor.java:499)
	at java.base/java.lang.reflect.Constructor.newInstance(Constructor.java:483)
	at org.codehaus.groovy.reflection.CachedConstructor.invoke(CachedConstructor.java:72)
	at org.codehaus.groovy.reflection.CachedConstructor.doConstructorInvoke(CachedConstructor.java:59)
	at org.codehaus.groovy.runtime.callsite.ConstructorSite$ConstructorSiteNoUnwrap.callConstructor(ConstructorSite.java:84)
	at org.codehaus.groovy.runtime.callsite.AbstractCallSite.callConstructor(AbstractCallSite.java:277)
	at io.restassured.internal.RequestSpecificationImpl.assertCorrectNumberOfPathParams(RequestSpecificationImpl.groovy:1248)
	at java.base/jdk.internal.reflect.DirectMethodHandleAccessor.invoke(DirectMethodHandleAccessor.java:104)
	at java.base/java.lang.reflect.Method.invoke(Method.java:565)
	at org.codehaus.groovy.reflection.CachedMethod.invoke(CachedMethod.java:107)
	at groovy.lang.MetaMethod.doMethodInvoke(MetaMethod.java:323)
	at groovy.lang.MetaClassImpl.invokeMethod(MetaClassImpl.java:1268)
	at groovy.lang.MetaClassImpl.invokeMethod(MetaClassImpl.java:1035)
	at groovy.lang.MetaClassImpl.invokeMethod(MetaClassImpl.java:819)
	at groovy.lang.GroovyObject.invokeMethod(GroovyObject.java:39)
	at org.codehaus.groovy.runtime.callsite.PogoInterceptableSite.call(PogoInterceptableSite.java:45)
	at org.codehaus.groovy.runtime.callsite.PogoInterceptableSite.callCurrent(PogoInterceptableSite.java:55)
	at org.codehaus.groovy.runtime.callsite.AbstractCallSite.callCurrent(AbstractCallSite.java:176)
	at io.restassured.internal.RequestSpecificationImpl.sendRequest(RequestSpecificationImpl.groovy:1135)
	at java.base/jdk.internal.reflect.DirectMethodHandleAccessor.invoke(DirectMethodHandleAccessor.java:104)
	at java.base/java.lang.reflect.Method.invoke(Method.java:565)
	at org.codehaus.groovy.reflection.CachedMethod.invoke(CachedMethod.java:107)
	at groovy.lang.MetaMethod.doMethodInvoke(MetaMethod.java:323)
	at groovy.lang.MetaClassImpl.invokeMethod(MetaClassImpl.java:1268)
	at groovy.lang.MetaClassImpl.invokeMethod(MetaClassImpl.java:1035)
	at groovy.lang.MetaClassImpl.invokeMethod(MetaClassImpl.java:819)
	at groovy.lang.GroovyObject.invokeMethod(GroovyObject.java:39)
	at org.codehaus.groovy.runtime.callsite.PogoInterceptableSite.call(PogoInterceptableSite.java:45)
	at org.codehaus.groovy.runtime.callsite.AbstractCallSite.call(AbstractCallSite.java:166)
	at io.restassured.internal.filter.SendRequestFilter.filter(SendRequestFilter.groovy:30)
	at io.restassured.filter.Filter$filter$0.call(Unknown Source)
	at org.codehaus.groovy.runtime.callsite.CallSiteArray.defaultCall(CallSiteArray.java:47)
	at io.restassured.filter.Filter$filter.call(Unknown Source)
	at io.restassured.internal.filter.FilterContextImpl.next(FilterContextImpl.groovy:72)
	at io.restassured.filter.time.TimingFilter.filter(TimingFilter.java:56)
	at io.restassured.filter.Filter$filter.call(Unknown Source)
	at org.codehaus.groovy.runtime.callsite.CallSiteArray.defaultCall(CallSiteArray.java:47)
	at io.restassured.filter.Filter$filter$0.call(Unknown Source)
	at io.restassured.internal.filter.FilterContextImpl.next(FilterContextImpl.groovy:72)
	at io.restassured.filter.FilterContext$next.call(Unknown Source)
	at io.restassured.internal.RequestSpecificationImpl.applyPathParamsAndSendRequest(RequestSpecificationImpl.groovy:1655)
	at java.base/jdk.internal.reflect.DirectMethodHandleAccessor.invoke(DirectMethodHandleAccessor.java:104)
	at java.base/java.lang.reflect.Method.invoke(Method.java:565)
	at org.codehaus.groovy.reflection.CachedMethod.invoke(CachedMethod.java:107)
	at groovy.lang.MetaMethod.doMethodInvoke(MetaMethod.java:323)
	at groovy.lang.MetaClassImpl.invokeMethod(MetaClassImpl.java:1268)
	at groovy.lang.MetaClassImpl.invokeMethod(MetaClassImpl.java:1035)
	at groovy.lang.MetaClassImpl.invokeMethod(MetaClassImpl.java:819)
	at groovy.lang.GroovyObject.invokeMethod(GroovyObject.java:39)
	at org.codehaus.groovy.runtime.callsite.PogoInterceptableSite.call(PogoInterceptableSite.java:45)
	at org.codehaus.groovy.runtime.callsite.PogoInterceptableSite.callCurrent(PogoInterceptableSite.java:55)
	at org.codehaus.groovy.runtime.callsite.AbstractCallSite.callCurrent(AbstractCallSite.java:203)
	at io.restassured.internal.RequestSpecificationImpl.applyPathParamsAndSendRequest(RequestSpecificationImpl.groovy:1661)
	at java.base/jdk.internal.reflect.DirectMethodHandleAccessor.invoke(DirectMethodHandleAccessor.java:104)
	at java.base/java.lang.reflect.Method.invoke(Method.java:565)
	at org.codehaus.groovy.reflection.CachedMethod.invoke(CachedMethod.java:107)
	at groovy.lang.MetaMethod.doMethodInvoke(MetaMethod.java:323)
	at groovy.lang.MetaClassImpl.invokeMethod(MetaClassImpl.java:1268)
	at groovy.lang.MetaClassImpl.invokeMethod(MetaClassImpl.java:1035)
	at groovy.lang.MetaClassImpl.invokeMethod(MetaClassImpl.java:819)
	at groovy.lang.GroovyObject.invokeMethod(GroovyObject.java:39)
	at org.codehaus.groovy.runtime.callsite.PogoInterceptableSite.call(PogoInterceptableSite.java:45)
	at org.codehaus.groovy.runtime.callsite.PogoInterceptableSite.callCurrent(PogoInterceptableSite.java:55)
	at org.codehaus.groovy.runtime.callsite.AbstractCallSite.callCurrent(AbstractCallSite.java:203)
	at io.restassured.internal.RequestSpecificationImpl.get(RequestSpecificationImpl.groovy:171)
	at io.restassured.internal.RequestSpecificationImpl.get(RequestSpecificationImpl.groovy)
	at StepDefinitions.GitHubAPISteps.i_send_a_get_request_to(GitHubAPISteps.java:52)
	at ✽.I send a GET request to "/repos/{owner}/test-repo-api/pulls"(file:///Users/anhthehoang/Desktop/learning-code/BDDCucumber/BDDCucumberTesting/src/test/resources/Features/UserProfile.feature:31)
]]></error>
    <system-out><![CDATA[
Scenario: GET - Retrieve repository pull requests                   &amp#27;[90m# src/test/resources/Features/UserProfile.feature:30&amp#27;[0m
Setting up GitHub API authentication
  &amp#27;[32mGiven &amp#27;[0m&amp#27;[32mI have a valid GitHub API token&amp#27;[0m                             &amp#27;[90m# StepDefinitions.GitHubAPISteps.i_have_a_valid_github_api_token()&amp#27;[0m
Base URI set to: https://api.github.com
  &amp#27;[32mAnd &amp#27;[0m&amp#27;[32mI set the base URI to "&amp#27;[0m&amp#27;[32m&amp#27;[1mhttps://api.github.com&amp#27;[0m&amp#27;[32m"&amp#27;[0m                &amp#27;[90m# StepDefinitions.GitHubAPISteps.i_set_the_base_uri_to(java.lang.String)&amp#27;[0m
Using test repository: test-repo-api
  &amp#27;[32mAnd &amp#27;[0m&amp#27;[32mI have a test repository "&amp#27;[0m&amp#27;[32m&amp#27;[1mtest-repo-api&amp#27;[0m&amp#27;[32m"&amp#27;[0m                      &amp#27;[90m# StepDefinitions.GitHubIssuesAPISteps.i_have_a_test_repository(java.lang.String)&amp#27;[0m
  &amp#27;[31mWhen &amp#27;[0m&amp#27;[31mI send a GET request to "&amp#27;[0m&amp#27;[31m&amp#27;[1m/repos/{owner}/test-repo-api/pulls&amp#27;[0m&amp#27;[31m"&amp#27;[0m &amp#27;[90m# StepDefinitions.GitHubAPISteps.i_send_a_get_request_to(java.lang.String)&amp#27;[0m
      &amp#27;[31mjava.lang.IllegalArgumentException: Invalid number of path parameters. Expected 1, was 0. Undefined path parameters are: owner.
	at java.base/jdk.internal.reflect.DirectConstructorHandleAccessor.newInstance(DirectConstructorHandleAccessor.java:62)
	at java.base/java.lang.reflect.Constructor.newInstanceWithCaller(Constructor.java:499)
	at java.base/java.lang.reflect.Constructor.newInstance(Constructor.java:483)
	at org.codehaus.groovy.reflection.CachedConstructor.invoke(CachedConstructor.java:72)
	at org.codehaus.groovy.reflection.CachedConstructor.doConstructorInvoke(CachedConstructor.java:59)
	at org.codehaus.groovy.runtime.callsite.ConstructorSite$ConstructorSiteNoUnwrap.callConstructor(ConstructorSite.java:84)
	at org.codehaus.groovy.runtime.callsite.AbstractCallSite.callConstructor(AbstractCallSite.java:277)
	at io.restassured.internal.RequestSpecificationImpl.assertCorrectNumberOfPathParams(RequestSpecificationImpl.groovy:1248)
	at java.base/jdk.internal.reflect.DirectMethodHandleAccessor.invoke(DirectMethodHandleAccessor.java:104)
	at java.base/java.lang.reflect.Method.invoke(Method.java:565)
	at org.codehaus.groovy.reflection.CachedMethod.invoke(CachedMethod.java:107)
	at groovy.lang.MetaMethod.doMethodInvoke(MetaMethod.java:323)
	at groovy.lang.MetaClassImpl.invokeMethod(MetaClassImpl.java:1268)
	at groovy.lang.MetaClassImpl.invokeMethod(MetaClassImpl.java:1035)
	at groovy.lang.MetaClassImpl.invokeMethod(MetaClassImpl.java:819)
	at groovy.lang.GroovyObject.invokeMethod(GroovyObject.java:39)
	at org.codehaus.groovy.runtime.callsite.PogoInterceptableSite.call(PogoInterceptableSite.java:45)
	at org.codehaus.groovy.runtime.callsite.PogoInterceptableSite.callCurrent(PogoInterceptableSite.java:55)
	at org.codehaus.groovy.runtime.callsite.AbstractCallSite.callCurrent(AbstractCallSite.java:176)
	at io.restassured.internal.RequestSpecificationImpl.sendRequest(RequestSpecificationImpl.groovy:1135)
	at java.base/jdk.internal.reflect.DirectMethodHandleAccessor.invoke(DirectMethodHandleAccessor.java:104)
	at java.base/java.lang.reflect.Method.invoke(Method.java:565)
	at org.codehaus.groovy.reflection.CachedMethod.invoke(CachedMethod.java:107)
	at groovy.lang.MetaMethod.doMethodInvoke(MetaMethod.java:323)
	at groovy.lang.MetaClassImpl.invokeMethod(MetaClassImpl.java:1268)
	at groovy.lang.MetaClassImpl.invokeMethod(MetaClassImpl.java:1035)
	at groovy.lang.MetaClassImpl.invokeMethod(MetaClassImpl.java:819)
	at groovy.lang.GroovyObject.invokeMethod(GroovyObject.java:39)
	at org.codehaus.groovy.runtime.callsite.PogoInterceptableSite.call(PogoInterceptableSite.java:45)
	at org.codehaus.groovy.runtime.callsite.AbstractCallSite.call(AbstractCallSite.java:166)
	at io.restassured.internal.filter.SendRequestFilter.filter(SendRequestFilter.groovy:30)
	at io.restassured.filter.Filter$filter$0.call(Unknown Source)
	at org.codehaus.groovy.runtime.callsite.CallSiteArray.defaultCall(CallSiteArray.java:47)
	at io.restassured.filter.Filter$filter.call(Unknown Source)
	at io.restassured.internal.filter.FilterContextImpl.next(FilterContextImpl.groovy:72)
	at io.restassured.filter.time.TimingFilter.filter(TimingFilter.java:56)
	at io.restassured.filter.Filter$filter.call(Unknown Source)
	at org.codehaus.groovy.runtime.callsite.CallSiteArray.defaultCall(CallSiteArray.java:47)
	at io.restassured.filter.Filter$filter$0.call(Unknown Source)
	at io.restassured.internal.filter.FilterContextImpl.next(FilterContextImpl.groovy:72)
	at io.restassured.filter.FilterContext$next.call(Unknown Source)
	at io.restassured.internal.RequestSpecificationImpl.applyPathParamsAndSendRequest(RequestSpecificationImpl.groovy:1655)
	at java.base/jdk.internal.reflect.DirectMethodHandleAccessor.invoke(DirectMethodHandleAccessor.java:104)
	at java.base/java.lang.reflect.Method.invoke(Method.java:565)
	at org.codehaus.groovy.reflection.CachedMethod.invoke(CachedMethod.java:107)
	at groovy.lang.MetaMethod.doMethodInvoke(MetaMethod.java:323)
	at groovy.lang.MetaClassImpl.invokeMethod(MetaClassImpl.java:1268)
	at groovy.lang.MetaClassImpl.invokeMethod(MetaClassImpl.java:1035)
	at groovy.lang.MetaClassImpl.invokeMethod(MetaClassImpl.java:819)
	at groovy.lang.GroovyObject.invokeMethod(GroovyObject.java:39)
	at org.codehaus.groovy.runtime.callsite.PogoInterceptableSite.call(PogoInterceptableSite.java:45)
	at org.codehaus.groovy.runtime.callsite.PogoInterceptableSite.callCurrent(PogoInterceptableSite.java:55)
	at org.codehaus.groovy.runtime.callsite.AbstractCallSite.callCurrent(AbstractCallSite.java:203)
	at io.restassured.internal.RequestSpecificationImpl.applyPathParamsAndSendRequest(RequestSpecificationImpl.groovy:1661)
	at java.base/jdk.internal.reflect.DirectMethodHandleAccessor.invoke(DirectMethodHandleAccessor.java:104)
	at java.base/java.lang.reflect.Method.invoke(Method.java:565)
	at org.codehaus.groovy.reflection.CachedMethod.invoke(CachedMethod.java:107)
	at groovy.lang.MetaMethod.doMethodInvoke(MetaMethod.java:323)
	at groovy.lang.MetaClassImpl.invokeMethod(MetaClassImpl.java:1268)
	at groovy.lang.MetaClassImpl.invokeMethod(MetaClassImpl.java:1035)
	at groovy.lang.MetaClassImpl.invokeMethod(MetaClassImpl.java:819)
	at groovy.lang.GroovyObject.invokeMethod(GroovyObject.java:39)
	at org.codehaus.groovy.runtime.callsite.PogoInterceptableSite.call(PogoInterceptableSite.java:45)
	at org.codehaus.groovy.runtime.callsite.PogoInterceptableSite.callCurrent(PogoInterceptableSite.java:55)
	at org.codehaus.groovy.runtime.callsite.AbstractCallSite.callCurrent(AbstractCallSite.java:203)
	at io.restassured.internal.RequestSpecificationImpl.get(RequestSpecificationImpl.groovy:171)
	at io.restassured.internal.RequestSpecificationImpl.get(RequestSpecificationImpl.groovy)
	at StepDefinitions.GitHubAPISteps.i_send_a_get_request_to(GitHubAPISteps.java:52)
	at ✽.I send a GET request to "/repos/{owner}/test-repo-api/pulls"(file:///Users/anhthehoang/Desktop/learning-code/BDDCucumber/BDDCucumberTesting/src/test/resources/Features/UserProfile.feature:31)
&amp#27;[0m
  &amp#27;[36mThen &amp#27;[0m&amp#27;[36mthe response status code should be &amp#27;[0m&amp#27;[36m&amp#27;[1m200&amp#27;[0m                       &amp#27;[90m# StepDefinitions.GitHubAPISteps.the_response_status_code_should_be(int)&amp#27;[0m
  &amp#27;[36mAnd &amp#27;[0m&amp#27;[36mthe response should be a JSON array&amp#27;[0m                           &amp#27;[90m# StepDefinitions.GitHubIssuesAPISteps.the_response_should_be_a_json_array()&amp#27;[0m
  &amp#27;[36mAnd &amp#27;[0m&amp#27;[36meach pull request should have "&amp#27;[0m&amp#27;[36m&amp#27;[1mnumber&amp#27;[0m&amp#27;[36m" field&amp#27;[0m                  &amp#27;[90m# StepDefinitions.GitHubRepositoryAPISteps.each_pull_request_should_have_field(java.lang.String)&amp#27;[0m
  &amp#27;[36mAnd &amp#27;[0m&amp#27;[36meach pull request should have "&amp#27;[0m&amp#27;[36m&amp#27;[1mtitle&amp#27;[0m&amp#27;[36m" field&amp#27;[0m                   &amp#27;[90m# StepDefinitions.GitHubRepositoryAPISteps.each_pull_request_should_have_field(java.lang.String)&amp#27;[0m
  &amp#27;[36mAnd &amp#27;[0m&amp#27;[36meach pull request should have "&amp#27;[0m&amp#27;[36m&amp#27;[1mstate&amp#27;[0m&amp#27;[36m" field&amp#27;[0m                   &amp#27;[90m# StepDefinitions.GitHubRepositoryAPISteps.each_pull_request_should_have_field(java.lang.String)&amp#27;[0m
]]></system-out>
  </testcase>
  <testcase name="GET - Retrieve pull requests with filters" classname="GitHub Repository Management REST API Testing" time="0.221">
    <error message="Cannot invoke &quot;io.restassured.response.Response.then()&quot; because &quot;this.response&quot; is null" type="java.lang.NullPointerException"><![CDATA[java.lang.NullPointerException: Cannot invoke "io.restassured.response.Response.then()" because "this.response" is null
	at StepDefinitions.GitHubAPISteps.the_response_status_code_should_be(GitHubAPISteps.java:102)
	at ✽.the response status code should be 200(file:///Users/anhthehoang/Desktop/learning-code/BDDCucumber/BDDCucumberTesting/src/test/resources/Features/UserProfile.feature:44)
]]></error>
    <system-out><![CDATA[
Scenario: GET - Retrieve pull requests with filters                                  &amp#27;[90m# src/test/resources/Features/UserProfile.feature:38&amp#27;[0m
Setting up GitHub API authentication
  &amp#27;[32mGiven &amp#27;[0m&amp#27;[32mI have a valid GitHub API token&amp#27;[0m                                              &amp#27;[90m# StepDefinitions.GitHubAPISteps.i_have_a_valid_github_api_token()&amp#27;[0m
Base URI set to: https://api.github.com
  &amp#27;[32mAnd &amp#27;[0m&amp#27;[32mI set the base URI to "&amp#27;[0m&amp#27;[32m&amp#27;[1mhttps://api.github.com&amp#27;[0m&amp#27;[32m"&amp#27;[0m                                 &amp#27;[90m# StepDefinitions.GitHubAPISteps.i_set_the_base_uri_to(java.lang.String)&amp#27;[0m
Using test repository: test-repo-api
  &amp#27;[32mAnd &amp#27;[0m&amp#27;[32mI have a test repository "&amp#27;[0m&amp#27;[32m&amp#27;[1mtest-repo-api&amp#27;[0m&amp#27;[32m"&amp#27;[0m                                       &amp#27;[90m# StepDefinitions.GitHubIssuesAPISteps.i_have_a_test_repository(java.lang.String)&amp#27;[0m
GET request sent to: /repos/testuser/test-repo-api/pulls with parameters: {state=open, sort=created, direction=desc, base=main}
Response status: 404
  &amp#27;[32mWhen &amp#27;[0m&amp#27;[32mI send a GET request to "&amp#27;[0m&amp#27;[32m&amp#27;[1m/repos/{owner}/test-repo-api/pulls&amp#27;[0m&amp#27;[32m" with parameters:&amp#27;[0m &amp#27;[90m# StepDefinitions.GitHubIssuesAPISteps.i_send_a_get_request_with_parameters(java.lang.String,io.cucumber.datatable.DataTable)&amp#27;[0m
    | state     | open    |
    | sort      | created |
    | direction | desc    |
    | base      | main    |
  &amp#27;[31mThen &amp#27;[0m&amp#27;[31mthe response status code should be &amp#27;[0m&amp#27;[31m&amp#27;[1m200&amp#27;[0m                                        &amp#27;[90m# StepDefinitions.GitHubAPISteps.the_response_status_code_should_be(int)&amp#27;[0m
      &amp#27;[31mjava.lang.NullPointerException: Cannot invoke "io.restassured.response.Response.then()" because "this.response" is null
	at StepDefinitions.GitHubAPISteps.the_response_status_code_should_be(GitHubAPISteps.java:102)
	at ✽.the response status code should be 200(file:///Users/anhthehoang/Desktop/learning-code/BDDCucumber/BDDCucumberTesting/src/test/resources/Features/UserProfile.feature:44)
&amp#27;[0m
  &amp#27;[36mAnd &amp#27;[0m&amp#27;[36mall returned pull requests should have state "&amp#27;[0m&amp#27;[36m&amp#27;[1mopen&amp#27;[0m&amp#27;[36m"&amp#27;[0m                            &amp#27;[90m# StepDefinitions.GitHubRepositoryAPISteps.all_returned_pull_requests_should_have_state(java.lang.String)&amp#27;[0m
]]></system-out>
  </testcase>
  <testcase name="POST - Create a new pull request" classname="GitHub Repository Management REST API Testing" time="0.21">
    <error message="Cannot invoke &quot;io.restassured.response.Response.then()&quot; because &quot;this.response&quot; is null" type="java.lang.NullPointerException"><![CDATA[java.lang.NullPointerException: Cannot invoke "io.restassured.response.Response.then()" because "this.response" is null
	at StepDefinitions.GitHubAPISteps.the_response_status_code_should_be(GitHubAPISteps.java:102)
	at ✽.the response status code should be 201(file:///Users/anhthehoang/Desktop/learning-code/BDDCucumber/BDDCucumberTesting/src/test/resources/Features/UserProfile.feature:55)
]]></error>
    <system-out><![CDATA[
Scenario: POST - Create a new pull request                                                      &amp#27;[90m# src/test/resources/Features/UserProfile.feature:47&amp#27;[0m
Setting up GitHub API authentication
  &amp#27;[32mGiven &amp#27;[0m&amp#27;[32mI have a valid GitHub API token&amp#27;[0m                                                         &amp#27;[90m# StepDefinitions.GitHubAPISteps.i_have_a_valid_github_api_token()&amp#27;[0m
Base URI set to: https://api.github.com
  &amp#27;[32mAnd &amp#27;[0m&amp#27;[32mI set the base URI to "&amp#27;[0m&amp#27;[32m&amp#27;[1mhttps://api.github.com&amp#27;[0m&amp#27;[32m"&amp#27;[0m                                            &amp#27;[90m# StepDefinitions.GitHubAPISteps.i_set_the_base_uri_to(java.lang.String)&amp#27;[0m
Using test repository: test-repo-api
  &amp#27;[32mAnd &amp#27;[0m&amp#27;[32mI have a test repository "&amp#27;[0m&amp#27;[32m&amp#27;[1mtest-repo-api&amp#27;[0m&amp#27;[32m"&amp#27;[0m                                                  &amp#27;[90m# StepDefinitions.GitHubIssuesAPISteps.i_have_a_test_repository(java.lang.String)&amp#27;[0m
Using feature branch: feature-branch
  &amp#27;[32mGiven &amp#27;[0m&amp#27;[32mI have a feature branch "&amp#27;[0m&amp#27;[32m&amp#27;[1mfeature-branch&amp#27;[0m&amp#27;[32m"&amp#27;[0m                                                &amp#27;[90m# StepDefinitions.GitHubRepositoryAPISteps.i_have_a_feature_branch(java.lang.String)&amp#27;[0m
Pull request data prepared: {title=Test PR created via API, body=This is a test pull request created using GitHub REST API, head=feature-branch, base=main}
  &amp#27;[32mAnd &amp#27;[0m&amp#27;[32mI have pull request data:&amp#27;[0m                                                                 &amp#27;[90m# StepDefinitions.GitHubRepositoryAPISteps.i_have_pull_request_data(io.cucumber.datatable.DataTable)&amp#27;[0m
    | title | Test PR created via API                                   |
    | body  | This is a test pull request created using GitHub REST API |
    | head  | feature-branch                                            |
    | base  | main                                                      |
POST request sent to: /repos/testuser/test-repo-api/pulls
Response status: 401
  &amp#27;[32mWhen &amp#27;[0m&amp#27;[32mI send a POST request to "&amp#27;[0m&amp#27;[32m&amp#27;[1m/repos/{owner}/test-repo-api/pulls&amp#27;[0m&amp#27;[32m" with the pull request data&amp#27;[0m &amp#27;[90m# StepDefinitions.GitHubRepositoryAPISteps.i_send_a_post_request_with_pull_request_data(java.lang.String)&amp#27;[0m
  &amp#27;[31mThen &amp#27;[0m&amp#27;[31mthe response status code should be &amp#27;[0m&amp#27;[31m&amp#27;[1m201&amp#27;[0m                                                   &amp#27;[90m# StepDefinitions.GitHubAPISteps.the_response_status_code_should_be(int)&amp#27;[0m
      &amp#27;[31mjava.lang.NullPointerException: Cannot invoke "io.restassured.response.Response.then()" because "this.response" is null
	at StepDefinitions.GitHubAPISteps.the_response_status_code_should_be(GitHubAPISteps.java:102)
	at ✽.the response status code should be 201(file:///Users/anhthehoang/Desktop/learning-code/BDDCucumber/BDDCucumberTesting/src/test/resources/Features/UserProfile.feature:55)
&amp#27;[0m
  &amp#27;[36mAnd &amp#27;[0m&amp#27;[36mthe response should contain "&amp#27;[0m&amp#27;[36m&amp#27;[1mtitle&amp#27;[0m&amp#27;[36m" field with value "&amp#27;[0m&amp#27;[36m&amp#27;[1mTest PR created via API&amp#27;[0m&amp#27;[36m"&amp#27;[0m            &amp#27;[90m# StepDefinitions.GitHubRepositoryAPISteps.the_response_should_contain_field_with_string_value(java.lang.String,java.lang.String)&amp#27;[0m
  &amp#27;[36mAnd &amp#27;[0m&amp#27;[36mthe response should contain "&amp#27;[0m&amp#27;[36m&amp#27;[1mnumber&amp#27;[0m&amp#27;[36m" field&amp#27;[0m                                                &amp#27;[90m# StepDefinitions.GitHubAPISteps.the_response_should_contain_field(java.lang.String)&amp#27;[0m
  &amp#27;[36mAnd &amp#27;[0m&amp#27;[36mthe response should contain "&amp#27;[0m&amp#27;[36m&amp#27;[1mstate&amp#27;[0m&amp#27;[36m" field with value "&amp#27;[0m&amp#27;[36m&amp#27;[1mopen&amp#27;[0m&amp#27;[36m"&amp#27;[0m                               &amp#27;[90m# StepDefinitions.GitHubRepositoryAPISteps.the_response_should_contain_field_with_string_value(java.lang.String,java.lang.String)&amp#27;[0m
]]></system-out>
  </testcase>
  <testcase name="PATCH - Update a pull request" classname="GitHub Repository Management REST API Testing" time="0.011">
    <error message="Cannot invoke &quot;java.lang.CharSequence.toString()&quot; because &quot;replacement&quot; is null" type="java.lang.NullPointerException"><![CDATA[java.lang.NullPointerException: Cannot invoke "java.lang.CharSequence.toString()" because "replacement" is null
	at java.base/java.lang.String.replace(String.java:3164)
	at StepDefinitions.GitHubAPISteps.i_send_a_patch_request_to_with_update_data(GitHubAPISteps.java:73)
	at ✽.I send a PATCH request to "/repos/{owner}/test-repo-api/pulls/1" with the update data(file:///Users/anhthehoang/Desktop/learning-code/BDDCucumber/BDDCucumberTesting/src/test/resources/Features/UserProfile.feature:66)
]]></error>
    <system-out><![CDATA[
Scenario: PATCH - Update a pull request                                                      &amp#27;[90m# src/test/resources/Features/UserProfile.feature:60&amp#27;[0m
Setting up GitHub API authentication
  &amp#27;[32mGiven &amp#27;[0m&amp#27;[32mI have a valid GitHub API token&amp#27;[0m                                                      &amp#27;[90m# StepDefinitions.GitHubAPISteps.i_have_a_valid_github_api_token()&amp#27;[0m
Base URI set to: https://api.github.com
  &amp#27;[32mAnd &amp#27;[0m&amp#27;[32mI set the base URI to "&amp#27;[0m&amp#27;[32m&amp#27;[1mhttps://api.github.com&amp#27;[0m&amp#27;[32m"&amp#27;[0m                                         &amp#27;[90m# StepDefinitions.GitHubAPISteps.i_set_the_base_uri_to(java.lang.String)&amp#27;[0m
Using test repository: test-repo-api
  &amp#27;[32mAnd &amp#27;[0m&amp#27;[32mI have a test repository "&amp#27;[0m&amp#27;[32m&amp#27;[1mtest-repo-api&amp#27;[0m&amp#27;[32m"&amp#27;[0m                                               &amp#27;[90m# StepDefinitions.GitHubIssuesAPISteps.i_have_a_test_repository(java.lang.String)&amp#27;[0m
Using existing pull request number: 1
  &amp#27;[32mGiven &amp#27;[0m&amp#27;[32mI have an existing pull request with number &amp#27;[0m&amp#27;[32m&amp#27;[1m1&amp#27;[0m                                        &amp#27;[90m# StepDefinitions.GitHubRepositoryAPISteps.i_have_an_existing_pull_request_with_number(int)&amp#27;[0m
Update data prepared: {title=Updated PR title, body=Updated PR body via API, state=closed}
  &amp#27;[32mAnd &amp#27;[0m&amp#27;[32mI have update data:&amp#27;[0m                                                                    &amp#27;[90m# StepDefinitions.GitHubAPISteps.i_have_update_data(io.cucumber.datatable.DataTable)&amp#27;[0m
    | title | Updated PR title        |
    | body  | Updated PR body via API |
    | state | closed                  |
  &amp#27;[31mWhen &amp#27;[0m&amp#27;[31mI send a PATCH request to "&amp#27;[0m&amp#27;[31m&amp#27;[1m/repos/{owner}/test-repo-api/pulls/1&amp#27;[0m&amp#27;[31m" with the update data&amp#27;[0m &amp#27;[90m# StepDefinitions.GitHubAPISteps.i_send_a_patch_request_to_with_update_data(java.lang.String)&amp#27;[0m
      &amp#27;[31mjava.lang.NullPointerException: Cannot invoke "java.lang.CharSequence.toString()" because "replacement" is null
	at java.base/java.lang.String.replace(String.java:3164)
	at StepDefinitions.GitHubAPISteps.i_send_a_patch_request_to_with_update_data(GitHubAPISteps.java:73)
	at ✽.I send a PATCH request to "/repos/{owner}/test-repo-api/pulls/1" with the update data(file:///Users/anhthehoang/Desktop/learning-code/BDDCucumber/BDDCucumberTesting/src/test/resources/Features/UserProfile.feature:66)
&amp#27;[0m
  &amp#27;[36mThen &amp#27;[0m&amp#27;[36mthe response status code should be &amp#27;[0m&amp#27;[36m&amp#27;[1m200&amp#27;[0m                                                &amp#27;[90m# StepDefinitions.GitHubAPISteps.the_response_status_code_should_be(int)&amp#27;[0m
  &amp#27;[36mAnd &amp#27;[0m&amp#27;[36mthe response should contain "&amp#27;[0m&amp#27;[36m&amp#27;[1mtitle&amp#27;[0m&amp#27;[36m" field with value "&amp#27;[0m&amp#27;[36m&amp#27;[1mUpdated PR title&amp#27;[0m&amp#27;[36m"&amp#27;[0m                &amp#27;[90m# StepDefinitions.GitHubRepositoryAPISteps.the_response_should_contain_field_with_string_value(java.lang.String,java.lang.String)&amp#27;[0m
  &amp#27;[36mAnd &amp#27;[0m&amp#27;[36mthe response should contain "&amp#27;[0m&amp#27;[36m&amp#27;[1mstate&amp#27;[0m&amp#27;[36m" field with value "&amp#27;[0m&amp#27;[36m&amp#27;[1mclosed&amp#27;[0m&amp#27;[36m"&amp#27;[0m                          &amp#27;[90m# StepDefinitions.GitHubRepositoryAPISteps.the_response_should_contain_field_with_string_value(java.lang.String,java.lang.String)&amp#27;[0m
]]></system-out>
  </testcase>
  <testcase name="GET - Retrieve repository releases" classname="GitHub Repository Management REST API Testing" time="0.005">
    <error message="Invalid number of path parameters. Expected 1, was 0. Undefined path parameters are: owner." type="java.lang.IllegalArgumentException"><![CDATA[java.lang.IllegalArgumentException: Invalid number of path parameters. Expected 1, was 0. Undefined path parameters are: owner.
	at java.base/jdk.internal.reflect.DirectConstructorHandleAccessor.newInstance(DirectConstructorHandleAccessor.java:62)
	at java.base/java.lang.reflect.Constructor.newInstanceWithCaller(Constructor.java:499)
	at java.base/java.lang.reflect.Constructor.newInstance(Constructor.java:483)
	at org.codehaus.groovy.reflection.CachedConstructor.invoke(CachedConstructor.java:72)
	at org.codehaus.groovy.reflection.CachedConstructor.doConstructorInvoke(CachedConstructor.java:59)
	at org.codehaus.groovy.runtime.callsite.ConstructorSite$ConstructorSiteNoUnwrap.callConstructor(ConstructorSite.java:84)
	at org.codehaus.groovy.runtime.callsite.AbstractCallSite.callConstructor(AbstractCallSite.java:277)
	at io.restassured.internal.RequestSpecificationImpl.assertCorrectNumberOfPathParams(RequestSpecificationImpl.groovy:1248)
	at java.base/jdk.internal.reflect.DirectMethodHandleAccessor.invoke(DirectMethodHandleAccessor.java:104)
	at java.base/java.lang.reflect.Method.invoke(Method.java:565)
	at org.codehaus.groovy.reflection.CachedMethod.invoke(CachedMethod.java:107)
	at groovy.lang.MetaMethod.doMethodInvoke(MetaMethod.java:323)
	at groovy.lang.MetaClassImpl.invokeMethod(MetaClassImpl.java:1268)
	at groovy.lang.MetaClassImpl.invokeMethod(MetaClassImpl.java:1035)
	at groovy.lang.MetaClassImpl.invokeMethod(MetaClassImpl.java:819)
	at groovy.lang.GroovyObject.invokeMethod(GroovyObject.java:39)
	at org.codehaus.groovy.runtime.callsite.PogoInterceptableSite.call(PogoInterceptableSite.java:45)
	at org.codehaus.groovy.runtime.callsite.PogoInterceptableSite.callCurrent(PogoInterceptableSite.java:55)
	at org.codehaus.groovy.runtime.callsite.AbstractCallSite.callCurrent(AbstractCallSite.java:176)
	at io.restassured.internal.RequestSpecificationImpl.sendRequest(RequestSpecificationImpl.groovy:1135)
	at java.base/jdk.internal.reflect.DirectMethodHandleAccessor.invoke(DirectMethodHandleAccessor.java:104)
	at java.base/java.lang.reflect.Method.invoke(Method.java:565)
	at org.codehaus.groovy.reflection.CachedMethod.invoke(CachedMethod.java:107)
	at groovy.lang.MetaMethod.doMethodInvoke(MetaMethod.java:323)
	at groovy.lang.MetaClassImpl.invokeMethod(MetaClassImpl.java:1268)
	at groovy.lang.MetaClassImpl.invokeMethod(MetaClassImpl.java:1035)
	at groovy.lang.MetaClassImpl.invokeMethod(MetaClassImpl.java:819)
	at groovy.lang.GroovyObject.invokeMethod(GroovyObject.java:39)
	at org.codehaus.groovy.runtime.callsite.PogoInterceptableSite.call(PogoInterceptableSite.java:45)
	at org.codehaus.groovy.runtime.callsite.AbstractCallSite.call(AbstractCallSite.java:166)
	at io.restassured.internal.filter.SendRequestFilter.filter(SendRequestFilter.groovy:30)
	at io.restassured.filter.Filter$filter$0.call(Unknown Source)
	at org.codehaus.groovy.runtime.callsite.CallSiteArray.defaultCall(CallSiteArray.java:47)
	at io.restassured.filter.Filter$filter.call(Unknown Source)
	at io.restassured.internal.filter.FilterContextImpl.next(FilterContextImpl.groovy:72)
	at io.restassured.filter.time.TimingFilter.filter(TimingFilter.java:56)
	at io.restassured.filter.Filter$filter.call(Unknown Source)
	at org.codehaus.groovy.runtime.callsite.CallSiteArray.defaultCall(CallSiteArray.java:47)
	at io.restassured.filter.Filter$filter$0.call(Unknown Source)
	at io.restassured.internal.filter.FilterContextImpl.next(FilterContextImpl.groovy:72)
	at io.restassured.filter.FilterContext$next.call(Unknown Source)
	at io.restassured.internal.RequestSpecificationImpl.applyPathParamsAndSendRequest(RequestSpecificationImpl.groovy:1655)
	at java.base/jdk.internal.reflect.DirectMethodHandleAccessor.invoke(DirectMethodHandleAccessor.java:104)
	at java.base/java.lang.reflect.Method.invoke(Method.java:565)
	at org.codehaus.groovy.reflection.CachedMethod.invoke(CachedMethod.java:107)
	at groovy.lang.MetaMethod.doMethodInvoke(MetaMethod.java:323)
	at groovy.lang.MetaClassImpl.invokeMethod(MetaClassImpl.java:1268)
	at groovy.lang.MetaClassImpl.invokeMethod(MetaClassImpl.java:1035)
	at groovy.lang.MetaClassImpl.invokeMethod(MetaClassImpl.java:819)
	at groovy.lang.GroovyObject.invokeMethod(GroovyObject.java:39)
	at org.codehaus.groovy.runtime.callsite.PogoInterceptableSite.call(PogoInterceptableSite.java:45)
	at org.codehaus.groovy.runtime.callsite.PogoInterceptableSite.callCurrent(PogoInterceptableSite.java:55)
	at org.codehaus.groovy.runtime.callsite.AbstractCallSite.callCurrent(AbstractCallSite.java:203)
	at io.restassured.internal.RequestSpecificationImpl.applyPathParamsAndSendRequest(RequestSpecificationImpl.groovy:1661)
	at java.base/jdk.internal.reflect.DirectMethodHandleAccessor.invoke(DirectMethodHandleAccessor.java:104)
	at java.base/java.lang.reflect.Method.invoke(Method.java:565)
	at org.codehaus.groovy.reflection.CachedMethod.invoke(CachedMethod.java:107)
	at groovy.lang.MetaMethod.doMethodInvoke(MetaMethod.java:323)
	at groovy.lang.MetaClassImpl.invokeMethod(MetaClassImpl.java:1268)
	at groovy.lang.MetaClassImpl.invokeMethod(MetaClassImpl.java:1035)
	at groovy.lang.MetaClassImpl.invokeMethod(MetaClassImpl.java:819)
	at groovy.lang.GroovyObject.invokeMethod(GroovyObject.java:39)
	at org.codehaus.groovy.runtime.callsite.PogoInterceptableSite.call(PogoInterceptableSite.java:45)
	at org.codehaus.groovy.runtime.callsite.PogoInterceptableSite.callCurrent(PogoInterceptableSite.java:55)
	at org.codehaus.groovy.runtime.callsite.AbstractCallSite.callCurrent(AbstractCallSite.java:203)
	at io.restassured.internal.RequestSpecificationImpl.get(RequestSpecificationImpl.groovy:171)
	at io.restassured.internal.RequestSpecificationImpl.get(RequestSpecificationImpl.groovy)
	at StepDefinitions.GitHubAPISteps.i_send_a_get_request_to(GitHubAPISteps.java:52)
	at ✽.I send a GET request to "/repos/{owner}/test-repo-api/releases"(file:///Users/anhthehoang/Desktop/learning-code/BDDCucumber/BDDCucumberTesting/src/test/resources/Features/UserProfile.feature:72)
]]></error>
    <system-out><![CDATA[
Scenario: GET - Retrieve repository releases                           &amp#27;[90m# src/test/resources/Features/UserProfile.feature:71&amp#27;[0m
Setting up GitHub API authentication
  &amp#27;[32mGiven &amp#27;[0m&amp#27;[32mI have a valid GitHub API token&amp#27;[0m                                &amp#27;[90m# StepDefinitions.GitHubAPISteps.i_have_a_valid_github_api_token()&amp#27;[0m
Base URI set to: https://api.github.com
  &amp#27;[32mAnd &amp#27;[0m&amp#27;[32mI set the base URI to "&amp#27;[0m&amp#27;[32m&amp#27;[1mhttps://api.github.com&amp#27;[0m&amp#27;[32m"&amp#27;[0m                   &amp#27;[90m# StepDefinitions.GitHubAPISteps.i_set_the_base_uri_to(java.lang.String)&amp#27;[0m
Using test repository: test-repo-api
  &amp#27;[32mAnd &amp#27;[0m&amp#27;[32mI have a test repository "&amp#27;[0m&amp#27;[32m&amp#27;[1mtest-repo-api&amp#27;[0m&amp#27;[32m"&amp#27;[0m                         &amp#27;[90m# StepDefinitions.GitHubIssuesAPISteps.i_have_a_test_repository(java.lang.String)&amp#27;[0m
  &amp#27;[31mWhen &amp#27;[0m&amp#27;[31mI send a GET request to "&amp#27;[0m&amp#27;[31m&amp#27;[1m/repos/{owner}/test-repo-api/releases&amp#27;[0m&amp#27;[31m"&amp#27;[0m &amp#27;[90m# StepDefinitions.GitHubAPISteps.i_send_a_get_request_to(java.lang.String)&amp#27;[0m
      &amp#27;[31mjava.lang.IllegalArgumentException: Invalid number of path parameters. Expected 1, was 0. Undefined path parameters are: owner.
	at java.base/jdk.internal.reflect.DirectConstructorHandleAccessor.newInstance(DirectConstructorHandleAccessor.java:62)
	at java.base/java.lang.reflect.Constructor.newInstanceWithCaller(Constructor.java:499)
	at java.base/java.lang.reflect.Constructor.newInstance(Constructor.java:483)
	at org.codehaus.groovy.reflection.CachedConstructor.invoke(CachedConstructor.java:72)
	at org.codehaus.groovy.reflection.CachedConstructor.doConstructorInvoke(CachedConstructor.java:59)
	at org.codehaus.groovy.runtime.callsite.ConstructorSite$ConstructorSiteNoUnwrap.callConstructor(ConstructorSite.java:84)
	at org.codehaus.groovy.runtime.callsite.AbstractCallSite.callConstructor(AbstractCallSite.java:277)
	at io.restassured.internal.RequestSpecificationImpl.assertCorrectNumberOfPathParams(RequestSpecificationImpl.groovy:1248)
	at java.base/jdk.internal.reflect.DirectMethodHandleAccessor.invoke(DirectMethodHandleAccessor.java:104)
	at java.base/java.lang.reflect.Method.invoke(Method.java:565)
	at org.codehaus.groovy.reflection.CachedMethod.invoke(CachedMethod.java:107)
	at groovy.lang.MetaMethod.doMethodInvoke(MetaMethod.java:323)
	at groovy.lang.MetaClassImpl.invokeMethod(MetaClassImpl.java:1268)
	at groovy.lang.MetaClassImpl.invokeMethod(MetaClassImpl.java:1035)
	at groovy.lang.MetaClassImpl.invokeMethod(MetaClassImpl.java:819)
	at groovy.lang.GroovyObject.invokeMethod(GroovyObject.java:39)
	at org.codehaus.groovy.runtime.callsite.PogoInterceptableSite.call(PogoInterceptableSite.java:45)
	at org.codehaus.groovy.runtime.callsite.PogoInterceptableSite.callCurrent(PogoInterceptableSite.java:55)
	at org.codehaus.groovy.runtime.callsite.AbstractCallSite.callCurrent(AbstractCallSite.java:176)
	at io.restassured.internal.RequestSpecificationImpl.sendRequest(RequestSpecificationImpl.groovy:1135)
	at java.base/jdk.internal.reflect.DirectMethodHandleAccessor.invoke(DirectMethodHandleAccessor.java:104)
	at java.base/java.lang.reflect.Method.invoke(Method.java:565)
	at org.codehaus.groovy.reflection.CachedMethod.invoke(CachedMethod.java:107)
	at groovy.lang.MetaMethod.doMethodInvoke(MetaMethod.java:323)
	at groovy.lang.MetaClassImpl.invokeMethod(MetaClassImpl.java:1268)
	at groovy.lang.MetaClassImpl.invokeMethod(MetaClassImpl.java:1035)
	at groovy.lang.MetaClassImpl.invokeMethod(MetaClassImpl.java:819)
	at groovy.lang.GroovyObject.invokeMethod(GroovyObject.java:39)
	at org.codehaus.groovy.runtime.callsite.PogoInterceptableSite.call(PogoInterceptableSite.java:45)
	at org.codehaus.groovy.runtime.callsite.AbstractCallSite.call(AbstractCallSite.java:166)
	at io.restassured.internal.filter.SendRequestFilter.filter(SendRequestFilter.groovy:30)
	at io.restassured.filter.Filter$filter$0.call(Unknown Source)
	at org.codehaus.groovy.runtime.callsite.CallSiteArray.defaultCall(CallSiteArray.java:47)
	at io.restassured.filter.Filter$filter.call(Unknown Source)
	at io.restassured.internal.filter.FilterContextImpl.next(FilterContextImpl.groovy:72)
	at io.restassured.filter.time.TimingFilter.filter(TimingFilter.java:56)
	at io.restassured.filter.Filter$filter.call(Unknown Source)
	at org.codehaus.groovy.runtime.callsite.CallSiteArray.defaultCall(CallSiteArray.java:47)
	at io.restassured.filter.Filter$filter$0.call(Unknown Source)
	at io.restassured.internal.filter.FilterContextImpl.next(FilterContextImpl.groovy:72)
	at io.restassured.filter.FilterContext$next.call(Unknown Source)
	at io.restassured.internal.RequestSpecificationImpl.applyPathParamsAndSendRequest(RequestSpecificationImpl.groovy:1655)
	at java.base/jdk.internal.reflect.DirectMethodHandleAccessor.invoke(DirectMethodHandleAccessor.java:104)
	at java.base/java.lang.reflect.Method.invoke(Method.java:565)
	at org.codehaus.groovy.reflection.CachedMethod.invoke(CachedMethod.java:107)
	at groovy.lang.MetaMethod.doMethodInvoke(MetaMethod.java:323)
	at groovy.lang.MetaClassImpl.invokeMethod(MetaClassImpl.java:1268)
	at groovy.lang.MetaClassImpl.invokeMethod(MetaClassImpl.java:1035)
	at groovy.lang.MetaClassImpl.invokeMethod(MetaClassImpl.java:819)
	at groovy.lang.GroovyObject.invokeMethod(GroovyObject.java:39)
	at org.codehaus.groovy.runtime.callsite.PogoInterceptableSite.call(PogoInterceptableSite.java:45)
	at org.codehaus.groovy.runtime.callsite.PogoInterceptableSite.callCurrent(PogoInterceptableSite.java:55)
	at org.codehaus.groovy.runtime.callsite.AbstractCallSite.callCurrent(AbstractCallSite.java:203)
	at io.restassured.internal.RequestSpecificationImpl.applyPathParamsAndSendRequest(RequestSpecificationImpl.groovy:1661)
	at java.base/jdk.internal.reflect.DirectMethodHandleAccessor.invoke(DirectMethodHandleAccessor.java:104)
	at java.base/java.lang.reflect.Method.invoke(Method.java:565)
	at org.codehaus.groovy.reflection.CachedMethod.invoke(CachedMethod.java:107)
	at groovy.lang.MetaMethod.doMethodInvoke(MetaMethod.java:323)
	at groovy.lang.MetaClassImpl.invokeMethod(MetaClassImpl.java:1268)
	at groovy.lang.MetaClassImpl.invokeMethod(MetaClassImpl.java:1035)
	at groovy.lang.MetaClassImpl.invokeMethod(MetaClassImpl.java:819)
	at groovy.lang.GroovyObject.invokeMethod(GroovyObject.java:39)
	at org.codehaus.groovy.runtime.callsite.PogoInterceptableSite.call(PogoInterceptableSite.java:45)
	at org.codehaus.groovy.runtime.callsite.PogoInterceptableSite.callCurrent(PogoInterceptableSite.java:55)
	at org.codehaus.groovy.runtime.callsite.AbstractCallSite.callCurrent(AbstractCallSite.java:203)
	at io.restassured.internal.RequestSpecificationImpl.get(RequestSpecificationImpl.groovy:171)
	at io.restassured.internal.RequestSpecificationImpl.get(RequestSpecificationImpl.groovy)
	at StepDefinitions.GitHubAPISteps.i_send_a_get_request_to(GitHubAPISteps.java:52)
	at ✽.I send a GET request to "/repos/{owner}/test-repo-api/releases"(file:///Users/anhthehoang/Desktop/learning-code/BDDCucumber/BDDCucumberTesting/src/test/resources/Features/UserProfile.feature:72)
&amp#27;[0m
  &amp#27;[36mThen &amp#27;[0m&amp#27;[36mthe response status code should be &amp#27;[0m&amp#27;[36m&amp#27;[1m200&amp#27;[0m                          &amp#27;[90m# StepDefinitions.GitHubAPISteps.the_response_status_code_should_be(int)&amp#27;[0m
  &amp#27;[36mAnd &amp#27;[0m&amp#27;[36mthe response should be a JSON array&amp#27;[0m                              &amp#27;[90m# StepDefinitions.GitHubIssuesAPISteps.the_response_should_be_a_json_array()&amp#27;[0m
  &amp#27;[36mAnd &amp#27;[0m&amp#27;[36meach release should have "&amp#27;[0m&amp#27;[36m&amp#27;[1mtag_name&amp#27;[0m&amp#27;[36m" field&amp#27;[0m                        &amp#27;[90m# StepDefinitions.GitHubRepositoryAPISteps.each_release_should_have_field(java.lang.String)&amp#27;[0m
  &amp#27;[36mAnd &amp#27;[0m&amp#27;[36meach release should have "&amp#27;[0m&amp#27;[36m&amp#27;[1mname&amp#27;[0m&amp#27;[36m" field&amp#27;[0m                            &amp#27;[90m# StepDefinitions.GitHubRepositoryAPISteps.each_release_should_have_field(java.lang.String)&amp#27;[0m
]]></system-out>
  </testcase>
  <testcase name="POST - Create a new release" classname="GitHub Repository Management REST API Testing" time="0.206">
    <error message="Cannot invoke &quot;io.restassured.response.Response.then()&quot; because &quot;this.response&quot; is null" type="java.lang.NullPointerException"><![CDATA[java.lang.NullPointerException: Cannot invoke "io.restassured.response.Response.then()" because "this.response" is null
	at StepDefinitions.GitHubAPISteps.the_response_status_code_should_be(GitHubAPISteps.java:102)
	at ✽.the response status code should be 201(file:///Users/anhthehoang/Desktop/learning-code/BDDCucumber/BDDCucumberTesting/src/test/resources/Features/UserProfile.feature:86)
]]></error>
    <system-out><![CDATA[
Scenario: POST - Create a new release                                                         &amp#27;[90m# src/test/resources/Features/UserProfile.feature:78&amp#27;[0m
Setting up GitHub API authentication
  &amp#27;[32mGiven &amp#27;[0m&amp#27;[32mI have a valid GitHub API token&amp#27;[0m                                                       &amp#27;[90m# StepDefinitions.GitHubAPISteps.i_have_a_valid_github_api_token()&amp#27;[0m
Base URI set to: https://api.github.com
  &amp#27;[32mAnd &amp#27;[0m&amp#27;[32mI set the base URI to "&amp#27;[0m&amp#27;[32m&amp#27;[1mhttps://api.github.com&amp#27;[0m&amp#27;[32m"&amp#27;[0m                                          &amp#27;[90m# StepDefinitions.GitHubAPISteps.i_set_the_base_uri_to(java.lang.String)&amp#27;[0m
Using test repository: test-repo-api
  &amp#27;[32mAnd &amp#27;[0m&amp#27;[32mI have a test repository "&amp#27;[0m&amp#27;[32m&amp#27;[1mtest-repo-api&amp#27;[0m&amp#27;[32m"&amp#27;[0m                                                &amp#27;[90m# StepDefinitions.GitHubIssuesAPISteps.i_have_a_test_repository(java.lang.String)&amp#27;[0m
Release data prepared: {tag_name=v1.0.0, prerelease=false, draft=false, name=Version 1.0.0, body=First release created via API}
  &amp#27;[32mGiven &amp#27;[0m&amp#27;[32mI have release data:&amp#27;[0m                                                                  &amp#27;[90m# StepDefinitions.GitHubRepositoryAPISteps.i_have_release_data(io.cucumber.datatable.DataTable)&amp#27;[0m
    | tag_name   | v1.0.0                        |
    | name       | Version 1.0.0                 |
    | body       | First release created via API |
    | draft      | false                         |
    | prerelease | false                         |
POST request sent to: /repos/testuser/test-repo-api/releases
Response status: 401
  &amp#27;[32mWhen &amp#27;[0m&amp#27;[32mI send a POST request to "&amp#27;[0m&amp#27;[32m&amp#27;[1m/repos/{owner}/test-repo-api/releases&amp#27;[0m&amp#27;[32m" with the release data&amp#27;[0m &amp#27;[90m# StepDefinitions.GitHubRepositoryAPISteps.i_send_a_post_request_with_release_data(java.lang.String)&amp#27;[0m
  &amp#27;[31mThen &amp#27;[0m&amp#27;[31mthe response status code should be &amp#27;[0m&amp#27;[31m&amp#27;[1m201&amp#27;[0m                                                 &amp#27;[90m# StepDefinitions.GitHubAPISteps.the_response_status_code_should_be(int)&amp#27;[0m
      &amp#27;[31mjava.lang.NullPointerException: Cannot invoke "io.restassured.response.Response.then()" because "this.response" is null
	at StepDefinitions.GitHubAPISteps.the_response_status_code_should_be(GitHubAPISteps.java:102)
	at ✽.the response status code should be 201(file:///Users/anhthehoang/Desktop/learning-code/BDDCucumber/BDDCucumberTesting/src/test/resources/Features/UserProfile.feature:86)
&amp#27;[0m
  &amp#27;[36mAnd &amp#27;[0m&amp#27;[36mthe response should contain "&amp#27;[0m&amp#27;[36m&amp#27;[1mtag_name&amp#27;[0m&amp#27;[36m" field with value "&amp#27;[0m&amp#27;[36m&amp#27;[1mv1.0.0&amp#27;[0m&amp#27;[36m"&amp#27;[0m                        &amp#27;[90m# StepDefinitions.GitHubRepositoryAPISteps.the_response_should_contain_field_with_string_value(java.lang.String,java.lang.String)&amp#27;[0m
  &amp#27;[36mAnd &amp#27;[0m&amp#27;[36mthe response should contain "&amp#27;[0m&amp#27;[36m&amp#27;[1mname&amp#27;[0m&amp#27;[36m" field with value "&amp#27;[0m&amp#27;[36m&amp#27;[1mVersion 1.0.0&amp#27;[0m&amp#27;[36m"&amp#27;[0m                     &amp#27;[90m# StepDefinitions.GitHubRepositoryAPISteps.the_response_should_contain_field_with_string_value(java.lang.String,java.lang.String)&amp#27;[0m
]]></system-out>
  </testcase>
  <testcase name="DELETE - Delete a release" classname="GitHub Repository Management REST API Testing" time="0.005">
    <error message="Cannot invoke &quot;java.lang.CharSequence.toString()&quot; because &quot;replacement&quot; is null" type="java.lang.NullPointerException"><![CDATA[java.lang.NullPointerException: Cannot invoke "java.lang.CharSequence.toString()" because "replacement" is null
	at java.base/java.lang.String.replace(String.java:3164)
	at StepDefinitions.GitHubAPISteps.i_send_a_delete_request_to(GitHubAPISteps.java:89)
	at ✽.I send a DELETE request to "/repos/{owner}/test-repo-api/releases/12345"(file:///Users/anhthehoang/Desktop/learning-code/BDDCucumber/BDDCucumberTesting/src/test/resources/Features/UserProfile.feature:92)
]]></error>
    <system-out><![CDATA[
Scenario: DELETE - Delete a release                                             &amp#27;[90m# src/test/resources/Features/UserProfile.feature:90&amp#27;[0m
Setting up GitHub API authentication
  &amp#27;[32mGiven &amp#27;[0m&amp#27;[32mI have a valid GitHub API token&amp#27;[0m                                         &amp#27;[90m# StepDefinitions.GitHubAPISteps.i_have_a_valid_github_api_token()&amp#27;[0m
Base URI set to: https://api.github.com
  &amp#27;[32mAnd &amp#27;[0m&amp#27;[32mI set the base URI to "&amp#27;[0m&amp#27;[32m&amp#27;[1mhttps://api.github.com&amp#27;[0m&amp#27;[32m"&amp#27;[0m                            &amp#27;[90m# StepDefinitions.GitHubAPISteps.i_set_the_base_uri_to(java.lang.String)&amp#27;[0m
Using test repository: test-repo-api
  &amp#27;[32mAnd &amp#27;[0m&amp#27;[32mI have a test repository "&amp#27;[0m&amp#27;[32m&amp#27;[1mtest-repo-api&amp#27;[0m&amp#27;[32m"&amp#27;[0m                                  &amp#27;[90m# StepDefinitions.GitHubIssuesAPISteps.i_have_a_test_repository(java.lang.String)&amp#27;[0m
Using existing release id: 12345
  &amp#27;[32mGiven &amp#27;[0m&amp#27;[32mI have an existing release with id &amp#27;[0m&amp#27;[32m&amp#27;[1m12345&amp#27;[0m                                &amp#27;[90m# StepDefinitions.GitHubRepositoryAPISteps.i_have_an_existing_release_with_id(int)&amp#27;[0m
  &amp#27;[31mWhen &amp#27;[0m&amp#27;[31mI send a DELETE request to "&amp#27;[0m&amp#27;[31m&amp#27;[1m/repos/{owner}/test-repo-api/releases/12345&amp#27;[0m&amp#27;[31m"&amp#27;[0m &amp#27;[90m# StepDefinitions.GitHubAPISteps.i_send_a_delete_request_to(java.lang.String)&amp#27;[0m
      &amp#27;[31mjava.lang.NullPointerException: Cannot invoke "java.lang.CharSequence.toString()" because "replacement" is null
	at java.base/java.lang.String.replace(String.java:3164)
	at StepDefinitions.GitHubAPISteps.i_send_a_delete_request_to(GitHubAPISteps.java:89)
	at ✽.I send a DELETE request to "/repos/{owner}/test-repo-api/releases/12345"(file:///Users/anhthehoang/Desktop/learning-code/BDDCucumber/BDDCucumberTesting/src/test/resources/Features/UserProfile.feature:92)
&amp#27;[0m
  &amp#27;[36mThen &amp#27;[0m&amp#27;[36mthe response status code should be &amp#27;[0m&amp#27;[36m&amp#27;[1m204&amp#27;[0m                                   &amp#27;[90m# StepDefinitions.GitHubAPISteps.the_response_status_code_should_be(int)&amp#27;[0m
  &amp#27;[36mAnd &amp#27;[0m&amp#27;[36mthe release should no longer exist&amp#27;[0m                                        &amp#27;[90m# StepDefinitions.GitHubRepositoryAPISteps.the_release_should_no_longer_exist()&amp#27;[0m
]]></system-out>
  </testcase>
  <testcase name="GET - Retrieve repository contents" classname="GitHub Repository Management REST API Testing" time="0.007">
    <error message="Invalid number of path parameters. Expected 1, was 0. Undefined path parameters are: owner." type="java.lang.IllegalArgumentException"><![CDATA[java.lang.IllegalArgumentException: Invalid number of path parameters. Expected 1, was 0. Undefined path parameters are: owner.
	at java.base/jdk.internal.reflect.DirectConstructorHandleAccessor.newInstance(DirectConstructorHandleAccessor.java:62)
	at java.base/java.lang.reflect.Constructor.newInstanceWithCaller(Constructor.java:499)
	at java.base/java.lang.reflect.Constructor.newInstance(Constructor.java:483)
	at org.codehaus.groovy.reflection.CachedConstructor.invoke(CachedConstructor.java:72)
	at org.codehaus.groovy.reflection.CachedConstructor.doConstructorInvoke(CachedConstructor.java:59)
	at org.codehaus.groovy.runtime.callsite.ConstructorSite$ConstructorSiteNoUnwrap.callConstructor(ConstructorSite.java:84)
	at org.codehaus.groovy.runtime.callsite.AbstractCallSite.callConstructor(AbstractCallSite.java:277)
	at io.restassured.internal.RequestSpecificationImpl.assertCorrectNumberOfPathParams(RequestSpecificationImpl.groovy:1248)
	at java.base/jdk.internal.reflect.DirectMethodHandleAccessor.invoke(DirectMethodHandleAccessor.java:104)
	at java.base/java.lang.reflect.Method.invoke(Method.java:565)
	at org.codehaus.groovy.reflection.CachedMethod.invoke(CachedMethod.java:107)
	at groovy.lang.MetaMethod.doMethodInvoke(MetaMethod.java:323)
	at groovy.lang.MetaClassImpl.invokeMethod(MetaClassImpl.java:1268)
	at groovy.lang.MetaClassImpl.invokeMethod(MetaClassImpl.java:1035)
	at groovy.lang.MetaClassImpl.invokeMethod(MetaClassImpl.java:819)
	at groovy.lang.GroovyObject.invokeMethod(GroovyObject.java:39)
	at org.codehaus.groovy.runtime.callsite.PogoInterceptableSite.call(PogoInterceptableSite.java:45)
	at org.codehaus.groovy.runtime.callsite.PogoInterceptableSite.callCurrent(PogoInterceptableSite.java:55)
	at org.codehaus.groovy.runtime.callsite.AbstractCallSite.callCurrent(AbstractCallSite.java:176)
	at io.restassured.internal.RequestSpecificationImpl.sendRequest(RequestSpecificationImpl.groovy:1135)
	at java.base/jdk.internal.reflect.DirectMethodHandleAccessor.invoke(DirectMethodHandleAccessor.java:104)
	at java.base/java.lang.reflect.Method.invoke(Method.java:565)
	at org.codehaus.groovy.reflection.CachedMethod.invoke(CachedMethod.java:107)
	at groovy.lang.MetaMethod.doMethodInvoke(MetaMethod.java:323)
	at groovy.lang.MetaClassImpl.invokeMethod(MetaClassImpl.java:1268)
	at groovy.lang.MetaClassImpl.invokeMethod(MetaClassImpl.java:1035)
	at groovy.lang.MetaClassImpl.invokeMethod(MetaClassImpl.java:819)
	at groovy.lang.GroovyObject.invokeMethod(GroovyObject.java:39)
	at org.codehaus.groovy.runtime.callsite.PogoInterceptableSite.call(PogoInterceptableSite.java:45)
	at org.codehaus.groovy.runtime.callsite.AbstractCallSite.call(AbstractCallSite.java:166)
	at io.restassured.internal.filter.SendRequestFilter.filter(SendRequestFilter.groovy:30)
	at io.restassured.filter.Filter$filter$0.call(Unknown Source)
	at org.codehaus.groovy.runtime.callsite.CallSiteArray.defaultCall(CallSiteArray.java:47)
	at io.restassured.filter.Filter$filter.call(Unknown Source)
	at io.restassured.internal.filter.FilterContextImpl.next(FilterContextImpl.groovy:72)
	at io.restassured.filter.time.TimingFilter.filter(TimingFilter.java:56)
	at io.restassured.filter.Filter$filter.call(Unknown Source)
	at org.codehaus.groovy.runtime.callsite.CallSiteArray.defaultCall(CallSiteArray.java:47)
	at io.restassured.filter.Filter$filter$0.call(Unknown Source)
	at io.restassured.internal.filter.FilterContextImpl.next(FilterContextImpl.groovy:72)
	at io.restassured.filter.FilterContext$next.call(Unknown Source)
	at io.restassured.internal.RequestSpecificationImpl.applyPathParamsAndSendRequest(RequestSpecificationImpl.groovy:1655)
	at java.base/jdk.internal.reflect.DirectMethodHandleAccessor.invoke(DirectMethodHandleAccessor.java:104)
	at java.base/java.lang.reflect.Method.invoke(Method.java:565)
	at org.codehaus.groovy.reflection.CachedMethod.invoke(CachedMethod.java:107)
	at groovy.lang.MetaMethod.doMethodInvoke(MetaMethod.java:323)
	at groovy.lang.MetaClassImpl.invokeMethod(MetaClassImpl.java:1268)
	at groovy.lang.MetaClassImpl.invokeMethod(MetaClassImpl.java:1035)
	at groovy.lang.MetaClassImpl.invokeMethod(MetaClassImpl.java:819)
	at groovy.lang.GroovyObject.invokeMethod(GroovyObject.java:39)
	at org.codehaus.groovy.runtime.callsite.PogoInterceptableSite.call(PogoInterceptableSite.java:45)
	at org.codehaus.groovy.runtime.callsite.PogoInterceptableSite.callCurrent(PogoInterceptableSite.java:55)
	at org.codehaus.groovy.runtime.callsite.AbstractCallSite.callCurrent(AbstractCallSite.java:203)
	at io.restassured.internal.RequestSpecificationImpl.applyPathParamsAndSendRequest(RequestSpecificationImpl.groovy:1661)
	at java.base/jdk.internal.reflect.DirectMethodHandleAccessor.invoke(DirectMethodHandleAccessor.java:104)
	at java.base/java.lang.reflect.Method.invoke(Method.java:565)
	at org.codehaus.groovy.reflection.CachedMethod.invoke(CachedMethod.java:107)
	at groovy.lang.MetaMethod.doMethodInvoke(MetaMethod.java:323)
	at groovy.lang.MetaClassImpl.invokeMethod(MetaClassImpl.java:1268)
	at groovy.lang.MetaClassImpl.invokeMethod(MetaClassImpl.java:1035)
	at groovy.lang.MetaClassImpl.invokeMethod(MetaClassImpl.java:819)
	at groovy.lang.GroovyObject.invokeMethod(GroovyObject.java:39)
	at org.codehaus.groovy.runtime.callsite.PogoInterceptableSite.call(PogoInterceptableSite.java:45)
	at org.codehaus.groovy.runtime.callsite.PogoInterceptableSite.callCurrent(PogoInterceptableSite.java:55)
	at org.codehaus.groovy.runtime.callsite.AbstractCallSite.callCurrent(AbstractCallSite.java:203)
	at io.restassured.internal.RequestSpecificationImpl.get(RequestSpecificationImpl.groovy:171)
	at io.restassured.internal.RequestSpecificationImpl.get(RequestSpecificationImpl.groovy)
	at StepDefinitions.GitHubAPISteps.i_send_a_get_request_to(GitHubAPISteps.java:52)
	at ✽.I send a GET request to "/repos/{owner}/test-repo-api/contents"(file:///Users/anhthehoang/Desktop/learning-code/BDDCucumber/BDDCucumberTesting/src/test/resources/Features/UserProfile.feature:97)
]]></error>
    <system-out><![CDATA[
Scenario: GET - Retrieve repository contents                           &amp#27;[90m# src/test/resources/Features/UserProfile.feature:96&amp#27;[0m
Setting up GitHub API authentication
  &amp#27;[32mGiven &amp#27;[0m&amp#27;[32mI have a valid GitHub API token&amp#27;[0m                                &amp#27;[90m# StepDefinitions.GitHubAPISteps.i_have_a_valid_github_api_token()&amp#27;[0m
Base URI set to: https://api.github.com
  &amp#27;[32mAnd &amp#27;[0m&amp#27;[32mI set the base URI to "&amp#27;[0m&amp#27;[32m&amp#27;[1mhttps://api.github.com&amp#27;[0m&amp#27;[32m"&amp#27;[0m                   &amp#27;[90m# StepDefinitions.GitHubAPISteps.i_set_the_base_uri_to(java.lang.String)&amp#27;[0m
Using test repository: test-repo-api
  &amp#27;[32mAnd &amp#27;[0m&amp#27;[32mI have a test repository "&amp#27;[0m&amp#27;[32m&amp#27;[1mtest-repo-api&amp#27;[0m&amp#27;[32m"&amp#27;[0m                         &amp#27;[90m# StepDefinitions.GitHubIssuesAPISteps.i_have_a_test_repository(java.lang.String)&amp#27;[0m
  &amp#27;[31mWhen &amp#27;[0m&amp#27;[31mI send a GET request to "&amp#27;[0m&amp#27;[31m&amp#27;[1m/repos/{owner}/test-repo-api/contents&amp#27;[0m&amp#27;[31m"&amp#27;[0m &amp#27;[90m# StepDefinitions.GitHubAPISteps.i_send_a_get_request_to(java.lang.String)&amp#27;[0m
      &amp#27;[31mjava.lang.IllegalArgumentException: Invalid number of path parameters. Expected 1, was 0. Undefined path parameters are: owner.
	at java.base/jdk.internal.reflect.DirectConstructorHandleAccessor.newInstance(DirectConstructorHandleAccessor.java:62)
	at java.base/java.lang.reflect.Constructor.newInstanceWithCaller(Constructor.java:499)
	at java.base/java.lang.reflect.Constructor.newInstance(Constructor.java:483)
	at org.codehaus.groovy.reflection.CachedConstructor.invoke(CachedConstructor.java:72)
	at org.codehaus.groovy.reflection.CachedConstructor.doConstructorInvoke(CachedConstructor.java:59)
	at org.codehaus.groovy.runtime.callsite.ConstructorSite$ConstructorSiteNoUnwrap.callConstructor(ConstructorSite.java:84)
	at org.codehaus.groovy.runtime.callsite.AbstractCallSite.callConstructor(AbstractCallSite.java:277)
	at io.restassured.internal.RequestSpecificationImpl.assertCorrectNumberOfPathParams(RequestSpecificationImpl.groovy:1248)
	at java.base/jdk.internal.reflect.DirectMethodHandleAccessor.invoke(DirectMethodHandleAccessor.java:104)
	at java.base/java.lang.reflect.Method.invoke(Method.java:565)
	at org.codehaus.groovy.reflection.CachedMethod.invoke(CachedMethod.java:107)
	at groovy.lang.MetaMethod.doMethodInvoke(MetaMethod.java:323)
	at groovy.lang.MetaClassImpl.invokeMethod(MetaClassImpl.java:1268)
	at groovy.lang.MetaClassImpl.invokeMethod(MetaClassImpl.java:1035)
	at groovy.lang.MetaClassImpl.invokeMethod(MetaClassImpl.java:819)
	at groovy.lang.GroovyObject.invokeMethod(GroovyObject.java:39)
	at org.codehaus.groovy.runtime.callsite.PogoInterceptableSite.call(PogoInterceptableSite.java:45)
	at org.codehaus.groovy.runtime.callsite.PogoInterceptableSite.callCurrent(PogoInterceptableSite.java:55)
	at org.codehaus.groovy.runtime.callsite.AbstractCallSite.callCurrent(AbstractCallSite.java:176)
	at io.restassured.internal.RequestSpecificationImpl.sendRequest(RequestSpecificationImpl.groovy:1135)
	at java.base/jdk.internal.reflect.DirectMethodHandleAccessor.invoke(DirectMethodHandleAccessor.java:104)
	at java.base/java.lang.reflect.Method.invoke(Method.java:565)
	at org.codehaus.groovy.reflection.CachedMethod.invoke(CachedMethod.java:107)
	at groovy.lang.MetaMethod.doMethodInvoke(MetaMethod.java:323)
	at groovy.lang.MetaClassImpl.invokeMethod(MetaClassImpl.java:1268)
	at groovy.lang.MetaClassImpl.invokeMethod(MetaClassImpl.java:1035)
	at groovy.lang.MetaClassImpl.invokeMethod(MetaClassImpl.java:819)
	at groovy.lang.GroovyObject.invokeMethod(GroovyObject.java:39)
	at org.codehaus.groovy.runtime.callsite.PogoInterceptableSite.call(PogoInterceptableSite.java:45)
	at org.codehaus.groovy.runtime.callsite.AbstractCallSite.call(AbstractCallSite.java:166)
	at io.restassured.internal.filter.SendRequestFilter.filter(SendRequestFilter.groovy:30)
	at io.restassured.filter.Filter$filter$0.call(Unknown Source)
	at org.codehaus.groovy.runtime.callsite.CallSiteArray.defaultCall(CallSiteArray.java:47)
	at io.restassured.filter.Filter$filter.call(Unknown Source)
	at io.restassured.internal.filter.FilterContextImpl.next(FilterContextImpl.groovy:72)
	at io.restassured.filter.time.TimingFilter.filter(TimingFilter.java:56)
	at io.restassured.filter.Filter$filter.call(Unknown Source)
	at org.codehaus.groovy.runtime.callsite.CallSiteArray.defaultCall(CallSiteArray.java:47)
	at io.restassured.filter.Filter$filter$0.call(Unknown Source)
	at io.restassured.internal.filter.FilterContextImpl.next(FilterContextImpl.groovy:72)
	at io.restassured.filter.FilterContext$next.call(Unknown Source)
	at io.restassured.internal.RequestSpecificationImpl.applyPathParamsAndSendRequest(RequestSpecificationImpl.groovy:1655)
	at java.base/jdk.internal.reflect.DirectMethodHandleAccessor.invoke(DirectMethodHandleAccessor.java:104)
	at java.base/java.lang.reflect.Method.invoke(Method.java:565)
	at org.codehaus.groovy.reflection.CachedMethod.invoke(CachedMethod.java:107)
	at groovy.lang.MetaMethod.doMethodInvoke(MetaMethod.java:323)
	at groovy.lang.MetaClassImpl.invokeMethod(MetaClassImpl.java:1268)
	at groovy.lang.MetaClassImpl.invokeMethod(MetaClassImpl.java:1035)
	at groovy.lang.MetaClassImpl.invokeMethod(MetaClassImpl.java:819)
	at groovy.lang.GroovyObject.invokeMethod(GroovyObject.java:39)
	at org.codehaus.groovy.runtime.callsite.PogoInterceptableSite.call(PogoInterceptableSite.java:45)
	at org.codehaus.groovy.runtime.callsite.PogoInterceptableSite.callCurrent(PogoInterceptableSite.java:55)
	at org.codehaus.groovy.runtime.callsite.AbstractCallSite.callCurrent(AbstractCallSite.java:203)
	at io.restassured.internal.RequestSpecificationImpl.applyPathParamsAndSendRequest(RequestSpecificationImpl.groovy:1661)
	at java.base/jdk.internal.reflect.DirectMethodHandleAccessor.invoke(DirectMethodHandleAccessor.java:104)
	at java.base/java.lang.reflect.Method.invoke(Method.java:565)
	at org.codehaus.groovy.reflection.CachedMethod.invoke(CachedMethod.java:107)
	at groovy.lang.MetaMethod.doMethodInvoke(MetaMethod.java:323)
	at groovy.lang.MetaClassImpl.invokeMethod(MetaClassImpl.java:1268)
	at groovy.lang.MetaClassImpl.invokeMethod(MetaClassImpl.java:1035)
	at groovy.lang.MetaClassImpl.invokeMethod(MetaClassImpl.java:819)
	at groovy.lang.GroovyObject.invokeMethod(GroovyObject.java:39)
	at org.codehaus.groovy.runtime.callsite.PogoInterceptableSite.call(PogoInterceptableSite.java:45)
	at org.codehaus.groovy.runtime.callsite.PogoInterceptableSite.callCurrent(PogoInterceptableSite.java:55)
	at org.codehaus.groovy.runtime.callsite.AbstractCallSite.callCurrent(AbstractCallSite.java:203)
	at io.restassured.internal.RequestSpecificationImpl.get(RequestSpecificationImpl.groovy:171)
	at io.restassured.internal.RequestSpecificationImpl.get(RequestSpecificationImpl.groovy)
	at StepDefinitions.GitHubAPISteps.i_send_a_get_request_to(GitHubAPISteps.java:52)
	at ✽.I send a GET request to "/repos/{owner}/test-repo-api/contents"(file:///Users/anhthehoang/Desktop/learning-code/BDDCucumber/BDDCucumberTesting/src/test/resources/Features/UserProfile.feature:97)
&amp#27;[0m
  &amp#27;[36mThen &amp#27;[0m&amp#27;[36mthe response status code should be &amp#27;[0m&amp#27;[36m&amp#27;[1m200&amp#27;[0m                          &amp#27;[90m# StepDefinitions.GitHubAPISteps.the_response_status_code_should_be(int)&amp#27;[0m
  &amp#27;[36mAnd &amp#27;[0m&amp#27;[36mthe response should be a JSON array&amp#27;[0m                              &amp#27;[90m# StepDefinitions.GitHubIssuesAPISteps.the_response_should_be_a_json_array()&amp#27;[0m
  &amp#27;[36mAnd &amp#27;[0m&amp#27;[36meach content item should have "&amp#27;[0m&amp#27;[36m&amp#27;[1mname&amp#27;[0m&amp#27;[36m" field&amp#27;[0m                       &amp#27;[90m# StepDefinitions.GitHubRepositoryAPISteps.each_content_item_should_have_field(java.lang.String)&amp#27;[0m
  &amp#27;[36mAnd &amp#27;[0m&amp#27;[36meach content item should have "&amp#27;[0m&amp#27;[36m&amp#27;[1mtype&amp#27;[0m&amp#27;[36m" field&amp#27;[0m                       &amp#27;[90m# StepDefinitions.GitHubRepositoryAPISteps.each_content_item_should_have_field(java.lang.String)&amp#27;[0m
  &amp#27;[36mAnd &amp#27;[0m&amp#27;[36mthe response should contain a file named "&amp#27;[0m&amp#27;[36m&amp#27;[1mREADME.md&amp#27;[0m&amp#27;[36m"&amp#27;[0m             &amp#27;[90m# StepDefinitions.GitHubRepositoryAPISteps.the_response_should_contain_a_file_named(java.lang.String)&amp#27;[0m
]]></system-out>
  </testcase>
  <testcase name="Repository visibility and settings #1" classname="GitHub Repository Management REST API Testing" time="0.183">
    <error message="Cannot invoke &quot;io.restassured.response.Response.then()&quot; because &quot;this.response&quot; is null" type="java.lang.NullPointerException"><![CDATA[java.lang.NullPointerException: Cannot invoke "io.restassured.response.Response.then()" because "this.response" is null
	at StepDefinitions.GitHubAPISteps.the_response_status_code_should_be(GitHubAPISteps.java:102)
	at ✽.the response status code should be 200(file:///Users/anhthehoang/Desktop/learning-code/BDDCucumber/BDDCucumberTesting/src/test/resources/Features/UserProfile.feature:111)
]]></error>
    <system-out><![CDATA[
Scenario Outline: Repository visibility and settings                                   &amp#27;[90m# src/test/resources/Features/UserProfile.feature:117&amp#27;[0m
Setting up GitHub API authentication
  &amp#27;[32mGiven &amp#27;[0m&amp#27;[32mI have a valid GitHub API token&amp#27;[0m                                                &amp#27;[90m# StepDefinitions.GitHubAPISteps.i_have_a_valid_github_api_token()&amp#27;[0m
Base URI set to: https://api.github.com
  &amp#27;[32mAnd &amp#27;[0m&amp#27;[32mI set the base URI to "&amp#27;[0m&amp#27;[32m&amp#27;[1mhttps://api.github.com&amp#27;[0m&amp#27;[32m"&amp#27;[0m                                   &amp#27;[90m# StepDefinitions.GitHubAPISteps.i_set_the_base_uri_to(java.lang.String)&amp#27;[0m
Using test repository: test-repo-api
  &amp#27;[32mAnd &amp#27;[0m&amp#27;[32mI have a test repository "&amp#27;[0m&amp#27;[32m&amp#27;[1mtest-repo-api&amp#27;[0m&amp#27;[32m"&amp#27;[0m                                         &amp#27;[90m# StepDefinitions.GitHubIssuesAPISteps.i_have_a_test_repository(java.lang.String)&amp#27;[0m
Repository settings data prepared: {private=true, has_wiki=true, has_downloads=true, has_issues=true}
  &amp#27;[32mGiven &amp#27;[0m&amp#27;[32mI have repository settings data:&amp#27;[0m                                               &amp#27;[90m# StepDefinitions.GitHubRepositoryAPISteps.i_have_repository_settings_data(io.cucumber.datatable.DataTable)&amp#27;[0m
    | private       | true |
    | has_issues    | true |
    | has_wiki      | true |
    | has_downloads | true |
PATCH request sent to: /repos/testuser/test-repo-api
Response status: 401
  &amp#27;[32mWhen &amp#27;[0m&amp#27;[32mI send a PATCH request to "&amp#27;[0m&amp#27;[32m&amp#27;[1m/repos/{owner}/test-repo-api&amp#27;[0m&amp#27;[32m" with the settings data&amp#27;[0m &amp#27;[90m# StepDefinitions.GitHubRepositoryAPISteps.i_send_a_patch_request_with_settings_data(java.lang.String)&amp#27;[0m
  &amp#27;[31mThen &amp#27;[0m&amp#27;[31mthe response status code should be &amp#27;[0m&amp#27;[31m&amp#27;[1m200&amp#27;[0m                                          &amp#27;[90m# StepDefinitions.GitHubAPISteps.the_response_status_code_should_be(int)&amp#27;[0m
      &amp#27;[31mjava.lang.NullPointerException: Cannot invoke "io.restassured.response.Response.then()" because "this.response" is null
	at StepDefinitions.GitHubAPISteps.the_response_status_code_should_be(GitHubAPISteps.java:102)
	at ✽.the response status code should be 200(file:///Users/anhthehoang/Desktop/learning-code/BDDCucumber/BDDCucumberTesting/src/test/resources/Features/UserProfile.feature:111)
&amp#27;[0m
  &amp#27;[36mAnd &amp#27;[0m&amp#27;[36mthe response should contain "&amp#27;[0m&amp#27;[36m&amp#27;[1mprivate&amp#27;[0m&amp#27;[36m" field with value "&amp#27;[0m&amp#27;[36m&amp#27;[1mtrue&amp#27;[0m&amp#27;[36m"&amp#27;[0m                    &amp#27;[90m# StepDefinitions.GitHubRepositoryAPISteps.the_response_should_contain_field_with_string_value(java.lang.String,java.lang.String)&amp#27;[0m
  &amp#27;[36mAnd &amp#27;[0m&amp#27;[36mthe response should contain "&amp#27;[0m&amp#27;[36m&amp#27;[1mhas_issues&amp#27;[0m&amp#27;[36m" field with value "&amp#27;[0m&amp#27;[36m&amp#27;[1mtrue&amp#27;[0m&amp#27;[36m"&amp#27;[0m                 &amp#27;[90m# StepDefinitions.GitHubRepositoryAPISteps.the_response_should_contain_field_with_string_value(java.lang.String,java.lang.String)&amp#27;[0m
]]></system-out>
  </testcase>
  <testcase name="Repository visibility and settings #2" classname="GitHub Repository Management REST API Testing" time="0.233">
    <error message="Cannot invoke &quot;io.restassured.response.Response.then()&quot; because &quot;this.response&quot; is null" type="java.lang.NullPointerException"><![CDATA[java.lang.NullPointerException: Cannot invoke "io.restassured.response.Response.then()" because "this.response" is null
	at StepDefinitions.GitHubAPISteps.the_response_status_code_should_be(GitHubAPISteps.java:102)
	at ✽.the response status code should be 200(file:///Users/anhthehoang/Desktop/learning-code/BDDCucumber/BDDCucumberTesting/src/test/resources/Features/UserProfile.feature:111)
]]></error>
    <system-out><![CDATA[
Scenario Outline: Repository visibility and settings                                   &amp#27;[90m# src/test/resources/Features/UserProfile.feature:118&amp#27;[0m
Setting up GitHub API authentication
  &amp#27;[32mGiven &amp#27;[0m&amp#27;[32mI have a valid GitHub API token&amp#27;[0m                                                &amp#27;[90m# StepDefinitions.GitHubAPISteps.i_have_a_valid_github_api_token()&amp#27;[0m
Base URI set to: https://api.github.com
  &amp#27;[32mAnd &amp#27;[0m&amp#27;[32mI set the base URI to "&amp#27;[0m&amp#27;[32m&amp#27;[1mhttps://api.github.com&amp#27;[0m&amp#27;[32m"&amp#27;[0m                                   &amp#27;[90m# StepDefinitions.GitHubAPISteps.i_set_the_base_uri_to(java.lang.String)&amp#27;[0m
Using test repository: test-repo-api
  &amp#27;[32mAnd &amp#27;[0m&amp#27;[32mI have a test repository "&amp#27;[0m&amp#27;[32m&amp#27;[1mtest-repo-api&amp#27;[0m&amp#27;[32m"&amp#27;[0m                                         &amp#27;[90m# StepDefinitions.GitHubIssuesAPISteps.i_have_a_test_repository(java.lang.String)&amp#27;[0m
Repository settings data prepared: {private=false, has_wiki=false, has_downloads=false, has_issues=false}
  &amp#27;[32mGiven &amp#27;[0m&amp#27;[32mI have repository settings data:&amp#27;[0m                                               &amp#27;[90m# StepDefinitions.GitHubRepositoryAPISteps.i_have_repository_settings_data(io.cucumber.datatable.DataTable)&amp#27;[0m
    | private       | false |
    | has_issues    | false |
    | has_wiki      | false |
    | has_downloads | false |
PATCH request sent to: /repos/testuser/test-repo-api
Response status: 401
  &amp#27;[32mWhen &amp#27;[0m&amp#27;[32mI send a PATCH request to "&amp#27;[0m&amp#27;[32m&amp#27;[1m/repos/{owner}/test-repo-api&amp#27;[0m&amp#27;[32m" with the settings data&amp#27;[0m &amp#27;[90m# StepDefinitions.GitHubRepositoryAPISteps.i_send_a_patch_request_with_settings_data(java.lang.String)&amp#27;[0m
  &amp#27;[31mThen &amp#27;[0m&amp#27;[31mthe response status code should be &amp#27;[0m&amp#27;[31m&amp#27;[1m200&amp#27;[0m                                          &amp#27;[90m# StepDefinitions.GitHubAPISteps.the_response_status_code_should_be(int)&amp#27;[0m
      &amp#27;[31mjava.lang.NullPointerException: Cannot invoke "io.restassured.response.Response.then()" because "this.response" is null
	at StepDefinitions.GitHubAPISteps.the_response_status_code_should_be(GitHubAPISteps.java:102)
	at ✽.the response status code should be 200(file:///Users/anhthehoang/Desktop/learning-code/BDDCucumber/BDDCucumberTesting/src/test/resources/Features/UserProfile.feature:111)
&amp#27;[0m
  &amp#27;[36mAnd &amp#27;[0m&amp#27;[36mthe response should contain "&amp#27;[0m&amp#27;[36m&amp#27;[1mprivate&amp#27;[0m&amp#27;[36m" field with value "&amp#27;[0m&amp#27;[36m&amp#27;[1mfalse&amp#27;[0m&amp#27;[36m"&amp#27;[0m                   &amp#27;[90m# StepDefinitions.GitHubRepositoryAPISteps.the_response_should_contain_field_with_string_value(java.lang.String,java.lang.String)&amp#27;[0m
  &amp#27;[36mAnd &amp#27;[0m&amp#27;[36mthe response should contain "&amp#27;[0m&amp#27;[36m&amp#27;[1mhas_issues&amp#27;[0m&amp#27;[36m" field with value "&amp#27;[0m&amp#27;[36m&amp#27;[1mfalse&amp#27;[0m&amp#27;[36m"&amp#27;[0m                &amp#27;[90m# StepDefinitions.GitHubRepositoryAPISteps.the_response_should_contain_field_with_string_value(java.lang.String,java.lang.String)&amp#27;[0m
]]></system-out>
  </testcase>
  <testcase name="GET - Retrieve all issues from a repository" classname="GitHub Issues REST API Testing" time="0.204">
    <error message="Cannot invoke &quot;io.restassured.response.Response.then()&quot; because &quot;this.response&quot; is null" type="java.lang.NullPointerException"><![CDATA[java.lang.NullPointerException: Cannot invoke "io.restassured.response.Response.then()" because "this.response" is null
	at StepDefinitions.GitHubAPISteps.the_response_status_code_should_be(GitHubAPISteps.java:102)
	at ✽.the response status code should be 200(file:///Users/anhthehoang/Desktop/learning-code/BDDCucumber/BDDCucumberTesting/src/test/resources/Features/UserRegistration.feature:10)
]]></error>
    <system-out><![CDATA[
Scenario: GET - Retrieve all issues from a repository                           &amp#27;[90m# src/test/resources/Features/UserRegistration.feature:8&amp#27;[0m
Setting up GitHub API authentication
  &amp#27;[32mGiven &amp#27;[0m&amp#27;[32mI have a valid GitHub API token&amp#27;[0m                                         &amp#27;[90m# StepDefinitions.GitHubAPISteps.i_have_a_valid_github_api_token()&amp#27;[0m
Base URI set to: https://api.github.com
  &amp#27;[32mAnd &amp#27;[0m&amp#27;[32mI set the base URI to "&amp#27;[0m&amp#27;[32m&amp#27;[1mhttps://api.github.com&amp#27;[0m&amp#27;[32m"&amp#27;[0m                            &amp#27;[90m# StepDefinitions.GitHubAPISteps.i_set_the_base_uri_to(java.lang.String)&amp#27;[0m
Using test repository: test-repo-api
  &amp#27;[32mAnd &amp#27;[0m&amp#27;[32mI have a test repository "&amp#27;[0m&amp#27;[32m&amp#27;[1mtest-repo-api&amp#27;[0m&amp#27;[32m"&amp#27;[0m                                  &amp#27;[90m# StepDefinitions.GitHubIssuesAPISteps.i_have_a_test_repository(java.lang.String)&amp#27;[0m
GET request sent to: /repos/testuser/test-repo-api/issues
Response status: 401
  &amp#27;[32mWhen &amp#27;[0m&amp#27;[32mI send a GET request to "&amp#27;[0m&amp#27;[32m&amp#27;[1m/repos/{owner}/test-repo-api/issues&amp#27;[0m&amp#27;[32m" for issues&amp#27;[0m &amp#27;[90m# StepDefinitions.GitHubIssuesAPISteps.i_send_a_get_request_to_issues_endpoint(java.lang.String)&amp#27;[0m
  &amp#27;[31mThen &amp#27;[0m&amp#27;[31mthe response status code should be &amp#27;[0m&amp#27;[31m&amp#27;[1m200&amp#27;[0m                                   &amp#27;[90m# StepDefinitions.GitHubAPISteps.the_response_status_code_should_be(int)&amp#27;[0m
      &amp#27;[31mjava.lang.NullPointerException: Cannot invoke "io.restassured.response.Response.then()" because "this.response" is null
	at StepDefinitions.GitHubAPISteps.the_response_status_code_should_be(GitHubAPISteps.java:102)
	at ✽.the response status code should be 200(file:///Users/anhthehoang/Desktop/learning-code/BDDCucumber/BDDCucumberTesting/src/test/resources/Features/UserRegistration.feature:10)
&amp#27;[0m
  &amp#27;[36mAnd &amp#27;[0m&amp#27;[36mthe response should be a JSON array&amp#27;[0m                                       &amp#27;[90m# StepDefinitions.GitHubIssuesAPISteps.the_response_should_be_a_json_array()&amp#27;[0m
  &amp#27;[36mAnd &amp#27;[0m&amp#27;[36meach issue should have "&amp#27;[0m&amp#27;[36m&amp#27;[1mid&amp#27;[0m&amp#27;[36m" field&amp#27;[0m                                         &amp#27;[90m# StepDefinitions.GitHubIssuesAPISteps.each_issue_should_have_field(java.lang.String)&amp#27;[0m
  &amp#27;[36mAnd &amp#27;[0m&amp#27;[36meach issue should have "&amp#27;[0m&amp#27;[36m&amp#27;[1mtitle&amp#27;[0m&amp#27;[36m" field&amp#27;[0m                                      &amp#27;[90m# StepDefinitions.GitHubIssuesAPISteps.each_issue_should_have_field(java.lang.String)&amp#27;[0m
  &amp#27;[36mAnd &amp#27;[0m&amp#27;[36meach issue should have "&amp#27;[0m&amp#27;[36m&amp#27;[1mstate&amp#27;[0m&amp#27;[36m" field&amp#27;[0m                                      &amp#27;[90m# StepDefinitions.GitHubIssuesAPISteps.each_issue_should_have_field(java.lang.String)&amp#27;[0m
]]></system-out>
  </testcase>
  <testcase name="GET - Retrieve issues with query parameters" classname="GitHub Issues REST API Testing" time="0.242">
    <error message="Cannot invoke &quot;io.restassured.response.Response.then()&quot; because &quot;this.response&quot; is null" type="java.lang.NullPointerException"><![CDATA[java.lang.NullPointerException: Cannot invoke "io.restassured.response.Response.then()" because "this.response" is null
	at StepDefinitions.GitHubAPISteps.the_response_status_code_should_be(GitHubAPISteps.java:102)
	at ✽.the response status code should be 200(file:///Users/anhthehoang/Desktop/learning-code/BDDCucumber/BDDCucumberTesting/src/test/resources/Features/UserRegistration.feature:22)
]]></error>
    <system-out><![CDATA[
Scenario: GET - Retrieve issues with query parameters                                 &amp#27;[90m# src/test/resources/Features/UserRegistration.feature:16&amp#27;[0m
Setting up GitHub API authentication
  &amp#27;[32mGiven &amp#27;[0m&amp#27;[32mI have a valid GitHub API token&amp#27;[0m                                               &amp#27;[90m# StepDefinitions.GitHubAPISteps.i_have_a_valid_github_api_token()&amp#27;[0m
Base URI set to: https://api.github.com
  &amp#27;[32mAnd &amp#27;[0m&amp#27;[32mI set the base URI to "&amp#27;[0m&amp#27;[32m&amp#27;[1mhttps://api.github.com&amp#27;[0m&amp#27;[32m"&amp#27;[0m                                  &amp#27;[90m# StepDefinitions.GitHubAPISteps.i_set_the_base_uri_to(java.lang.String)&amp#27;[0m
Using test repository: test-repo-api
  &amp#27;[32mAnd &amp#27;[0m&amp#27;[32mI have a test repository "&amp#27;[0m&amp#27;[32m&amp#27;[1mtest-repo-api&amp#27;[0m&amp#27;[32m"&amp#27;[0m                                        &amp#27;[90m# StepDefinitions.GitHubIssuesAPISteps.i_have_a_test_repository(java.lang.String)&amp#27;[0m
GET request sent to: /repos/testuser/test-repo-api/issues with parameters: {state=open, labels=bug, sort=created, direction=desc}
Response status: 404
  &amp#27;[32mWhen &amp#27;[0m&amp#27;[32mI send a GET request to "&amp#27;[0m&amp#27;[32m&amp#27;[1m/repos/{owner}/test-repo-api/issues&amp#27;[0m&amp#27;[32m" with parameters:&amp#27;[0m &amp#27;[90m# StepDefinitions.GitHubIssuesAPISteps.i_send_a_get_request_with_parameters(java.lang.String,io.cucumber.datatable.DataTable)&amp#27;[0m
    | state     | open    |
    | labels    | bug     |
    | sort      | created |
    | direction | desc    |
  &amp#27;[31mThen &amp#27;[0m&amp#27;[31mthe response status code should be &amp#27;[0m&amp#27;[31m&amp#27;[1m200&amp#27;[0m                                         &amp#27;[90m# StepDefinitions.GitHubAPISteps.the_response_status_code_should_be(int)&amp#27;[0m
      &amp#27;[31mjava.lang.NullPointerException: Cannot invoke "io.restassured.response.Response.then()" because "this.response" is null
	at StepDefinitions.GitHubAPISteps.the_response_status_code_should_be(GitHubAPISteps.java:102)
	at ✽.the response status code should be 200(file:///Users/anhthehoang/Desktop/learning-code/BDDCucumber/BDDCucumberTesting/src/test/resources/Features/UserRegistration.feature:22)
&amp#27;[0m
  &amp#27;[36mAnd &amp#27;[0m&amp#27;[36mall returned issues should have state "&amp#27;[0m&amp#27;[36m&amp#27;[1mopen&amp#27;[0m&amp#27;[36m"&amp#27;[0m                                    &amp#27;[90m# StepDefinitions.GitHubIssuesAPISteps.all_returned_issues_should_have_state(java.lang.String)&amp#27;[0m
]]></system-out>
  </testcase>
  <testcase name="GET - Retrieve a specific issue" classname="GitHub Issues REST API Testing" time="0.204">
    <error message="Cannot invoke &quot;io.restassured.response.Response.then()&quot; because &quot;this.response&quot; is null" type="java.lang.NullPointerException"><![CDATA[java.lang.NullPointerException: Cannot invoke "io.restassured.response.Response.then()" because "this.response" is null
	at StepDefinitions.GitHubAPISteps.the_response_status_code_should_be(GitHubAPISteps.java:102)
	at ✽.the response status code should be 200(file:///Users/anhthehoang/Desktop/learning-code/BDDCucumber/BDDCucumberTesting/src/test/resources/Features/UserRegistration.feature:28)
]]></error>
    <system-out><![CDATA[
Scenario: GET - Retrieve a specific issue                                         &amp#27;[90m# src/test/resources/Features/UserRegistration.feature:25&amp#27;[0m
Setting up GitHub API authentication
  &amp#27;[32mGiven &amp#27;[0m&amp#27;[32mI have a valid GitHub API token&amp#27;[0m                                           &amp#27;[90m# StepDefinitions.GitHubAPISteps.i_have_a_valid_github_api_token()&amp#27;[0m
Base URI set to: https://api.github.com
  &amp#27;[32mAnd &amp#27;[0m&amp#27;[32mI set the base URI to "&amp#27;[0m&amp#27;[32m&amp#27;[1mhttps://api.github.com&amp#27;[0m&amp#27;[32m"&amp#27;[0m                              &amp#27;[90m# StepDefinitions.GitHubAPISteps.i_set_the_base_uri_to(java.lang.String)&amp#27;[0m
Using test repository: test-repo-api
  &amp#27;[32mAnd &amp#27;[0m&amp#27;[32mI have a test repository "&amp#27;[0m&amp#27;[32m&amp#27;[1mtest-repo-api&amp#27;[0m&amp#27;[32m"&amp#27;[0m                                    &amp#27;[90m# StepDefinitions.GitHubIssuesAPISteps.i_have_a_test_repository(java.lang.String)&amp#27;[0m
Using existing issue number: 1
  &amp#27;[32mGiven &amp#27;[0m&amp#27;[32mI have an existing issue with number &amp#27;[0m&amp#27;[32m&amp#27;[1m1&amp#27;[0m                                    &amp#27;[90m# StepDefinitions.GitHubIssuesAPISteps.i_have_an_existing_issue_with_number(int)&amp#27;[0m
GET request sent to: /repos/testuser/test-repo-api/issues/1
Response status: 401
  &amp#27;[32mWhen &amp#27;[0m&amp#27;[32mI send a GET request to "&amp#27;[0m&amp#27;[32m&amp#27;[1m/repos/{owner}/test-repo-api/issues/1&amp#27;[0m&amp#27;[32m" for issues&amp#27;[0m &amp#27;[90m# StepDefinitions.GitHubIssuesAPISteps.i_send_a_get_request_to_issues_endpoint(java.lang.String)&amp#27;[0m
  &amp#27;[31mThen &amp#27;[0m&amp#27;[31mthe response status code should be &amp#27;[0m&amp#27;[31m&amp#27;[1m200&amp#27;[0m                                     &amp#27;[90m# StepDefinitions.GitHubAPISteps.the_response_status_code_should_be(int)&amp#27;[0m
      &amp#27;[31mjava.lang.NullPointerException: Cannot invoke "io.restassured.response.Response.then()" because "this.response" is null
	at StepDefinitions.GitHubAPISteps.the_response_status_code_should_be(GitHubAPISteps.java:102)
	at ✽.the response status code should be 200(file:///Users/anhthehoang/Desktop/learning-code/BDDCucumber/BDDCucumberTesting/src/test/resources/Features/UserRegistration.feature:28)
&amp#27;[0m
  &amp#27;[36mAnd &amp#27;[0m&amp#27;[36mthe response should contain issue information&amp#27;[0m                               &amp#27;[90m# StepDefinitions.GitHubIssuesAPISteps.the_response_should_contain_issue_information()&amp#27;[0m
  &amp#27;[36mAnd &amp#27;[0m&amp#27;[36mthe response should have "&amp#27;[0m&amp#27;[36m&amp#27;[1mnumber&amp#27;[0m&amp#27;[36m" field with value &amp#27;[0m&amp#27;[36m&amp#27;[1m1&amp#27;[0m                        &amp#27;[90m# StepDefinitions.GitHubIssuesAPISteps.the_response_should_have_field_with_numeric_value(java.lang.String,int)&amp#27;[0m
  &amp#27;[36mAnd &amp#27;[0m&amp#27;[36mthe response should have "&amp#27;[0m&amp#27;[36m&amp#27;[1mtitle&amp#27;[0m&amp#27;[36m" field&amp#27;[0m                                      &amp#27;[90m# StepDefinitions.GitHubAPISteps.the_response_should_have_field(java.lang.String)&amp#27;[0m
  &amp#27;[36mAnd &amp#27;[0m&amp#27;[36mthe response should have "&amp#27;[0m&amp#27;[36m&amp#27;[1mbody&amp#27;[0m&amp#27;[36m" field&amp#27;[0m                                       &amp#27;[90m# StepDefinitions.GitHubAPISteps.the_response_should_have_field(java.lang.String)&amp#27;[0m
]]></system-out>
  </testcase>
  <testcase name="POST - Create a new issue" classname="GitHub Issues REST API Testing" time="0.193">
    <error message="Cannot invoke &quot;io.restassured.response.Response.then()&quot; because &quot;this.response&quot; is null" type="java.lang.NullPointerException"><![CDATA[java.lang.NullPointerException: Cannot invoke "io.restassured.response.Response.then()" because "this.response" is null
	at StepDefinitions.GitHubAPISteps.the_response_status_code_should_be(GitHubAPISteps.java:102)
	at ✽.the response status code should be 201(file:///Users/anhthehoang/Desktop/learning-code/BDDCucumber/BDDCucumberTesting/src/test/resources/Features/UserRegistration.feature:40)
]]></error>
    <system-out><![CDATA[
Scenario: POST - Create a new issue                                                       &amp#27;[90m# src/test/resources/Features/UserRegistration.feature:34&amp#27;[0m
Setting up GitHub API authentication
  &amp#27;[32mGiven &amp#27;[0m&amp#27;[32mI have a valid GitHub API token&amp#27;[0m                                                   &amp#27;[90m# StepDefinitions.GitHubAPISteps.i_have_a_valid_github_api_token()&amp#27;[0m
Base URI set to: https://api.github.com
  &amp#27;[32mAnd &amp#27;[0m&amp#27;[32mI set the base URI to "&amp#27;[0m&amp#27;[32m&amp#27;[1mhttps://api.github.com&amp#27;[0m&amp#27;[32m"&amp#27;[0m                                      &amp#27;[90m# StepDefinitions.GitHubAPISteps.i_set_the_base_uri_to(java.lang.String)&amp#27;[0m
Using test repository: test-repo-api
  &amp#27;[32mAnd &amp#27;[0m&amp#27;[32mI have a test repository "&amp#27;[0m&amp#27;[32m&amp#27;[1mtest-repo-api&amp#27;[0m&amp#27;[32m"&amp#27;[0m                                            &amp#27;[90m# StepDefinitions.GitHubIssuesAPISteps.i_have_a_test_repository(java.lang.String)&amp#27;[0m
Issue data prepared: {title=Test issue created via API, body=This is a test issue created using GitHub REST API, labels=[Ljava.lang.String;@20864cd1}
  &amp#27;[32mGiven &amp#27;[0m&amp#27;[32mI have issue data:&amp#27;[0m                                                                &amp#27;[90m# StepDefinitions.GitHubIssuesAPISteps.i_have_issue_data(io.cucumber.datatable.DataTable)&amp#27;[0m
    | title  | Test issue created via API                         |
    | body   | This is a test issue created using GitHub REST API |
    | labels | ["bug", "api-test"]                                |
POST request sent to: /repos/testuser/test-repo-api/issues
Response status: 401
  &amp#27;[32mWhen &amp#27;[0m&amp#27;[32mI send a POST request to "&amp#27;[0m&amp#27;[32m&amp#27;[1m/repos/{owner}/test-repo-api/issues&amp#27;[0m&amp#27;[32m" with the issue data&amp#27;[0m &amp#27;[90m# StepDefinitions.GitHubIssuesAPISteps.i_send_a_post_request_with_issue_data(java.lang.String)&amp#27;[0m
  &amp#27;[31mThen &amp#27;[0m&amp#27;[31mthe response status code should be &amp#27;[0m&amp#27;[31m&amp#27;[1m201&amp#27;[0m                                             &amp#27;[90m# StepDefinitions.GitHubAPISteps.the_response_status_code_should_be(int)&amp#27;[0m
      &amp#27;[31mjava.lang.NullPointerException: Cannot invoke "io.restassured.response.Response.then()" because "this.response" is null
	at StepDefinitions.GitHubAPISteps.the_response_status_code_should_be(GitHubAPISteps.java:102)
	at ✽.the response status code should be 201(file:///Users/anhthehoang/Desktop/learning-code/BDDCucumber/BDDCucumberTesting/src/test/resources/Features/UserRegistration.feature:40)
&amp#27;[0m
  &amp#27;[36mAnd &amp#27;[0m&amp#27;[36mthe response should contain "&amp#27;[0m&amp#27;[36m&amp#27;[1mtitle&amp#27;[0m&amp#27;[36m" field with value "&amp#27;[0m&amp#27;[36m&amp#27;[1mTest issue created via API&amp#27;[0m&amp#27;[36m"&amp#27;[0m   &amp#27;[90m# StepDefinitions.GitHubRepositoryAPISteps.the_response_should_contain_field_with_string_value(java.lang.String,java.lang.String)&amp#27;[0m
  &amp#27;[36mAnd &amp#27;[0m&amp#27;[36mthe response should contain "&amp#27;[0m&amp#27;[36m&amp#27;[1mbody&amp#27;[0m&amp#27;[36m" field&amp#27;[0m                                            &amp#27;[90m# StepDefinitions.GitHubAPISteps.the_response_should_contain_field(java.lang.String)&amp#27;[0m
  &amp#27;[36mAnd &amp#27;[0m&amp#27;[36mthe response should contain "&amp#27;[0m&amp#27;[36m&amp#27;[1mnumber&amp#27;[0m&amp#27;[36m" field&amp#27;[0m                                          &amp#27;[90m# StepDefinitions.GitHubAPISteps.the_response_should_contain_field(java.lang.String)&amp#27;[0m
  &amp#27;[36mAnd &amp#27;[0m&amp#27;[36mthe created issue should exist&amp#27;[0m                                                      &amp#27;[90m# StepDefinitions.GitHubIssuesAPISteps.the_created_issue_should_exist()&amp#27;[0m
]]></system-out>
  </testcase>
  <testcase name="POST - Create issue with invalid data" classname="GitHub Issues REST API Testing" time="0.197">
    <error message="Cannot invoke &quot;io.restassured.response.Response.then()&quot; because &quot;this.response&quot; is null" type="java.lang.NullPointerException"><![CDATA[java.lang.NullPointerException: Cannot invoke "io.restassured.response.Response.then()" because "this.response" is null
	at StepDefinitions.GitHubAPISteps.the_response_status_code_should_be(GitHubAPISteps.java:102)
	at ✽.the response status code should be 422(file:///Users/anhthehoang/Desktop/learning-code/BDDCucumber/BDDCucumberTesting/src/test/resources/Features/UserRegistration.feature:51)
]]></error>
    <system-out><![CDATA[
Scenario: POST - Create issue with invalid data                                           &amp#27;[90m# src/test/resources/Features/UserRegistration.feature:46&amp#27;[0m
Setting up GitHub API authentication
  &amp#27;[32mGiven &amp#27;[0m&amp#27;[32mI have a valid GitHub API token&amp#27;[0m                                                   &amp#27;[90m# StepDefinitions.GitHubAPISteps.i_have_a_valid_github_api_token()&amp#27;[0m
Base URI set to: https://api.github.com
  &amp#27;[32mAnd &amp#27;[0m&amp#27;[32mI set the base URI to "&amp#27;[0m&amp#27;[32m&amp#27;[1mhttps://api.github.com&amp#27;[0m&amp#27;[32m"&amp#27;[0m                                      &amp#27;[90m# StepDefinitions.GitHubAPISteps.i_set_the_base_uri_to(java.lang.String)&amp#27;[0m
Using test repository: test-repo-api
  &amp#27;[32mAnd &amp#27;[0m&amp#27;[32mI have a test repository "&amp#27;[0m&amp#27;[32m&amp#27;[1mtest-repo-api&amp#27;[0m&amp#27;[32m"&amp#27;[0m                                            &amp#27;[90m# StepDefinitions.GitHubIssuesAPISteps.i_have_a_test_repository(java.lang.String)&amp#27;[0m
Invalid issue data prepared: {title=null, body=Issue with empty title}
  &amp#27;[32mGiven &amp#27;[0m&amp#27;[32mI have invalid issue data:&amp#27;[0m                                                        &amp#27;[90m# StepDefinitions.GitHubIssuesAPISteps.i_have_invalid_issue_data(io.cucumber.datatable.DataTable)&amp#27;[0m
    | title | [empty]                |
    | body  | Issue with empty title |
POST request sent to: /repos/testuser/test-repo-api/issues
Response status: 401
  &amp#27;[32mWhen &amp#27;[0m&amp#27;[32mI send a POST request to "&amp#27;[0m&amp#27;[32m&amp#27;[1m/repos/{owner}/test-repo-api/issues&amp#27;[0m&amp#27;[32m" with the issue data&amp#27;[0m &amp#27;[90m# StepDefinitions.GitHubIssuesAPISteps.i_send_a_post_request_with_issue_data(java.lang.String)&amp#27;[0m
  &amp#27;[31mThen &amp#27;[0m&amp#27;[31mthe response status code should be &amp#27;[0m&amp#27;[31m&amp#27;[1m422&amp#27;[0m                                             &amp#27;[90m# StepDefinitions.GitHubAPISteps.the_response_status_code_should_be(int)&amp#27;[0m
      &amp#27;[31mjava.lang.NullPointerException: Cannot invoke "io.restassured.response.Response.then()" because "this.response" is null
	at StepDefinitions.GitHubAPISteps.the_response_status_code_should_be(GitHubAPISteps.java:102)
	at ✽.the response status code should be 422(file:///Users/anhthehoang/Desktop/learning-code/BDDCucumber/BDDCucumberTesting/src/test/resources/Features/UserRegistration.feature:51)
&amp#27;[0m
  &amp#27;[36mAnd &amp#27;[0m&amp#27;[36mthe response should contain validation errors&amp#27;[0m                                       &amp#27;[90m# StepDefinitions.GitHubAPISteps.the_response_should_contain_validation_errors()&amp#27;[0m
]]></system-out>
  </testcase>
  <testcase name="PATCH - Update an existing issue" classname="GitHub Issues REST API Testing" time="0.007">
    <error message="object cannot be null" type="java.lang.IllegalArgumentException"><![CDATA[java.lang.IllegalArgumentException: object cannot be null
	at java.base/jdk.internal.reflect.DirectConstructorHandleAccessor.newInstance(DirectConstructorHandleAccessor.java:62)
	at java.base/java.lang.reflect.Constructor.newInstanceWithCaller(Constructor.java:499)
	at java.base/java.lang.reflect.Constructor.newInstance(Constructor.java:483)
	at org.codehaus.groovy.reflection.CachedConstructor.invoke(CachedConstructor.java:72)
	at org.codehaus.groovy.reflection.CachedConstructor.doConstructorInvoke(CachedConstructor.java:59)
	at org.codehaus.groovy.runtime.callsite.ConstructorSite$ConstructorSiteNoUnwrap.callConstructor(ConstructorSite.java:84)
	at org.codehaus.groovy.runtime.callsite.CallSiteArray.defaultCallConstructor(CallSiteArray.java:59)
	at org.codehaus.groovy.runtime.callsite.AbstractCallSite.callConstructor(AbstractCallSite.java:263)
	at org.codehaus.groovy.runtime.callsite.AbstractCallSite.callConstructor(AbstractCallSite.java:277)
	at io.restassured.internal.common.assertion.AssertParameter.notNull(AssertParameter.groovy:26)
	at io.restassured.internal.common.assertion.AssertParameter$notNull.callStatic(Unknown Source)
	at org.codehaus.groovy.runtime.callsite.CallSiteArray.defaultCallStatic(CallSiteArray.java:55)
	at io.restassured.internal.common.assertion.AssertParameter$notNull.callStatic(Unknown Source)
	at io.restassured.internal.RequestSpecificationImpl.body(RequestSpecificationImpl.groovy:746)
	at StepDefinitions.GitHubIssuesAPISteps.i_send_a_patch_request_with_update_data(GitHubIssuesAPISteps.java:164)
	at ✽.I send a PATCH request to "/repos/{owner}/test-repo-api/issues/1" with the update data for issues(file:///Users/anhthehoang/Desktop/learning-code/BDDCucumber/BDDCucumberTesting/src/test/resources/Features/UserRegistration.feature:61)
]]></error>
    <system-out><![CDATA[
Scenario: PATCH - Update an existing issue                                                               &amp#27;[90m# src/test/resources/Features/UserRegistration.feature:54&amp#27;[0m
Setting up GitHub API authentication
  &amp#27;[32mGiven &amp#27;[0m&amp#27;[32mI have a valid GitHub API token&amp#27;[0m                                                                  &amp#27;[90m# StepDefinitions.GitHubAPISteps.i_have_a_valid_github_api_token()&amp#27;[0m
Base URI set to: https://api.github.com
  &amp#27;[32mAnd &amp#27;[0m&amp#27;[32mI set the base URI to "&amp#27;[0m&amp#27;[32m&amp#27;[1mhttps://api.github.com&amp#27;[0m&amp#27;[32m"&amp#27;[0m                                                     &amp#27;[90m# StepDefinitions.GitHubAPISteps.i_set_the_base_uri_to(java.lang.String)&amp#27;[0m
Using test repository: test-repo-api
  &amp#27;[32mAnd &amp#27;[0m&amp#27;[32mI have a test repository "&amp#27;[0m&amp#27;[32m&amp#27;[1mtest-repo-api&amp#27;[0m&amp#27;[32m"&amp#27;[0m                                                           &amp#27;[90m# StepDefinitions.GitHubIssuesAPISteps.i_have_a_test_repository(java.lang.String)&amp#27;[0m
Using existing issue number: 1
  &amp#27;[32mGiven &amp#27;[0m&amp#27;[32mI have an existing issue with number &amp#27;[0m&amp#27;[32m&amp#27;[1m1&amp#27;[0m                                                           &amp#27;[90m# StepDefinitions.GitHubIssuesAPISteps.i_have_an_existing_issue_with_number(int)&amp#27;[0m
Update data prepared: {title=Updated issue title, body=Updated issue body via API, state=closed, labels=["enhancement", "updated"]}
  &amp#27;[32mAnd &amp#27;[0m&amp#27;[32mI have update data:&amp#27;[0m                                                                                &amp#27;[90m# StepDefinitions.GitHubAPISteps.i_have_update_data(io.cucumber.datatable.DataTable)&amp#27;[0m
    | title  | Updated issue title        |
    | body   | Updated issue body via API |
    | state  | closed                     |
    | labels | ["enhancement", "updated"] |
  &amp#27;[31mWhen &amp#27;[0m&amp#27;[31mI send a PATCH request to "&amp#27;[0m&amp#27;[31m&amp#27;[1m/repos/{owner}/test-repo-api/issues/1&amp#27;[0m&amp#27;[31m" with the update data for issues&amp#27;[0m &amp#27;[90m# StepDefinitions.GitHubIssuesAPISteps.i_send_a_patch_request_with_update_data(java.lang.String)&amp#27;[0m
      &amp#27;[31mjava.lang.IllegalArgumentException: object cannot be null
	at java.base/jdk.internal.reflect.DirectConstructorHandleAccessor.newInstance(DirectConstructorHandleAccessor.java:62)
	at java.base/java.lang.reflect.Constructor.newInstanceWithCaller(Constructor.java:499)
	at java.base/java.lang.reflect.Constructor.newInstance(Constructor.java:483)
	at org.codehaus.groovy.reflection.CachedConstructor.invoke(CachedConstructor.java:72)
	at org.codehaus.groovy.reflection.CachedConstructor.doConstructorInvoke(CachedConstructor.java:59)
	at org.codehaus.groovy.runtime.callsite.ConstructorSite$ConstructorSiteNoUnwrap.callConstructor(ConstructorSite.java:84)
	at org.codehaus.groovy.runtime.callsite.CallSiteArray.defaultCallConstructor(CallSiteArray.java:59)
	at org.codehaus.groovy.runtime.callsite.AbstractCallSite.callConstructor(AbstractCallSite.java:263)
	at org.codehaus.groovy.runtime.callsite.AbstractCallSite.callConstructor(AbstractCallSite.java:277)
	at io.restassured.internal.common.assertion.AssertParameter.notNull(AssertParameter.groovy:26)
	at io.restassured.internal.common.assertion.AssertParameter$notNull.callStatic(Unknown Source)
	at org.codehaus.groovy.runtime.callsite.CallSiteArray.defaultCallStatic(CallSiteArray.java:55)
	at io.restassured.internal.common.assertion.AssertParameter$notNull.callStatic(Unknown Source)
	at io.restassured.internal.RequestSpecificationImpl.body(RequestSpecificationImpl.groovy:746)
	at StepDefinitions.GitHubIssuesAPISteps.i_send_a_patch_request_with_update_data(GitHubIssuesAPISteps.java:164)
	at ✽.I send a PATCH request to "/repos/{owner}/test-repo-api/issues/1" with the update data for issues(file:///Users/anhthehoang/Desktop/learning-code/BDDCucumber/BDDCucumberTesting/src/test/resources/Features/UserRegistration.feature:61)
&amp#27;[0m
  &amp#27;[36mThen &amp#27;[0m&amp#27;[36mthe response status code should be &amp#27;[0m&amp#27;[36m&amp#27;[1m200&amp#27;[0m                                                            &amp#27;[90m# StepDefinitions.GitHubAPISteps.the_response_status_code_should_be(int)&amp#27;[0m
  &amp#27;[36mAnd &amp#27;[0m&amp#27;[36mthe response should contain "&amp#27;[0m&amp#27;[36m&amp#27;[1mtitle&amp#27;[0m&amp#27;[36m" field with value "&amp#27;[0m&amp#27;[36m&amp#27;[1mUpdated issue title&amp#27;[0m&amp#27;[36m"&amp#27;[0m                         &amp#27;[90m# StepDefinitions.GitHubRepositoryAPISteps.the_response_should_contain_field_with_string_value(java.lang.String,java.lang.String)&amp#27;[0m
  &amp#27;[36mAnd &amp#27;[0m&amp#27;[36mthe response should contain "&amp#27;[0m&amp#27;[36m&amp#27;[1mstate&amp#27;[0m&amp#27;[36m" field with value "&amp#27;[0m&amp#27;[36m&amp#27;[1mclosed&amp#27;[0m&amp#27;[36m"&amp#27;[0m                                      &amp#27;[90m# StepDefinitions.GitHubRepositoryAPISteps.the_response_should_contain_field_with_string_value(java.lang.String,java.lang.String)&amp#27;[0m
]]></system-out>
  </testcase>
  <testcase name="GET - Retrieve issue comments" classname="GitHub Issues REST API Testing" time="0.197">
    <error message="Cannot invoke &quot;io.restassured.response.Response.then()&quot; because &quot;this.response&quot; is null" type="java.lang.NullPointerException"><![CDATA[java.lang.NullPointerException: Cannot invoke "io.restassured.response.Response.then()" because "this.response" is null
	at StepDefinitions.GitHubAPISteps.the_response_status_code_should_be(GitHubAPISteps.java:102)
	at ✽.the response status code should be 200(file:///Users/anhthehoang/Desktop/learning-code/BDDCucumber/BDDCucumberTesting/src/test/resources/Features/UserRegistration.feature:69)
]]></error>
    <system-out><![CDATA[
Scenario: GET - Retrieve issue comments                                                    &amp#27;[90m# src/test/resources/Features/UserRegistration.feature:66&amp#27;[0m
Setting up GitHub API authentication
  &amp#27;[32mGiven &amp#27;[0m&amp#27;[32mI have a valid GitHub API token&amp#27;[0m                                                    &amp#27;[90m# StepDefinitions.GitHubAPISteps.i_have_a_valid_github_api_token()&amp#27;[0m
Base URI set to: https://api.github.com
  &amp#27;[32mAnd &amp#27;[0m&amp#27;[32mI set the base URI to "&amp#27;[0m&amp#27;[32m&amp#27;[1mhttps://api.github.com&amp#27;[0m&amp#27;[32m"&amp#27;[0m                                       &amp#27;[90m# StepDefinitions.GitHubAPISteps.i_set_the_base_uri_to(java.lang.String)&amp#27;[0m
Using test repository: test-repo-api
  &amp#27;[32mAnd &amp#27;[0m&amp#27;[32mI have a test repository "&amp#27;[0m&amp#27;[32m&amp#27;[1mtest-repo-api&amp#27;[0m&amp#27;[32m"&amp#27;[0m                                             &amp#27;[90m# StepDefinitions.GitHubIssuesAPISteps.i_have_a_test_repository(java.lang.String)&amp#27;[0m
Using existing issue number: 1
  &amp#27;[32mGiven &amp#27;[0m&amp#27;[32mI have an existing issue with number &amp#27;[0m&amp#27;[32m&amp#27;[1m1&amp#27;[0m                                             &amp#27;[90m# StepDefinitions.GitHubIssuesAPISteps.i_have_an_existing_issue_with_number(int)&amp#27;[0m
GET request sent to: /repos/testuser/test-repo-api/issues/1/comments
Response status: 401
  &amp#27;[32mWhen &amp#27;[0m&amp#27;[32mI send a GET request to "&amp#27;[0m&amp#27;[32m&amp#27;[1m/repos/{owner}/test-repo-api/issues/1/comments&amp#27;[0m&amp#27;[32m" for issues&amp#27;[0m &amp#27;[90m# StepDefinitions.GitHubIssuesAPISteps.i_send_a_get_request_to_issues_endpoint(java.lang.String)&amp#27;[0m
  &amp#27;[31mThen &amp#27;[0m&amp#27;[31mthe response status code should be &amp#27;[0m&amp#27;[31m&amp#27;[1m200&amp#27;[0m                                              &amp#27;[90m# StepDefinitions.GitHubAPISteps.the_response_status_code_should_be(int)&amp#27;[0m
      &amp#27;[31mjava.lang.NullPointerException: Cannot invoke "io.restassured.response.Response.then()" because "this.response" is null
	at StepDefinitions.GitHubAPISteps.the_response_status_code_should_be(GitHubAPISteps.java:102)
	at ✽.the response status code should be 200(file:///Users/anhthehoang/Desktop/learning-code/BDDCucumber/BDDCucumberTesting/src/test/resources/Features/UserRegistration.feature:69)
&amp#27;[0m
  &amp#27;[36mAnd &amp#27;[0m&amp#27;[36mthe response should be a JSON array&amp#27;[0m                                                  &amp#27;[90m# StepDefinitions.GitHubIssuesAPISteps.the_response_should_be_a_json_array()&amp#27;[0m
  &amp#27;[36mAnd &amp#27;[0m&amp#27;[36meach comment should have "&amp#27;[0m&amp#27;[36m&amp#27;[1mid&amp#27;[0m&amp#27;[36m" field&amp#27;[0m                                                  &amp#27;[90m# StepDefinitions.GitHubIssuesAPISteps.each_comment_should_have_field(java.lang.String)&amp#27;[0m
  &amp#27;[36mAnd &amp#27;[0m&amp#27;[36meach comment should have "&amp#27;[0m&amp#27;[36m&amp#27;[1mbody&amp#27;[0m&amp#27;[36m" field&amp#27;[0m                                                &amp#27;[90m# StepDefinitions.GitHubIssuesAPISteps.each_comment_should_have_field(java.lang.String)&amp#27;[0m
  &amp#27;[36mAnd &amp#27;[0m&amp#27;[36meach comment should have "&amp#27;[0m&amp#27;[36m&amp#27;[1muser&amp#27;[0m&amp#27;[36m" field&amp#27;[0m                                                &amp#27;[90m# StepDefinitions.GitHubIssuesAPISteps.each_comment_should_have_field(java.lang.String)&amp#27;[0m
]]></system-out>
  </testcase>
  <testcase name="POST - Add comment to an issue" classname="GitHub Issues REST API Testing" time="0.249">
    <error message="Cannot invoke &quot;io.restassured.response.Response.then()&quot; because &quot;this.response&quot; is null" type="java.lang.NullPointerException"><![CDATA[java.lang.NullPointerException: Cannot invoke "io.restassured.response.Response.then()" because "this.response" is null
	at StepDefinitions.GitHubAPISteps.the_response_status_code_should_be(GitHubAPISteps.java:102)
	at ✽.the response status code should be 201(file:///Users/anhthehoang/Desktop/learning-code/BDDCucumber/BDDCucumberTesting/src/test/resources/Features/UserRegistration.feature:80)
]]></error>
    <system-out><![CDATA[
Scenario: POST - Add comment to an issue                                                               &amp#27;[90m# src/test/resources/Features/UserRegistration.feature:75&amp#27;[0m
Setting up GitHub API authentication
  &amp#27;[32mGiven &amp#27;[0m&amp#27;[32mI have a valid GitHub API token&amp#27;[0m                                                                &amp#27;[90m# StepDefinitions.GitHubAPISteps.i_have_a_valid_github_api_token()&amp#27;[0m
Base URI set to: https://api.github.com
  &amp#27;[32mAnd &amp#27;[0m&amp#27;[32mI set the base URI to "&amp#27;[0m&amp#27;[32m&amp#27;[1mhttps://api.github.com&amp#27;[0m&amp#27;[32m"&amp#27;[0m                                                   &amp#27;[90m# StepDefinitions.GitHubAPISteps.i_set_the_base_uri_to(java.lang.String)&amp#27;[0m
Using test repository: test-repo-api
  &amp#27;[32mAnd &amp#27;[0m&amp#27;[32mI have a test repository "&amp#27;[0m&amp#27;[32m&amp#27;[1mtest-repo-api&amp#27;[0m&amp#27;[32m"&amp#27;[0m                                                         &amp#27;[90m# StepDefinitions.GitHubIssuesAPISteps.i_have_a_test_repository(java.lang.String)&amp#27;[0m
Using existing issue number: 1
  &amp#27;[32mGiven &amp#27;[0m&amp#27;[32mI have an existing issue with number &amp#27;[0m&amp#27;[32m&amp#27;[1m1&amp#27;[0m                                                         &amp#27;[90m# StepDefinitions.GitHubIssuesAPISteps.i_have_an_existing_issue_with_number(int)&amp#27;[0m
Comment data prepared: {body=This is a test comment added via API}
  &amp#27;[32mAnd &amp#27;[0m&amp#27;[32mI have comment data:&amp#27;[0m                                                                             &amp#27;[90m# StepDefinitions.GitHubIssuesAPISteps.i_have_comment_data(io.cucumber.datatable.DataTable)&amp#27;[0m
    | body | This is a test comment added via API |
POST request sent to: /repos/testuser/test-repo-api/issues/1/comments
Response status: 404
  &amp#27;[32mWhen &amp#27;[0m&amp#27;[32mI send a POST request to "&amp#27;[0m&amp#27;[32m&amp#27;[1m/repos/{owner}/test-repo-api/issues/1/comments&amp#27;[0m&amp#27;[32m" with the comment data&amp#27;[0m &amp#27;[90m# StepDefinitions.GitHubIssuesAPISteps.i_send_a_post_request_with_comment_data(java.lang.String)&amp#27;[0m
  &amp#27;[31mThen &amp#27;[0m&amp#27;[31mthe response status code should be &amp#27;[0m&amp#27;[31m&amp#27;[1m201&amp#27;[0m                                                          &amp#27;[90m# StepDefinitions.GitHubAPISteps.the_response_status_code_should_be(int)&amp#27;[0m
      &amp#27;[31mjava.lang.NullPointerException: Cannot invoke "io.restassured.response.Response.then()" because "this.response" is null
	at StepDefinitions.GitHubAPISteps.the_response_status_code_should_be(GitHubAPISteps.java:102)
	at ✽.the response status code should be 201(file:///Users/anhthehoang/Desktop/learning-code/BDDCucumber/BDDCucumberTesting/src/test/resources/Features/UserRegistration.feature:80)
&amp#27;[0m
  &amp#27;[36mAnd &amp#27;[0m&amp#27;[36mthe response should contain "&amp#27;[0m&amp#27;[36m&amp#27;[1mbody&amp#27;[0m&amp#27;[36m" field with value "&amp#27;[0m&amp#27;[36m&amp#27;[1mThis is a test comment added via API&amp#27;[0m&amp#27;[36m"&amp#27;[0m       &amp#27;[90m# StepDefinitions.GitHubRepositoryAPISteps.the_response_should_contain_field_with_string_value(java.lang.String,java.lang.String)&amp#27;[0m
  &amp#27;[36mAnd &amp#27;[0m&amp#27;[36mthe response should contain "&amp#27;[0m&amp#27;[36m&amp#27;[1mid&amp#27;[0m&amp#27;[36m" field&amp#27;[0m                                                           &amp#27;[90m# StepDefinitions.GitHubAPISteps.the_response_should_contain_field(java.lang.String)&amp#27;[0m
]]></system-out>
  </testcase>
  <testcase name="Create issues with different labels #1" classname="GitHub Issues REST API Testing" time="0.02">
    <error message="The step &apos;I have issue data with title &quot;Bug report issue&quot; and labels &quot;[&quot;bug&quot;]&quot;&apos; is undefined.&#10;You can implement this step using the snippet(s) below:&#10;&#10;@Given(&quot;I have issue data with title {string} and labels \&quot;[\&quot;bug\&quot;]\&quot;&quot;)&#10;public void i_have_issue_data_with_title_and_labels_bug(String string) {&#10;    // Write code here that turns the phrase above into concrete actions&#10;    throw new io.cucumber.java.PendingException();&#10;}&#10;" type="io.cucumber.junit.UndefinedStepException"><![CDATA[io.cucumber.junit.UndefinedStepException: 
The step 'I have issue data with title "Bug report issue" and labels "["bug"]"' is undefined.
You can implement this step using the snippet(s) below:

@Given("I have issue data with title {string} and labels \"[\"bug\"]\"")
public void i_have_issue_data_with_title_and_labels_bug(String string) {
    // Write code here that turns the phrase above into concrete actions
    throw new io.cucumber.java.PendingException();
}

]]></error>
    <system-out><![CDATA[
Scenario Outline: Create issues with different labels                                     &amp#27;[90m# src/test/resources/Features/UserRegistration.feature:93&amp#27;[0m
Setting up GitHub API authentication
  &amp#27;[32mGiven &amp#27;[0m&amp#27;[32mI have a valid GitHub API token&amp#27;[0m                                                   &amp#27;[90m# StepDefinitions.GitHubAPISteps.i_have_a_valid_github_api_token()&amp#27;[0m
Base URI set to: https://api.github.com
  &amp#27;[32mAnd &amp#27;[0m&amp#27;[32mI set the base URI to "&amp#27;[0m&amp#27;[32m&amp#27;[1mhttps://api.github.com&amp#27;[0m&amp#27;[32m"&amp#27;[0m                                      &amp#27;[90m# StepDefinitions.GitHubAPISteps.i_set_the_base_uri_to(java.lang.String)&amp#27;[0m
Using test repository: test-repo-api
  &amp#27;[32mAnd &amp#27;[0m&amp#27;[32mI have a test repository "&amp#27;[0m&amp#27;[32m&amp#27;[1mtest-repo-api&amp#27;[0m&amp#27;[32m"&amp#27;[0m                                            &amp#27;[90m# StepDefinitions.GitHubIssuesAPISteps.i_have_a_test_repository(java.lang.String)&amp#27;[0m
  &amp#27;[33mGiven &amp#27;[0m&amp#27;[33mI have issue data with title "Bug report issue" and labels "["bug"]"&amp#27;[0m
  &amp#27;[36mWhen &amp#27;[0m&amp#27;[36mI send a POST request to "&amp#27;[0m&amp#27;[36m&amp#27;[1m/repos/{owner}/test-repo-api/issues&amp#27;[0m&amp#27;[36m" with the issue data&amp#27;[0m &amp#27;[90m# StepDefinitions.GitHubIssuesAPISteps.i_send_a_post_request_with_issue_data(java.lang.String)&amp#27;[0m
  &amp#27;[36mThen &amp#27;[0m&amp#27;[36mthe response status code should be &amp#27;[0m&amp#27;[36m&amp#27;[1m201&amp#27;[0m                                             &amp#27;[90m# StepDefinitions.GitHubAPISteps.the_response_status_code_should_be(int)&amp#27;[0m
  &amp#27;[36mAnd &amp#27;[0m&amp#27;[36mthe response should contain "&amp#27;[0m&amp#27;[36m&amp#27;[1mtitle&amp#27;[0m&amp#27;[36m" field with value "&amp#27;[0m&amp#27;[36m&amp#27;[1mBug report issue&amp#27;[0m&amp#27;[36m"&amp#27;[0m             &amp#27;[90m# StepDefinitions.GitHubRepositoryAPISteps.the_response_should_contain_field_with_string_value(java.lang.String,java.lang.String)&amp#27;[0m
  &amp#27;[36mAnd &amp#27;[0m&amp#27;[36mthe response should contain the specified labels&amp#27;[0m                                    &amp#27;[90m# StepDefinitions.GitHubIssuesAPISteps.the_response_should_contain_the_specified_labels()&amp#27;[0m
]]></system-out>
  </testcase>
  <testcase name="Create issues with different labels #2" classname="GitHub Issues REST API Testing" time="0.002">
    <error message="The step &apos;I have issue data with title &quot;Feature request issue&quot; and labels &quot;[&quot;enhancement&quot;]&quot;&apos; is undefined.&#10;You can implement this step using the snippet(s) below:&#10;&#10;@Given(&quot;I have issue data with title {string} and labels \&quot;[\&quot;enhancement\&quot;]\&quot;&quot;)&#10;public void i_have_issue_data_with_title_and_labels_enhancement(String string) {&#10;    // Write code here that turns the phrase above into concrete actions&#10;    throw new io.cucumber.java.PendingException();&#10;}&#10;" type="io.cucumber.junit.UndefinedStepException"><![CDATA[io.cucumber.junit.UndefinedStepException: 
The step 'I have issue data with title "Feature request issue" and labels "["enhancement"]"' is undefined.
You can implement this step using the snippet(s) below:

@Given("I have issue data with title {string} and labels \"[\"enhancement\"]\"")
public void i_have_issue_data_with_title_and_labels_enhancement(String string) {
    // Write code here that turns the phrase above into concrete actions
    throw new io.cucumber.java.PendingException();
}

]]></error>
    <system-out><![CDATA[
Scenario Outline: Create issues with different labels                                     &amp#27;[90m# src/test/resources/Features/UserRegistration.feature:94&amp#27;[0m
Setting up GitHub API authentication
  &amp#27;[32mGiven &amp#27;[0m&amp#27;[32mI have a valid GitHub API token&amp#27;[0m                                                   &amp#27;[90m# StepDefinitions.GitHubAPISteps.i_have_a_valid_github_api_token()&amp#27;[0m
Base URI set to: https://api.github.com
  &amp#27;[32mAnd &amp#27;[0m&amp#27;[32mI set the base URI to "&amp#27;[0m&amp#27;[32m&amp#27;[1mhttps://api.github.com&amp#27;[0m&amp#27;[32m"&amp#27;[0m                                      &amp#27;[90m# StepDefinitions.GitHubAPISteps.i_set_the_base_uri_to(java.lang.String)&amp#27;[0m
Using test repository: test-repo-api
  &amp#27;[32mAnd &amp#27;[0m&amp#27;[32mI have a test repository "&amp#27;[0m&amp#27;[32m&amp#27;[1mtest-repo-api&amp#27;[0m&amp#27;[32m"&amp#27;[0m                                            &amp#27;[90m# StepDefinitions.GitHubIssuesAPISteps.i_have_a_test_repository(java.lang.String)&amp#27;[0m
  &amp#27;[33mGiven &amp#27;[0m&amp#27;[33mI have issue data with title "Feature request issue" and labels "["enhancement"]"&amp#27;[0m
  &amp#27;[36mWhen &amp#27;[0m&amp#27;[36mI send a POST request to "&amp#27;[0m&amp#27;[36m&amp#27;[1m/repos/{owner}/test-repo-api/issues&amp#27;[0m&amp#27;[36m" with the issue data&amp#27;[0m &amp#27;[90m# StepDefinitions.GitHubIssuesAPISteps.i_send_a_post_request_with_issue_data(java.lang.String)&amp#27;[0m
  &amp#27;[36mThen &amp#27;[0m&amp#27;[36mthe response status code should be &amp#27;[0m&amp#27;[36m&amp#27;[1m201&amp#27;[0m                                             &amp#27;[90m# StepDefinitions.GitHubAPISteps.the_response_status_code_should_be(int)&amp#27;[0m
  &amp#27;[36mAnd &amp#27;[0m&amp#27;[36mthe response should contain "&amp#27;[0m&amp#27;[36m&amp#27;[1mtitle&amp#27;[0m&amp#27;[36m" field with value "&amp#27;[0m&amp#27;[36m&amp#27;[1mFeature request issue&amp#27;[0m&amp#27;[36m"&amp#27;[0m        &amp#27;[90m# StepDefinitions.GitHubRepositoryAPISteps.the_response_should_contain_field_with_string_value(java.lang.String,java.lang.String)&amp#27;[0m
  &amp#27;[36mAnd &amp#27;[0m&amp#27;[36mthe response should contain the specified labels&amp#27;[0m                                    &amp#27;[90m# StepDefinitions.GitHubIssuesAPISteps.the_response_should_contain_the_specified_labels()&amp#27;[0m
]]></system-out>
  </testcase>
  <testcase name="Create issues with different labels #3" classname="GitHub Issues REST API Testing" time="0.002">
    <error message="The step &apos;I have issue data with title &quot;Documentation issue&quot; and labels &quot;[&quot;documentation&quot;]&quot;&apos; is undefined.&#10;You can implement this step using the snippet(s) below:&#10;&#10;@Given(&quot;I have issue data with title {string} and labels \&quot;[\&quot;documentation\&quot;]\&quot;&quot;)&#10;public void i_have_issue_data_with_title_and_labels_documentation(String string) {&#10;    // Write code here that turns the phrase above into concrete actions&#10;    throw new io.cucumber.java.PendingException();&#10;}&#10;" type="io.cucumber.junit.UndefinedStepException"><![CDATA[io.cucumber.junit.UndefinedStepException: 
The step 'I have issue data with title "Documentation issue" and labels "["documentation"]"' is undefined.
You can implement this step using the snippet(s) below:

@Given("I have issue data with title {string} and labels \"[\"documentation\"]\"")
public void i_have_issue_data_with_title_and_labels_documentation(String string) {
    // Write code here that turns the phrase above into concrete actions
    throw new io.cucumber.java.PendingException();
}

]]></error>
    <system-out><![CDATA[
Scenario Outline: Create issues with different labels                                     &amp#27;[90m# src/test/resources/Features/UserRegistration.feature:95&amp#27;[0m
Setting up GitHub API authentication
  &amp#27;[32mGiven &amp#27;[0m&amp#27;[32mI have a valid GitHub API token&amp#27;[0m                                                   &amp#27;[90m# StepDefinitions.GitHubAPISteps.i_have_a_valid_github_api_token()&amp#27;[0m
Base URI set to: https://api.github.com
  &amp#27;[32mAnd &amp#27;[0m&amp#27;[32mI set the base URI to "&amp#27;[0m&amp#27;[32m&amp#27;[1mhttps://api.github.com&amp#27;[0m&amp#27;[32m"&amp#27;[0m                                      &amp#27;[90m# StepDefinitions.GitHubAPISteps.i_set_the_base_uri_to(java.lang.String)&amp#27;[0m
Using test repository: test-repo-api
  &amp#27;[32mAnd &amp#27;[0m&amp#27;[32mI have a test repository "&amp#27;[0m&amp#27;[32m&amp#27;[1mtest-repo-api&amp#27;[0m&amp#27;[32m"&amp#27;[0m                                            &amp#27;[90m# StepDefinitions.GitHubIssuesAPISteps.i_have_a_test_repository(java.lang.String)&amp#27;[0m
  &amp#27;[33mGiven &amp#27;[0m&amp#27;[33mI have issue data with title "Documentation issue" and labels "["documentation"]"&amp#27;[0m
  &amp#27;[36mWhen &amp#27;[0m&amp#27;[36mI send a POST request to "&amp#27;[0m&amp#27;[36m&amp#27;[1m/repos/{owner}/test-repo-api/issues&amp#27;[0m&amp#27;[36m" with the issue data&amp#27;[0m &amp#27;[90m# StepDefinitions.GitHubIssuesAPISteps.i_send_a_post_request_with_issue_data(java.lang.String)&amp#27;[0m
  &amp#27;[36mThen &amp#27;[0m&amp#27;[36mthe response status code should be &amp#27;[0m&amp#27;[36m&amp#27;[1m201&amp#27;[0m                                             &amp#27;[90m# StepDefinitions.GitHubAPISteps.the_response_status_code_should_be(int)&amp#27;[0m
  &amp#27;[36mAnd &amp#27;[0m&amp#27;[36mthe response should contain "&amp#27;[0m&amp#27;[36m&amp#27;[1mtitle&amp#27;[0m&amp#27;[36m" field with value "&amp#27;[0m&amp#27;[36m&amp#27;[1mDocumentation issue&amp#27;[0m&amp#27;[36m"&amp#27;[0m          &amp#27;[90m# StepDefinitions.GitHubRepositoryAPISteps.the_response_should_contain_field_with_string_value(java.lang.String,java.lang.String)&amp#27;[0m
  &amp#27;[36mAnd &amp#27;[0m&amp#27;[36mthe response should contain the specified labels&amp#27;[0m                                    &amp#27;[90m# StepDefinitions.GitHubIssuesAPISteps.the_response_should_contain_the_specified_labels()&amp#27;[0m
]]></system-out>
  </testcase>
  <testcase name="Create issues with different labels #4" classname="GitHub Issues REST API Testing" time="0.001">
    <error message="The step &apos;I have issue data with title &quot;Help wanted issue&quot; and labels &quot;[&quot;help wanted&quot;]&quot;&apos; is undefined.&#10;You can implement this step using the snippet(s) below:&#10;&#10;@Given(&quot;I have issue data with title {string} and labels \&quot;[\&quot;help wanted\&quot;]\&quot;&quot;)&#10;public void i_have_issue_data_with_title_and_labels_help_wanted(String string) {&#10;    // Write code here that turns the phrase above into concrete actions&#10;    throw new io.cucumber.java.PendingException();&#10;}&#10;" type="io.cucumber.junit.UndefinedStepException"><![CDATA[io.cucumber.junit.UndefinedStepException: 
The step 'I have issue data with title "Help wanted issue" and labels "["help wanted"]"' is undefined.
You can implement this step using the snippet(s) below:

@Given("I have issue data with title {string} and labels \"[\"help wanted\"]\"")
public void i_have_issue_data_with_title_and_labels_help_wanted(String string) {
    // Write code here that turns the phrase above into concrete actions
    throw new io.cucumber.java.PendingException();
}

]]></error>
    <system-out><![CDATA[
Scenario Outline: Create issues with different labels                                     &amp#27;[90m# src/test/resources/Features/UserRegistration.feature:96&amp#27;[0m
Setting up GitHub API authentication
  &amp#27;[32mGiven &amp#27;[0m&amp#27;[32mI have a valid GitHub API token&amp#27;[0m                                                   &amp#27;[90m# StepDefinitions.GitHubAPISteps.i_have_a_valid_github_api_token()&amp#27;[0m
Base URI set to: https://api.github.com
  &amp#27;[32mAnd &amp#27;[0m&amp#27;[32mI set the base URI to "&amp#27;[0m&amp#27;[32m&amp#27;[1mhttps://api.github.com&amp#27;[0m&amp#27;[32m"&amp#27;[0m                                      &amp#27;[90m# StepDefinitions.GitHubAPISteps.i_set_the_base_uri_to(java.lang.String)&amp#27;[0m
Using test repository: test-repo-api
  &amp#27;[32mAnd &amp#27;[0m&amp#27;[32mI have a test repository "&amp#27;[0m&amp#27;[32m&amp#27;[1mtest-repo-api&amp#27;[0m&amp#27;[32m"&amp#27;[0m                                            &amp#27;[90m# StepDefinitions.GitHubIssuesAPISteps.i_have_a_test_repository(java.lang.String)&amp#27;[0m
  &amp#27;[33mGiven &amp#27;[0m&amp#27;[33mI have issue data with title "Help wanted issue" and labels "["help wanted"]"&amp#27;[0m
  &amp#27;[36mWhen &amp#27;[0m&amp#27;[36mI send a POST request to "&amp#27;[0m&amp#27;[36m&amp#27;[1m/repos/{owner}/test-repo-api/issues&amp#27;[0m&amp#27;[36m" with the issue data&amp#27;[0m &amp#27;[90m# StepDefinitions.GitHubIssuesAPISteps.i_send_a_post_request_with_issue_data(java.lang.String)&amp#27;[0m
  &amp#27;[36mThen &amp#27;[0m&amp#27;[36mthe response status code should be &amp#27;[0m&amp#27;[36m&amp#27;[1m201&amp#27;[0m                                             &amp#27;[90m# StepDefinitions.GitHubAPISteps.the_response_status_code_should_be(int)&amp#27;[0m
  &amp#27;[36mAnd &amp#27;[0m&amp#27;[36mthe response should contain "&amp#27;[0m&amp#27;[36m&amp#27;[1mtitle&amp#27;[0m&amp#27;[36m" field with value "&amp#27;[0m&amp#27;[36m&amp#27;[1mHelp wanted issue&amp#27;[0m&amp#27;[36m"&amp#27;[0m            &amp#27;[90m# StepDefinitions.GitHubRepositoryAPISteps.the_response_should_contain_field_with_string_value(java.lang.String,java.lang.String)&amp#27;[0m
  &amp#27;[36mAnd &amp#27;[0m&amp#27;[36mthe response should contain the specified labels&amp#27;[0m                                    &amp#27;[90m# StepDefinitions.GitHubIssuesAPISteps.the_response_should_contain_the_specified_labels()&amp#27;[0m
]]></system-out>
  </testcase>
</testsuite>