<?xml version="1.0" encoding="UTF-8"?>
<testsuite xmlns:xsi="http://www.w3.org/2001/XMLSchema-instance" xsi:noNamespaceSchemaLocation="https://maven.apache.org/surefire/maven-surefire-plugin/xsd/surefire-test-report-3.0.xsd" version="3.0" name="MyTestRunner.TestRunner" time="2.612" tests="7" errors="2" skipped="0" failures="3">
  <properties>
    <property name="java.specification.version" value="24"/>
    <property name="sun.jnu.encoding" value="UTF-8"/>
    <property name="java.class.path" value="/Users/anhthehoang/Desktop/learning-code/BDDCucumber/BDDCucumberTesting/target/test-classes:/Users/anhthehoang/Desktop/learning-code/BDDCucumber/BDDCucumberTesting/target/classes:/Users/anhthehoang/.m2/repository/io/cucumber/cucumber-java/7.20.0/cucumber-java-7.20.0.jar:/Users/anhthehoang/.m2/repository/io/cucumber/cucumber-core/7.20.0/cucumber-core-7.20.0.jar:/Users/anhthehoang/.m2/repository/io/cucumber/cucumber-gherkin/7.20.0/cucumber-gherkin-7.20.0.jar:/Users/anhthehoang/.m2/repository/io/cucumber/cucumber-gherkin-messages/7.20.0/cucumber-gherkin-messages-7.20.0.jar:/Users/anhthehoang/.m2/repository/io/cucumber/testng-xml-formatter/0.2.0/testng-xml-formatter-0.2.0.jar:/Users/anhthehoang/.m2/repository/io/cucumber/query/12.2.0/query-12.2.0.jar:/Users/anhthehoang/.m2/repository/io/cucumber/tag-expressions/6.1.0/tag-expressions-6.1.0.jar:/Users/anhthehoang/.m2/repository/io/cucumber/cucumber-expressions/17.1.0/cucumber-expressions-17.1.0.jar:/Users/anhthehoang/.m2/repository/io/cucumber/datatable/7.20.0/datatable-7.20.0.jar:/Users/anhthehoang/.m2/repository/io/cucumber/cucumber-plugin/7.20.0/cucumber-plugin-7.20.0.jar:/Users/anhthehoang/.m2/repository/io/cucumber/docstring/7.20.0/docstring-7.20.0.jar:/Users/anhthehoang/.m2/repository/io/cucumber/html-formatter/21.7.0/html-formatter-21.7.0.jar:/Users/anhthehoang/.m2/repository/io/cucumber/junit-xml-formatter/0.5.0/junit-xml-formatter-0.5.0.jar:/Users/anhthehoang/.m2/repository/io/cucumber/ci-environment/10.0.1/ci-environment-10.0.1.jar:/Users/anhthehoang/.m2/repository/org/apiguardian/apiguardian-api/1.1.2/apiguardian-api-1.1.2.jar:/Users/anhthehoang/.m2/repository/io/cucumber/cucumber-junit/7.20.0/cucumber-junit-7.20.0.jar:/Users/anhthehoang/.m2/repository/log4j/log4j/1.2.17/log4j-1.2.17.jar:/Users/anhthehoang/.m2/repository/io/rest-assured/rest-assured/4.3.3/rest-assured-4.3.3.jar:/Users/anhthehoang/.m2/repository/org/codehaus/groovy/groovy/3.0.7/groovy-3.0.7.jar:/Users/anhthehoang/.m2/repository/org/codehaus/groovy/groovy-xml/3.0.7/groovy-xml-3.0.7.jar:/Users/anhthehoang/.m2/repository/org/apache/httpcomponents/httpclient/4.5.3/httpclient-4.5.3.jar:/Users/anhthehoang/.m2/repository/org/apache/httpcomponents/httpcore/4.4.6/httpcore-4.4.6.jar:/Users/anhthehoang/.m2/repository/commons-logging/commons-logging/1.2/commons-logging-1.2.jar:/Users/anhthehoang/.m2/repository/commons-codec/commons-codec/1.9/commons-codec-1.9.jar:/Users/anhthehoang/.m2/repository/org/apache/httpcomponents/httpmime/4.5.3/httpmime-4.5.3.jar:/Users/anhthehoang/.m2/repository/org/hamcrest/hamcrest/2.1/hamcrest-2.1.jar:/Users/anhthehoang/.m2/repository/org/ccil/cowan/tagsoup/tagsoup/1.2.1/tagsoup-1.2.1.jar:/Users/anhthehoang/.m2/repository/io/rest-assured/json-path/4.3.3/json-path-4.3.3.jar:/Users/anhthehoang/.m2/repository/org/codehaus/groovy/groovy-json/3.0.7/groovy-json-3.0.7.jar:/Users/anhthehoang/.m2/repository/io/rest-assured/rest-assured-common/4.3.3/rest-assured-common-4.3.3.jar:/Users/anhthehoang/.m2/repository/io/rest-assured/xml-path/4.3.3/xml-path-4.3.3.jar:/Users/anhthehoang/.m2/repository/org/apache/commons/commons-lang3/3.11/commons-lang3-3.11.jar:/Users/anhthehoang/.m2/repository/jakarta/xml/bind/jakarta.xml.bind-api/2.3.3/jakarta.xml.bind-api-2.3.3.jar:/Users/anhthehoang/.m2/repository/jakarta/activation/jakarta.activation-api/1.2.2/jakarta.activation-api-1.2.2.jar:/Users/anhthehoang/.m2/repository/com/sun/xml/bind/jaxb-impl/2.3.3/jaxb-impl-2.3.3.jar:/Users/anhthehoang/.m2/repository/com/fasterxml/jackson/core/jackson-databind/2.15.2/jackson-databind-2.15.2.jar:/Users/anhthehoang/.m2/repository/com/fasterxml/jackson/core/jackson-annotations/2.15.2/jackson-annotations-2.15.2.jar:/Users/anhthehoang/.m2/repository/com/fasterxml/jackson/core/jackson-core/2.15.2/jackson-core-2.15.2.jar:/Users/anhthehoang/.m2/repository/io/cucumber/gherkin/29.0.0/gherkin-29.0.0.jar:/Users/anhthehoang/.m2/repository/io/cucumber/messages/24.1.0/messages-24.1.0.jar:/Users/anhthehoang/.m2/repository/junit/junit/4.13.1/junit-4.13.1.jar:/Users/anhthehoang/.m2/repository/org/hamcrest/hamcrest-core/1.3/hamcrest-core-1.3.jar:/Users/anhthehoang/.m2/repository/org/seleniumhq/selenium/selenium-java/4.25.0/selenium-java-4.25.0.jar:/Users/anhthehoang/.m2/repository/org/seleniumhq/selenium/selenium-api/4.25.0/selenium-api-4.25.0.jar:/Users/anhthehoang/.m2/repository/org/jspecify/jspecify/1.0.0/jspecify-1.0.0.jar:/Users/anhthehoang/.m2/repository/org/seleniumhq/selenium/selenium-chrome-driver/4.25.0/selenium-chrome-driver-4.25.0.jar:/Users/anhthehoang/.m2/repository/com/google/auto/service/auto-service-annotations/1.1.1/auto-service-annotations-1.1.1.jar:/Users/anhthehoang/.m2/repository/org/seleniumhq/selenium/selenium-chromium-driver/4.25.0/selenium-chromium-driver-4.25.0.jar:/Users/anhthehoang/.m2/repository/org/seleniumhq/selenium/selenium-json/4.25.0/selenium-json-4.25.0.jar:/Users/anhthehoang/.m2/repository/org/seleniumhq/selenium/selenium-manager/4.25.0/selenium-manager-4.25.0.jar:/Users/anhthehoang/.m2/repository/org/seleniumhq/selenium/selenium-devtools-v127/4.25.0/selenium-devtools-v127-4.25.0.jar:/Users/anhthehoang/.m2/repository/org/seleniumhq/selenium/selenium-devtools-v128/4.25.0/selenium-devtools-v128-4.25.0.jar:/Users/anhthehoang/.m2/repository/org/seleniumhq/selenium/selenium-devtools-v129/4.25.0/selenium-devtools-v129-4.25.0.jar:/Users/anhthehoang/.m2/repository/org/seleniumhq/selenium/selenium-devtools-v85/4.25.0/selenium-devtools-v85-4.25.0.jar:/Users/anhthehoang/.m2/repository/org/seleniumhq/selenium/selenium-edge-driver/4.25.0/selenium-edge-driver-4.25.0.jar:/Users/anhthehoang/.m2/repository/org/seleniumhq/selenium/selenium-firefox-driver/4.25.0/selenium-firefox-driver-4.25.0.jar:/Users/anhthehoang/.m2/repository/org/seleniumhq/selenium/selenium-http/4.25.0/selenium-http-4.25.0.jar:/Users/anhthehoang/.m2/repository/dev/failsafe/failsafe/3.3.2/failsafe-3.3.2.jar:/Users/anhthehoang/.m2/repository/org/seleniumhq/selenium/selenium-ie-driver/4.25.0/selenium-ie-driver-4.25.0.jar:/Users/anhthehoang/.m2/repository/org/seleniumhq/selenium/selenium-remote-driver/4.25.0/selenium-remote-driver-4.25.0.jar:/Users/anhthehoang/.m2/repository/com/google/guava/guava/33.3.0-jre/guava-33.3.0-jre.jar:/Users/anhthehoang/.m2/repository/com/google/guava/failureaccess/1.0.2/failureaccess-1.0.2.jar:/Users/anhthehoang/.m2/repository/com/google/guava/listenablefuture/9999.0-empty-to-avoid-conflict-with-guava/listenablefuture-9999.0-empty-to-avoid-conflict-with-guava.jar:/Users/anhthehoang/.m2/repository/com/google/code/findbugs/jsr305/3.0.2/jsr305-3.0.2.jar:/Users/anhthehoang/.m2/repository/org/checkerframework/checker-qual/3.43.0/checker-qual-3.43.0.jar:/Users/anhthehoang/.m2/repository/com/google/errorprone/error_prone_annotations/2.28.0/error_prone_annotations-2.28.0.jar:/Users/anhthehoang/.m2/repository/com/google/j2objc/j2objc-annotations/3.0.0/j2objc-annotations-3.0.0.jar:/Users/anhthehoang/.m2/repository/io/opentelemetry/semconv/opentelemetry-semconv/1.25.0-alpha/opentelemetry-semconv-1.25.0-alpha.jar:/Users/anhthehoang/.m2/repository/io/opentelemetry/opentelemetry-api/1.42.1/opentelemetry-api-1.42.1.jar:/Users/anhthehoang/.m2/repository/io/opentelemetry/opentelemetry-context/1.42.1/opentelemetry-context-1.42.1.jar:/Users/anhthehoang/.m2/repository/io/opentelemetry/opentelemetry-exporter-logging/1.42.1/opentelemetry-exporter-logging-1.42.1.jar:/Users/anhthehoang/.m2/repository/io/opentelemetry/opentelemetry-sdk-common/1.42.1/opentelemetry-sdk-common-1.42.1.jar:/Users/anhthehoang/.m2/repository/io/opentelemetry/opentelemetry-sdk-extension-autoconfigure-spi/1.42.1/opentelemetry-sdk-extension-autoconfigure-spi-1.42.1.jar:/Users/anhthehoang/.m2/repository/io/opentelemetry/opentelemetry-sdk-extension-autoconfigure/1.42.1/opentelemetry-sdk-extension-autoconfigure-1.42.1.jar:/Users/anhthehoang/.m2/repository/io/opentelemetry/opentelemetry-api-incubator/1.42.1-alpha/opentelemetry-api-incubator-1.42.1-alpha.jar:/Users/anhthehoang/.m2/repository/io/opentelemetry/opentelemetry-sdk-trace/1.42.1/opentelemetry-sdk-trace-1.42.1.jar:/Users/anhthehoang/.m2/repository/io/opentelemetry/opentelemetry-sdk/1.42.1/opentelemetry-sdk-1.42.1.jar:/Users/anhthehoang/.m2/repository/io/opentelemetry/opentelemetry-sdk-metrics/1.42.1/opentelemetry-sdk-metrics-1.42.1.jar:/Users/anhthehoang/.m2/repository/io/opentelemetry/opentelemetry-sdk-logs/1.42.1/opentelemetry-sdk-logs-1.42.1.jar:/Users/anhthehoang/.m2/repository/net/bytebuddy/byte-buddy/1.15.1/byte-buddy-1.15.1.jar:/Users/anhthehoang/.m2/repository/org/seleniumhq/selenium/selenium-os/4.25.0/selenium-os-4.25.0.jar:/Users/anhthehoang/.m2/repository/org/apache/commons/commons-exec/1.4.0/commons-exec-1.4.0.jar:/Users/anhthehoang/.m2/repository/org/seleniumhq/selenium/selenium-safari-driver/4.25.0/selenium-safari-driver-4.25.0.jar:/Users/anhthehoang/.m2/repository/org/seleniumhq/selenium/selenium-support/4.25.0/selenium-support-4.25.0.jar:/Users/anhthehoang/.m2/repository/io/cucumber/cucumber-picocontainer/7.20.0/cucumber-picocontainer-7.20.0.jar:/Users/anhthehoang/.m2/repository/org/picocontainer/picocontainer/2.15/picocontainer-2.15.jar:"/>
    <property name="java.vm.vendor" value="Homebrew"/>
    <property name="sun.arch.data.model" value="64"/>
    <property name="java.vendor.url" value="https://github.com/Homebrew/homebrew-core/issues"/>
    <property name="os.name" value="Mac OS X"/>
    <property name="java.vm.specification.version" value="24"/>
    <property name="sun.java.launcher" value="SUN_STANDARD"/>
    <property name="user.country" value="US"/>
    <property name="sun.boot.library.path" value="/opt/homebrew/Cellar/openjdk/24.0.2/libexec/openjdk.jdk/Contents/Home/lib"/>
    <property name="sun.java.command" value="/Users/anhthehoang/Desktop/learning-code/BDDCucumber/BDDCucumberTesting/target/surefire/surefirebooter-20250902163119345_3.jar /Users/anhthehoang/Desktop/learning-code/BDDCucumber/BDDCucumberTesting/target/surefire 2025-09-02T16-31-19_259-jvmRun1 surefire-20250902163119345_1tmp surefire_0-20250902163119345_2tmp"/>
    <property name="http.nonProxyHosts" value="local|*.local|169.254/16|*.169.254/16"/>
    <property name="jdk.debug" value="release"/>
    <property name="surefire.test.class.path" value="/Users/anhthehoang/Desktop/learning-code/BDDCucumber/BDDCucumberTesting/target/test-classes:/Users/anhthehoang/Desktop/learning-code/BDDCucumber/BDDCucumberTesting/target/classes:/Users/anhthehoang/.m2/repository/io/cucumber/cucumber-java/7.20.0/cucumber-java-7.20.0.jar:/Users/anhthehoang/.m2/repository/io/cucumber/cucumber-core/7.20.0/cucumber-core-7.20.0.jar:/Users/anhthehoang/.m2/repository/io/cucumber/cucumber-gherkin/7.20.0/cucumber-gherkin-7.20.0.jar:/Users/anhthehoang/.m2/repository/io/cucumber/cucumber-gherkin-messages/7.20.0/cucumber-gherkin-messages-7.20.0.jar:/Users/anhthehoang/.m2/repository/io/cucumber/testng-xml-formatter/0.2.0/testng-xml-formatter-0.2.0.jar:/Users/anhthehoang/.m2/repository/io/cucumber/query/12.2.0/query-12.2.0.jar:/Users/anhthehoang/.m2/repository/io/cucumber/tag-expressions/6.1.0/tag-expressions-6.1.0.jar:/Users/anhthehoang/.m2/repository/io/cucumber/cucumber-expressions/17.1.0/cucumber-expressions-17.1.0.jar:/Users/anhthehoang/.m2/repository/io/cucumber/datatable/7.20.0/datatable-7.20.0.jar:/Users/anhthehoang/.m2/repository/io/cucumber/cucumber-plugin/7.20.0/cucumber-plugin-7.20.0.jar:/Users/anhthehoang/.m2/repository/io/cucumber/docstring/7.20.0/docstring-7.20.0.jar:/Users/anhthehoang/.m2/repository/io/cucumber/html-formatter/21.7.0/html-formatter-21.7.0.jar:/Users/anhthehoang/.m2/repository/io/cucumber/junit-xml-formatter/0.5.0/junit-xml-formatter-0.5.0.jar:/Users/anhthehoang/.m2/repository/io/cucumber/ci-environment/10.0.1/ci-environment-10.0.1.jar:/Users/anhthehoang/.m2/repository/org/apiguardian/apiguardian-api/1.1.2/apiguardian-api-1.1.2.jar:/Users/anhthehoang/.m2/repository/io/cucumber/cucumber-junit/7.20.0/cucumber-junit-7.20.0.jar:/Users/anhthehoang/.m2/repository/log4j/log4j/1.2.17/log4j-1.2.17.jar:/Users/anhthehoang/.m2/repository/io/rest-assured/rest-assured/4.3.3/rest-assured-4.3.3.jar:/Users/anhthehoang/.m2/repository/org/codehaus/groovy/groovy/3.0.7/groovy-3.0.7.jar:/Users/anhthehoang/.m2/repository/org/codehaus/groovy/groovy-xml/3.0.7/groovy-xml-3.0.7.jar:/Users/anhthehoang/.m2/repository/org/apache/httpcomponents/httpclient/4.5.3/httpclient-4.5.3.jar:/Users/anhthehoang/.m2/repository/org/apache/httpcomponents/httpcore/4.4.6/httpcore-4.4.6.jar:/Users/anhthehoang/.m2/repository/commons-logging/commons-logging/1.2/commons-logging-1.2.jar:/Users/anhthehoang/.m2/repository/commons-codec/commons-codec/1.9/commons-codec-1.9.jar:/Users/anhthehoang/.m2/repository/org/apache/httpcomponents/httpmime/4.5.3/httpmime-4.5.3.jar:/Users/anhthehoang/.m2/repository/org/hamcrest/hamcrest/2.1/hamcrest-2.1.jar:/Users/anhthehoang/.m2/repository/org/ccil/cowan/tagsoup/tagsoup/1.2.1/tagsoup-1.2.1.jar:/Users/anhthehoang/.m2/repository/io/rest-assured/json-path/4.3.3/json-path-4.3.3.jar:/Users/anhthehoang/.m2/repository/org/codehaus/groovy/groovy-json/3.0.7/groovy-json-3.0.7.jar:/Users/anhthehoang/.m2/repository/io/rest-assured/rest-assured-common/4.3.3/rest-assured-common-4.3.3.jar:/Users/anhthehoang/.m2/repository/io/rest-assured/xml-path/4.3.3/xml-path-4.3.3.jar:/Users/anhthehoang/.m2/repository/org/apache/commons/commons-lang3/3.11/commons-lang3-3.11.jar:/Users/anhthehoang/.m2/repository/jakarta/xml/bind/jakarta.xml.bind-api/2.3.3/jakarta.xml.bind-api-2.3.3.jar:/Users/anhthehoang/.m2/repository/jakarta/activation/jakarta.activation-api/1.2.2/jakarta.activation-api-1.2.2.jar:/Users/anhthehoang/.m2/repository/com/sun/xml/bind/jaxb-impl/2.3.3/jaxb-impl-2.3.3.jar:/Users/anhthehoang/.m2/repository/com/fasterxml/jackson/core/jackson-databind/2.15.2/jackson-databind-2.15.2.jar:/Users/anhthehoang/.m2/repository/com/fasterxml/jackson/core/jackson-annotations/2.15.2/jackson-annotations-2.15.2.jar:/Users/anhthehoang/.m2/repository/com/fasterxml/jackson/core/jackson-core/2.15.2/jackson-core-2.15.2.jar:/Users/anhthehoang/.m2/repository/io/cucumber/gherkin/29.0.0/gherkin-29.0.0.jar:/Users/anhthehoang/.m2/repository/io/cucumber/messages/24.1.0/messages-24.1.0.jar:/Users/anhthehoang/.m2/repository/junit/junit/4.13.1/junit-4.13.1.jar:/Users/anhthehoang/.m2/repository/org/hamcrest/hamcrest-core/1.3/hamcrest-core-1.3.jar:/Users/anhthehoang/.m2/repository/org/seleniumhq/selenium/selenium-java/4.25.0/selenium-java-4.25.0.jar:/Users/anhthehoang/.m2/repository/org/seleniumhq/selenium/selenium-api/4.25.0/selenium-api-4.25.0.jar:/Users/anhthehoang/.m2/repository/org/jspecify/jspecify/1.0.0/jspecify-1.0.0.jar:/Users/anhthehoang/.m2/repository/org/seleniumhq/selenium/selenium-chrome-driver/4.25.0/selenium-chrome-driver-4.25.0.jar:/Users/anhthehoang/.m2/repository/com/google/auto/service/auto-service-annotations/1.1.1/auto-service-annotations-1.1.1.jar:/Users/anhthehoang/.m2/repository/org/seleniumhq/selenium/selenium-chromium-driver/4.25.0/selenium-chromium-driver-4.25.0.jar:/Users/anhthehoang/.m2/repository/org/seleniumhq/selenium/selenium-json/4.25.0/selenium-json-4.25.0.jar:/Users/anhthehoang/.m2/repository/org/seleniumhq/selenium/selenium-manager/4.25.0/selenium-manager-4.25.0.jar:/Users/anhthehoang/.m2/repository/org/seleniumhq/selenium/selenium-devtools-v127/4.25.0/selenium-devtools-v127-4.25.0.jar:/Users/anhthehoang/.m2/repository/org/seleniumhq/selenium/selenium-devtools-v128/4.25.0/selenium-devtools-v128-4.25.0.jar:/Users/anhthehoang/.m2/repository/org/seleniumhq/selenium/selenium-devtools-v129/4.25.0/selenium-devtools-v129-4.25.0.jar:/Users/anhthehoang/.m2/repository/org/seleniumhq/selenium/selenium-devtools-v85/4.25.0/selenium-devtools-v85-4.25.0.jar:/Users/anhthehoang/.m2/repository/org/seleniumhq/selenium/selenium-edge-driver/4.25.0/selenium-edge-driver-4.25.0.jar:/Users/anhthehoang/.m2/repository/org/seleniumhq/selenium/selenium-firefox-driver/4.25.0/selenium-firefox-driver-4.25.0.jar:/Users/anhthehoang/.m2/repository/org/seleniumhq/selenium/selenium-http/4.25.0/selenium-http-4.25.0.jar:/Users/anhthehoang/.m2/repository/dev/failsafe/failsafe/3.3.2/failsafe-3.3.2.jar:/Users/anhthehoang/.m2/repository/org/seleniumhq/selenium/selenium-ie-driver/4.25.0/selenium-ie-driver-4.25.0.jar:/Users/anhthehoang/.m2/repository/org/seleniumhq/selenium/selenium-remote-driver/4.25.0/selenium-remote-driver-4.25.0.jar:/Users/anhthehoang/.m2/repository/com/google/guava/guava/33.3.0-jre/guava-33.3.0-jre.jar:/Users/anhthehoang/.m2/repository/com/google/guava/failureaccess/1.0.2/failureaccess-1.0.2.jar:/Users/anhthehoang/.m2/repository/com/google/guava/listenablefuture/9999.0-empty-to-avoid-conflict-with-guava/listenablefuture-9999.0-empty-to-avoid-conflict-with-guava.jar:/Users/anhthehoang/.m2/repository/com/google/code/findbugs/jsr305/3.0.2/jsr305-3.0.2.jar:/Users/anhthehoang/.m2/repository/org/checkerframework/checker-qual/3.43.0/checker-qual-3.43.0.jar:/Users/anhthehoang/.m2/repository/com/google/errorprone/error_prone_annotations/2.28.0/error_prone_annotations-2.28.0.jar:/Users/anhthehoang/.m2/repository/com/google/j2objc/j2objc-annotations/3.0.0/j2objc-annotations-3.0.0.jar:/Users/anhthehoang/.m2/repository/io/opentelemetry/semconv/opentelemetry-semconv/1.25.0-alpha/opentelemetry-semconv-1.25.0-alpha.jar:/Users/anhthehoang/.m2/repository/io/opentelemetry/opentelemetry-api/1.42.1/opentelemetry-api-1.42.1.jar:/Users/anhthehoang/.m2/repository/io/opentelemetry/opentelemetry-context/1.42.1/opentelemetry-context-1.42.1.jar:/Users/anhthehoang/.m2/repository/io/opentelemetry/opentelemetry-exporter-logging/1.42.1/opentelemetry-exporter-logging-1.42.1.jar:/Users/anhthehoang/.m2/repository/io/opentelemetry/opentelemetry-sdk-common/1.42.1/opentelemetry-sdk-common-1.42.1.jar:/Users/anhthehoang/.m2/repository/io/opentelemetry/opentelemetry-sdk-extension-autoconfigure-spi/1.42.1/opentelemetry-sdk-extension-autoconfigure-spi-1.42.1.jar:/Users/anhthehoang/.m2/repository/io/opentelemetry/opentelemetry-sdk-extension-autoconfigure/1.42.1/opentelemetry-sdk-extension-autoconfigure-1.42.1.jar:/Users/anhthehoang/.m2/repository/io/opentelemetry/opentelemetry-api-incubator/1.42.1-alpha/opentelemetry-api-incubator-1.42.1-alpha.jar:/Users/anhthehoang/.m2/repository/io/opentelemetry/opentelemetry-sdk-trace/1.42.1/opentelemetry-sdk-trace-1.42.1.jar:/Users/anhthehoang/.m2/repository/io/opentelemetry/opentelemetry-sdk/1.42.1/opentelemetry-sdk-1.42.1.jar:/Users/anhthehoang/.m2/repository/io/opentelemetry/opentelemetry-sdk-metrics/1.42.1/opentelemetry-sdk-metrics-1.42.1.jar:/Users/anhthehoang/.m2/repository/io/opentelemetry/opentelemetry-sdk-logs/1.42.1/opentelemetry-sdk-logs-1.42.1.jar:/Users/anhthehoang/.m2/repository/net/bytebuddy/byte-buddy/1.15.1/byte-buddy-1.15.1.jar:/Users/anhthehoang/.m2/repository/org/seleniumhq/selenium/selenium-os/4.25.0/selenium-os-4.25.0.jar:/Users/anhthehoang/.m2/repository/org/apache/commons/commons-exec/1.4.0/commons-exec-1.4.0.jar:/Users/anhthehoang/.m2/repository/org/seleniumhq/selenium/selenium-safari-driver/4.25.0/selenium-safari-driver-4.25.0.jar:/Users/anhthehoang/.m2/repository/org/seleniumhq/selenium/selenium-support/4.25.0/selenium-support-4.25.0.jar:/Users/anhthehoang/.m2/repository/io/cucumber/cucumber-picocontainer/7.20.0/cucumber-picocontainer-7.20.0.jar:/Users/anhthehoang/.m2/repository/org/picocontainer/picocontainer/2.15/picocontainer-2.15.jar:"/>
    <property name="sun.cpu.endian" value="little"/>
    <property name="user.home" value="/Users/anhthehoang"/>
    <property name="user.language" value="en"/>
    <property name="java.specification.vendor" value="Oracle Corporation"/>
    <property name="java.version.date" value="2025-07-15"/>
    <property name="java.home" value="/opt/homebrew/Cellar/openjdk/24.0.2/libexec/openjdk.jdk/Contents/Home"/>
    <property name="file.separator" value="/"/>
    <property name="basedir" value="/Users/anhthehoang/Desktop/learning-code/BDDCucumber/BDDCucumberTesting"/>
    <property name="java.vm.compressedOopsMode" value="Zero based"/>
    <property name="line.separator" value="&#10;"/>
    <property name="java.vm.specification.vendor" value="Oracle Corporation"/>
    <property name="java.specification.name" value="Java Platform API Specification"/>
    <property name="apple.awt.application.name" value="ForkedBooter"/>
    <property name="surefire.real.class.path" value="/Users/anhthehoang/Desktop/learning-code/BDDCucumber/BDDCucumberTesting/target/surefire/surefirebooter-20250902163119345_3.jar"/>
    <property name="sun.management.compiler" value="HotSpot 64-Bit Tiered Compilers"/>
    <property name="ftp.nonProxyHosts" value="local|*.local|169.254/16|*.169.254/16"/>
    <property name="java.runtime.version" value="24.0.2"/>
    <property name="user.name" value="anhthehoang"/>
    <property name="stdout.encoding" value="UTF-8"/>
    <property name="path.separator" value=":"/>
    <property name="os.version" value="15.6.1"/>
    <property name="java.runtime.name" value="OpenJDK Runtime Environment"/>
    <property name="file.encoding" value="UTF-8"/>
    <property name="java.vm.name" value="OpenJDK 64-Bit Server VM"/>
    <property name="java.vendor.version" value="Homebrew"/>
    <property name="localRepository" value="/Users/anhthehoang/.m2/repository"/>
    <property name="java.vendor.url.bug" value="https://github.com/Homebrew/homebrew-core/issues"/>
    <property name="java.io.tmpdir" value="/var/folders/p1/3nly4ds12x35l38plkq_t3qc0000gn/T/"/>
    <property name="java.version" value="24.0.2"/>
    <property name="user.dir" value="/Users/anhthehoang/Desktop/learning-code/BDDCucumber/BDDCucumberTesting"/>
    <property name="os.arch" value="aarch64"/>
    <property name="java.vm.specification.name" value="Java Virtual Machine Specification"/>
    <property name="native.encoding" value="UTF-8"/>
    <property name="java.library.path" value="/Users/anhthehoang/Library/Java/Extensions:/Library/Java/Extensions:/Network/Library/Java/Extensions:/System/Library/Java/Extensions:/usr/lib/java:."/>
    <property name="java.vm.info" value="mixed mode, sharing"/>
    <property name="stderr.encoding" value="UTF-8"/>
    <property name="java.vendor" value="Homebrew"/>
    <property name="java.vm.version" value="24.0.2"/>
    <property name="sun.io.unicode.encoding" value="UnicodeBig"/>
    <property name="socksNonProxyHosts" value="local|*.local|169.254/16|*.169.254/16"/>
    <property name="java.class.version" value="68.0"/>
  </properties>
  <testcase name="GET - Retrieve authenticated user information" classname="GitHub REST API Testing" time="1.195">
    <system-out><![CDATA[
Scenario: GET - Retrieve authenticated user information &amp#27;[90m# src/test/resources/Features/Login.feature:7&amp#27;[0m
Setting up GitHub API authentication
  &amp#27;[32mGiven &amp#27;[0m&amp#27;[32mI have a valid GitHub API token&amp#27;[0m                 &amp#27;[90m# StepDefinitions.GitHubAPISteps.i_have_a_valid_github_api_token()&amp#27;[0m
Base URI set to: https://api.github.com
  &amp#27;[32mAnd &amp#27;[0m&amp#27;[32mI set the base URI to "&amp#27;[0m&amp#27;[32m&amp#27;[1mhttps://api.github.com&amp#27;[0m&amp#27;[32m"&amp#27;[0m    &amp#27;[90m# StepDefinitions.GitHubAPISteps.i_set_the_base_uri_to(java.lang.String)&amp#27;[0m
GET request sent to: /user
Response status: 200
  &amp#27;[32mWhen &amp#27;[0m&amp#27;[32mI send a GET request to "&amp#27;[0m&amp#27;[32m&amp#27;[1m/user&amp#27;[0m&amp#27;[32m"&amp#27;[0m                  &amp#27;[90m# StepDefinitions.GitHubAPISteps.i_send_a_get_request_to(java.lang.String)&amp#27;[0m
Verified status code: 200
  &amp#27;[32mThen &amp#27;[0m&amp#27;[32mthe response status code should be &amp#27;[0m&amp#27;[32m&amp#27;[1m200&amp#27;[0m           &amp#27;[90m# StepDefinitions.GitHubAPISteps.the_response_status_code_should_be(int)&amp#27;[0m
Verified response contains user information
  &amp#27;[32mAnd &amp#27;[0m&amp#27;[32mthe response should contain user information&amp#27;[0m      &amp#27;[90m# StepDefinitions.GitHubAPISteps.the_response_should_contain_user_information()&amp#27;[0m
Verified field exists: login
  &amp#27;[32mAnd &amp#27;[0m&amp#27;[32mthe response should have "&amp#27;[0m&amp#27;[32m&amp#27;[1mlogin&amp#27;[0m&amp#27;[32m" field&amp#27;[0m            &amp#27;[90m# StepDefinitions.GitHubAPISteps.the_response_should_have_field(java.lang.String)&amp#27;[0m
Verified field exists: id
  &amp#27;[32mAnd &amp#27;[0m&amp#27;[32mthe response should have "&amp#27;[0m&amp#27;[32m&amp#27;[1mid&amp#27;[0m&amp#27;[32m" field&amp#27;[0m               &amp#27;[90m# StepDefinitions.GitHubAPISteps.the_response_should_have_field(java.lang.String)&amp#27;[0m
]]></system-out>
    <system-err><![CDATA[log4j:WARN No appenders could be found for logger (org.apache.http.impl.conn.BasicClientConnectionManager).
log4j:WARN Please initialize the log4j system properly.
log4j:WARN See http://logging.apache.org/log4j/1.2/faq.html#noconfig for more info.
]]></system-err>
  </testcase>
  <testcase name="GET - Retrieve a specific repository" classname="GitHub REST API Testing" time="0.248">
    <failure message="1 expectation failed.&#10;Expected status code &lt;200&gt; but was &lt;404&gt;.&#10;" type="java.lang.AssertionError"><![CDATA[java.lang.AssertionError: 
1 expectation failed.
Expected status code <200> but was <404>.

	at java.base/jdk.internal.reflect.DirectConstructorHandleAccessor.newInstance(DirectConstructorHandleAccessor.java:62)
	at java.base/java.lang.reflect.Constructor.newInstanceWithCaller(Constructor.java:499)
	at java.base/java.lang.reflect.Constructor.newInstance(Constructor.java:483)
	at org.codehaus.groovy.reflection.CachedConstructor.invoke(CachedConstructor.java:72)
	at org.codehaus.groovy.runtime.callsite.ConstructorSite$ConstructorSiteNoUnwrapNoCoerce.callConstructor(ConstructorSite.java:105)
	at org.codehaus.groovy.runtime.callsite.CallSiteArray.defaultCallConstructor(CallSiteArray.java:59)
	at org.codehaus.groovy.runtime.callsite.AbstractCallSite.callConstructor(AbstractCallSite.java:263)
	at org.codehaus.groovy.runtime.callsite.AbstractCallSite.callConstructor(AbstractCallSite.java:277)
	at io.restassured.internal.ResponseSpecificationImpl$HamcrestAssertionClosure.validate(ResponseSpecificationImpl.groovy:493)
	at io.restassured.internal.ResponseSpecificationImpl$HamcrestAssertionClosure$validate$1.call(Unknown Source)
	at io.restassured.internal.ResponseSpecificationImpl.validateResponseIfRequired(ResponseSpecificationImpl.groovy:674)
	at java.base/jdk.internal.reflect.DirectMethodHandleAccessor.invoke(DirectMethodHandleAccessor.java:104)
	at java.base/java.lang.reflect.Method.invoke(Method.java:565)
	at org.codehaus.groovy.runtime.callsite.PlainObjectMetaMethodSite.doInvoke(PlainObjectMetaMethodSite.java:43)
	at org.codehaus.groovy.runtime.callsite.PogoMetaMethodSite$PogoCachedMethodSiteNoUnwrapNoCoerce.invoke(PogoMetaMethodSite.java:193)
	at org.codehaus.groovy.runtime.callsite.PogoMetaMethodSite.callCurrent(PogoMetaMethodSite.java:61)
	at org.codehaus.groovy.runtime.callsite.AbstractCallSite.callCurrent(AbstractCallSite.java:185)
	at io.restassured.internal.ResponseSpecificationImpl.statusCode(ResponseSpecificationImpl.groovy:126)
	at io.restassured.specification.ResponseSpecification$statusCode$0.callCurrent(Unknown Source)
	at io.restassured.internal.ResponseSpecificationImpl.statusCode(ResponseSpecificationImpl.groovy:134)
	at io.restassured.internal.ValidatableResponseOptionsImpl.statusCode(ValidatableResponseOptionsImpl.java:89)
	at io.restassured.internal.ValidatableResponseImpl.super$2$statusCode(ValidatableResponseImpl.groovy)
	at java.base/jdk.internal.reflect.DirectMethodHandleAccessor.invoke(DirectMethodHandleAccessor.java:104)
	at java.base/java.lang.reflect.Method.invoke(Method.java:565)
	at org.codehaus.groovy.reflection.CachedMethod.invoke(CachedMethod.java:107)
	at groovy.lang.MetaMethod.doMethodInvoke(MetaMethod.java:323)
	at groovy.lang.MetaClassImpl.invokeMethod(MetaClassImpl.java:1268)
	at org.codehaus.groovy.runtime.ScriptBytecodeAdapter.invokeMethodOnSuperN(ScriptBytecodeAdapter.java:144)
	at io.restassured.internal.ValidatableResponseImpl.statusCode(ValidatableResponseImpl.groovy:142)
	at io.restassured.internal.ValidatableResponseImpl.statusCode(ValidatableResponseImpl.groovy)
	at StepDefinitions.GitHubAPISteps.the_response_status_code_should_be(GitHubAPISteps.java:102)
	at ✽.the response status code should be 200(file:///Users/anhthehoang/Desktop/learning-code/BDDCucumber/BDDCucumberTesting/src/test/resources/Features/Login.feature:17)
]]></failure>
    <system-out><![CDATA[
Scenario: GET - Retrieve a specific repository                       &amp#27;[90m# src/test/resources/Features/Login.feature:14&amp#27;[0m
Setting up GitHub API authentication
  &amp#27;[32mGiven &amp#27;[0m&amp#27;[32mI have a valid GitHub API token&amp#27;[0m                              &amp#27;[90m# StepDefinitions.GitHubAPISteps.i_have_a_valid_github_api_token()&amp#27;[0m
Base URI set to: https://api.github.com
  &amp#27;[32mAnd &amp#27;[0m&amp#27;[32mI set the base URI to "&amp#27;[0m&amp#27;[32m&amp#27;[1mhttps://api.github.com&amp#27;[0m&amp#27;[32m"&amp#27;[0m                 &amp#27;[90m# StepDefinitions.GitHubAPISteps.i_set_the_base_uri_to(java.lang.String)&amp#27;[0m
Repository set to: anhhoangt/BDDCucumber
  &amp#27;[32mGiven &amp#27;[0m&amp#27;[32mI have a repository "&amp#27;[0m&amp#27;[32m&amp#27;[1manhhoangt/BDDCucumber&amp#27;[0m&amp#27;[32m"&amp#27;[0m                  &amp#27;[90m# StepDefinitions.GitHubAPISteps.i_have_a_repository(java.lang.String)&amp#27;[0m
GET request sent to: /repos/anhhoangt/BDDCucumber
Response status: 404
  &amp#27;[32mWhen &amp#27;[0m&amp#27;[32mI send a GET request to "&amp#27;[0m&amp#27;[32m&amp#27;[1m/repos/anhhoangt/BDDCucumber&amp#27;[0m&amp#27;[32m"&amp#27;[0m        &amp#27;[90m# StepDefinitions.GitHubAPISteps.i_send_a_get_request_to(java.lang.String)&amp#27;[0m
  &amp#27;[31mThen &amp#27;[0m&amp#27;[31mthe response status code should be &amp#27;[0m&amp#27;[31m&amp#27;[1m200&amp#27;[0m                        &amp#27;[90m# StepDefinitions.GitHubAPISteps.the_response_status_code_should_be(int)&amp#27;[0m
      &amp#27;[31mjava.lang.AssertionError: 1 expectation failed.
Expected status code <200> but was <404>.

	at java.base/jdk.internal.reflect.DirectConstructorHandleAccessor.newInstance(DirectConstructorHandleAccessor.java:62)
	at java.base/java.lang.reflect.Constructor.newInstanceWithCaller(Constructor.java:499)
	at java.base/java.lang.reflect.Constructor.newInstance(Constructor.java:483)
	at org.codehaus.groovy.reflection.CachedConstructor.invoke(CachedConstructor.java:72)
	at org.codehaus.groovy.runtime.callsite.ConstructorSite$ConstructorSiteNoUnwrapNoCoerce.callConstructor(ConstructorSite.java:105)
	at org.codehaus.groovy.runtime.callsite.CallSiteArray.defaultCallConstructor(CallSiteArray.java:59)
	at org.codehaus.groovy.runtime.callsite.AbstractCallSite.callConstructor(AbstractCallSite.java:263)
	at org.codehaus.groovy.runtime.callsite.AbstractCallSite.callConstructor(AbstractCallSite.java:277)
	at io.restassured.internal.ResponseSpecificationImpl$HamcrestAssertionClosure.validate(ResponseSpecificationImpl.groovy:493)
	at io.restassured.internal.ResponseSpecificationImpl$HamcrestAssertionClosure$validate$1.call(Unknown Source)
	at io.restassured.internal.ResponseSpecificationImpl.validateResponseIfRequired(ResponseSpecificationImpl.groovy:674)
	at java.base/jdk.internal.reflect.DirectMethodHandleAccessor.invoke(DirectMethodHandleAccessor.java:104)
	at java.base/java.lang.reflect.Method.invoke(Method.java:565)
	at org.codehaus.groovy.runtime.callsite.PlainObjectMetaMethodSite.doInvoke(PlainObjectMetaMethodSite.java:43)
	at org.codehaus.groovy.runtime.callsite.PogoMetaMethodSite$PogoCachedMethodSiteNoUnwrapNoCoerce.invoke(PogoMetaMethodSite.java:193)
	at org.codehaus.groovy.runtime.callsite.PogoMetaMethodSite.callCurrent(PogoMetaMethodSite.java:61)
	at org.codehaus.groovy.runtime.callsite.AbstractCallSite.callCurrent(AbstractCallSite.java:185)
	at io.restassured.internal.ResponseSpecificationImpl.statusCode(ResponseSpecificationImpl.groovy:126)
	at io.restassured.specification.ResponseSpecification$statusCode$0.callCurrent(Unknown Source)
	at io.restassured.internal.ResponseSpecificationImpl.statusCode(ResponseSpecificationImpl.groovy:134)
	at io.restassured.internal.ValidatableResponseOptionsImpl.statusCode(ValidatableResponseOptionsImpl.java:89)
	at io.restassured.internal.ValidatableResponseImpl.super$2$statusCode(ValidatableResponseImpl.groovy)
	at java.base/jdk.internal.reflect.DirectMethodHandleAccessor.invoke(DirectMethodHandleAccessor.java:104)
	at java.base/java.lang.reflect.Method.invoke(Method.java:565)
	at org.codehaus.groovy.reflection.CachedMethod.invoke(CachedMethod.java:107)
	at groovy.lang.MetaMethod.doMethodInvoke(MetaMethod.java:323)
	at groovy.lang.MetaClassImpl.invokeMethod(MetaClassImpl.java:1268)
	at org.codehaus.groovy.runtime.ScriptBytecodeAdapter.invokeMethodOnSuperN(ScriptBytecodeAdapter.java:144)
	at io.restassured.internal.ValidatableResponseImpl.statusCode(ValidatableResponseImpl.groovy:142)
	at io.restassured.internal.ValidatableResponseImpl.statusCode(ValidatableResponseImpl.groovy)
	at StepDefinitions.GitHubAPISteps.the_response_status_code_should_be(GitHubAPISteps.java:102)
	at ✽.the response status code should be 200(file:///Users/anhthehoang/Desktop/learning-code/BDDCucumber/BDDCucumberTesting/src/test/resources/Features/Login.feature:17)
&amp#27;[0m
  &amp#27;[36mAnd &amp#27;[0m&amp#27;[36mthe response should contain repository information&amp#27;[0m             &amp#27;[90m# StepDefinitions.GitHubAPISteps.the_response_should_contain_repository_information()&amp#27;[0m
  &amp#27;[36mAnd &amp#27;[0m&amp#27;[36mthe response should have "&amp#27;[0m&amp#27;[36m&amp#27;[1mname&amp#27;[0m&amp#27;[36m" field with value "&amp#27;[0m&amp#27;[36m&amp#27;[1mBDDCucumber&amp#27;[0m&amp#27;[36m"&amp#27;[0m &amp#27;[90m# StepDefinitions.GitHubAPISteps.the_response_should_have_field_with_value(java.lang.String,java.lang.String)&amp#27;[0m
  &amp#27;[36mAnd &amp#27;[0m&amp#27;[36mthe response should have "&amp#27;[0m&amp#27;[36m&amp#27;[1mowner&amp#27;[0m&amp#27;[36m" field&amp#27;[0m                         &amp#27;[90m# StepDefinitions.GitHubAPISteps.the_response_should_have_field(java.lang.String)&amp#27;[0m
]]></system-out>
  </testcase>
  <testcase name="GET - Retrieve non-existent repository" classname="GitHub REST API Testing" time="0.218">
    <system-out><![CDATA[
Scenario: GET - Retrieve non-existent repository               &amp#27;[90m# src/test/resources/Features/Login.feature:22&amp#27;[0m
Setting up GitHub API authentication
  &amp#27;[32mGiven &amp#27;[0m&amp#27;[32mI have a valid GitHub API token&amp#27;[0m                        &amp#27;[90m# StepDefinitions.GitHubAPISteps.i_have_a_valid_github_api_token()&amp#27;[0m
Base URI set to: https://api.github.com
  &amp#27;[32mAnd &amp#27;[0m&amp#27;[32mI set the base URI to "&amp#27;[0m&amp#27;[32m&amp#27;[1mhttps://api.github.com&amp#27;[0m&amp#27;[32m"&amp#27;[0m           &amp#27;[90m# StepDefinitions.GitHubAPISteps.i_set_the_base_uri_to(java.lang.String)&amp#27;[0m
GET request sent to: /repos/nonexistent/repository
Response status: 404
  &amp#27;[32mWhen &amp#27;[0m&amp#27;[32mI send a GET request to "&amp#27;[0m&amp#27;[32m&amp#27;[1m/repos/nonexistent/repository&amp#27;[0m&amp#27;[32m"&amp#27;[0m &amp#27;[90m# StepDefinitions.GitHubAPISteps.i_send_a_get_request_to(java.lang.String)&amp#27;[0m
Verified status code: 404
  &amp#27;[32mThen &amp#27;[0m&amp#27;[32mthe response status code should be &amp#27;[0m&amp#27;[32m&amp#27;[1m404&amp#27;[0m                  &amp#27;[90m# StepDefinitions.GitHubAPISteps.the_response_status_code_should_be(int)&amp#27;[0m
Verified response contains error message
  &amp#27;[32mAnd &amp#27;[0m&amp#27;[32mthe response should contain error message&amp#27;[0m                &amp#27;[90m# StepDefinitions.GitHubAPISteps.the_response_should_contain_error_message()&amp#27;[0m
]]></system-out>
  </testcase>
  <testcase name="POST - Create a new repository" classname="GitHub REST API Testing" time="0.373">
    <failure message="1 expectation failed.&#10;Expected status code &lt;201&gt; but was &lt;404&gt;.&#10;" type="java.lang.AssertionError"><![CDATA[java.lang.AssertionError: 
1 expectation failed.
Expected status code <201> but was <404>.

	at java.base/jdk.internal.reflect.DirectConstructorHandleAccessor.newInstance(DirectConstructorHandleAccessor.java:62)
	at java.base/java.lang.reflect.Constructor.newInstanceWithCaller(Constructor.java:499)
	at java.base/java.lang.reflect.Constructor.newInstance(Constructor.java:483)
	at org.codehaus.groovy.reflection.CachedConstructor.invoke(CachedConstructor.java:72)
	at org.codehaus.groovy.runtime.callsite.ConstructorSite$ConstructorSiteNoUnwrapNoCoerce.callConstructor(ConstructorSite.java:105)
	at org.codehaus.groovy.runtime.callsite.AbstractCallSite.callConstructor(AbstractCallSite.java:277)
	at io.restassured.internal.ResponseSpecificationImpl$HamcrestAssertionClosure.validate(ResponseSpecificationImpl.groovy:493)
	at io.restassured.internal.ResponseSpecificationImpl$HamcrestAssertionClosure$validate$1.call(Unknown Source)
	at io.restassured.internal.ResponseSpecificationImpl.validateResponseIfRequired(ResponseSpecificationImpl.groovy:674)
	at java.base/jdk.internal.reflect.DirectMethodHandleAccessor.invoke(DirectMethodHandleAccessor.java:104)
	at java.base/java.lang.reflect.Method.invoke(Method.java:565)
	at org.codehaus.groovy.runtime.callsite.PlainObjectMetaMethodSite.doInvoke(PlainObjectMetaMethodSite.java:43)
	at org.codehaus.groovy.runtime.callsite.PogoMetaMethodSite$PogoCachedMethodSiteNoUnwrapNoCoerce.invoke(PogoMetaMethodSite.java:193)
	at org.codehaus.groovy.runtime.callsite.PogoMetaMethodSite.callCurrent(PogoMetaMethodSite.java:61)
	at org.codehaus.groovy.runtime.callsite.AbstractCallSite.callCurrent(AbstractCallSite.java:185)
	at io.restassured.internal.ResponseSpecificationImpl.statusCode(ResponseSpecificationImpl.groovy:126)
	at io.restassured.specification.ResponseSpecification$statusCode$0.callCurrent(Unknown Source)
	at io.restassured.internal.ResponseSpecificationImpl.statusCode(ResponseSpecificationImpl.groovy:134)
	at io.restassured.internal.ValidatableResponseOptionsImpl.statusCode(ValidatableResponseOptionsImpl.java:89)
	at io.restassured.internal.ValidatableResponseImpl.super$2$statusCode(ValidatableResponseImpl.groovy)
	at java.base/jdk.internal.reflect.DirectMethodHandleAccessor.invoke(DirectMethodHandleAccessor.java:104)
	at java.base/java.lang.reflect.Method.invoke(Method.java:565)
	at org.codehaus.groovy.reflection.CachedMethod.invoke(CachedMethod.java:107)
	at groovy.lang.MetaMethod.doMethodInvoke(MetaMethod.java:323)
	at groovy.lang.MetaClassImpl.invokeMethod(MetaClassImpl.java:1268)
	at org.codehaus.groovy.runtime.ScriptBytecodeAdapter.invokeMethodOnSuperN(ScriptBytecodeAdapter.java:144)
	at io.restassured.internal.ValidatableResponseImpl.statusCode(ValidatableResponseImpl.groovy:142)
	at io.restassured.internal.ValidatableResponseImpl.statusCode(ValidatableResponseImpl.groovy)
	at StepDefinitions.GitHubAPISteps.the_response_status_code_should_be(GitHubAPISteps.java:102)
	at ✽.the response status code should be 201(file:///Users/anhthehoang/Desktop/learning-code/BDDCucumber/BDDCucumberTesting/src/test/resources/Features/Login.feature:33)
]]></failure>
    <system-out><![CDATA[
Scenario: POST - Create a new repository                                  &amp#27;[90m# src/test/resources/Features/Login.feature:27&amp#27;[0m
Setting up GitHub API authentication
  &amp#27;[32mGiven &amp#27;[0m&amp#27;[32mI have a valid GitHub API token&amp#27;[0m                                   &amp#27;[90m# StepDefinitions.GitHubAPISteps.i_have_a_valid_github_api_token()&amp#27;[0m
Base URI set to: https://api.github.com
  &amp#27;[32mAnd &amp#27;[0m&amp#27;[32mI set the base URI to "&amp#27;[0m&amp#27;[32m&amp#27;[1mhttps://api.github.com&amp#27;[0m&amp#27;[32m"&amp#27;[0m                      &amp#27;[90m# StepDefinitions.GitHubAPISteps.i_set_the_base_uri_to(java.lang.String)&amp#27;[0m
Repository data prepared: {name=test-repo-api, description=Test repository created via API, private=false}
  &amp#27;[32mGiven &amp#27;[0m&amp#27;[32mI have repository data:&amp#27;[0m                                           &amp#27;[90m# StepDefinitions.GitHubAPISteps.i_have_repository_data(io.cucumber.datatable.DataTable)&amp#27;[0m
    | name        | test-repo-api                   |
    | description | Test repository created via API |
    | private     | false                           |
POST request sent to: /user/repos
Response status: 404
  &amp#27;[32mWhen &amp#27;[0m&amp#27;[32mI send a POST request to "&amp#27;[0m&amp#27;[32m&amp#27;[1m/user/repos&amp#27;[0m&amp#27;[32m" with the repository data&amp#27;[0m    &amp#27;[90m# StepDefinitions.GitHubAPISteps.i_send_a_post_request_to_with_repository_data(java.lang.String)&amp#27;[0m
  &amp#27;[31mThen &amp#27;[0m&amp#27;[31mthe response status code should be &amp#27;[0m&amp#27;[31m&amp#27;[1m201&amp#27;[0m                             &amp#27;[90m# StepDefinitions.GitHubAPISteps.the_response_status_code_should_be(int)&amp#27;[0m
      &amp#27;[31mjava.lang.AssertionError: 1 expectation failed.
Expected status code <201> but was <404>.

	at java.base/jdk.internal.reflect.DirectConstructorHandleAccessor.newInstance(DirectConstructorHandleAccessor.java:62)
	at java.base/java.lang.reflect.Constructor.newInstanceWithCaller(Constructor.java:499)
	at java.base/java.lang.reflect.Constructor.newInstance(Constructor.java:483)
	at org.codehaus.groovy.reflection.CachedConstructor.invoke(CachedConstructor.java:72)
	at org.codehaus.groovy.runtime.callsite.ConstructorSite$ConstructorSiteNoUnwrapNoCoerce.callConstructor(ConstructorSite.java:105)
	at org.codehaus.groovy.runtime.callsite.AbstractCallSite.callConstructor(AbstractCallSite.java:277)
	at io.restassured.internal.ResponseSpecificationImpl$HamcrestAssertionClosure.validate(ResponseSpecificationImpl.groovy:493)
	at io.restassured.internal.ResponseSpecificationImpl$HamcrestAssertionClosure$validate$1.call(Unknown Source)
	at io.restassured.internal.ResponseSpecificationImpl.validateResponseIfRequired(ResponseSpecificationImpl.groovy:674)
	at java.base/jdk.internal.reflect.DirectMethodHandleAccessor.invoke(DirectMethodHandleAccessor.java:104)
	at java.base/java.lang.reflect.Method.invoke(Method.java:565)
	at org.codehaus.groovy.runtime.callsite.PlainObjectMetaMethodSite.doInvoke(PlainObjectMetaMethodSite.java:43)
	at org.codehaus.groovy.runtime.callsite.PogoMetaMethodSite$PogoCachedMethodSiteNoUnwrapNoCoerce.invoke(PogoMetaMethodSite.java:193)
	at org.codehaus.groovy.runtime.callsite.PogoMetaMethodSite.callCurrent(PogoMetaMethodSite.java:61)
	at org.codehaus.groovy.runtime.callsite.AbstractCallSite.callCurrent(AbstractCallSite.java:185)
	at io.restassured.internal.ResponseSpecificationImpl.statusCode(ResponseSpecificationImpl.groovy:126)
	at io.restassured.specification.ResponseSpecification$statusCode$0.callCurrent(Unknown Source)
	at io.restassured.internal.ResponseSpecificationImpl.statusCode(ResponseSpecificationImpl.groovy:134)
	at io.restassured.internal.ValidatableResponseOptionsImpl.statusCode(ValidatableResponseOptionsImpl.java:89)
	at io.restassured.internal.ValidatableResponseImpl.super$2$statusCode(ValidatableResponseImpl.groovy)
	at java.base/jdk.internal.reflect.DirectMethodHandleAccessor.invoke(DirectMethodHandleAccessor.java:104)
	at java.base/java.lang.reflect.Method.invoke(Method.java:565)
	at org.codehaus.groovy.reflection.CachedMethod.invoke(CachedMethod.java:107)
	at groovy.lang.MetaMethod.doMethodInvoke(MetaMethod.java:323)
	at groovy.lang.MetaClassImpl.invokeMethod(MetaClassImpl.java:1268)
	at org.codehaus.groovy.runtime.ScriptBytecodeAdapter.invokeMethodOnSuperN(ScriptBytecodeAdapter.java:144)
	at io.restassured.internal.ValidatableResponseImpl.statusCode(ValidatableResponseImpl.groovy:142)
	at io.restassured.internal.ValidatableResponseImpl.statusCode(ValidatableResponseImpl.groovy)
	at StepDefinitions.GitHubAPISteps.the_response_status_code_should_be(GitHubAPISteps.java:102)
	at ✽.the response status code should be 201(file:///Users/anhthehoang/Desktop/learning-code/BDDCucumber/BDDCucumberTesting/src/test/resources/Features/Login.feature:33)
&amp#27;[0m
  &amp#27;[36mAnd &amp#27;[0m&amp#27;[36mthe response should contain "&amp#27;[0m&amp#27;[36m&amp#27;[1mname&amp#27;[0m&amp#27;[36m" field with value "&amp#27;[0m&amp#27;[36m&amp#27;[1mtest-repo-api&amp#27;[0m&amp#27;[36m"&amp#27;[0m &amp#27;[90m# StepDefinitions.GitHubRepositoryAPISteps.the_response_should_contain_field_with_string_value(java.lang.String,java.lang.String)&amp#27;[0m
  &amp#27;[36mAnd &amp#27;[0m&amp#27;[36mthe response should contain "&amp#27;[0m&amp#27;[36m&amp#27;[1mdescription&amp#27;[0m&amp#27;[36m" field&amp#27;[0m                     &amp#27;[90m# StepDefinitions.GitHubAPISteps.the_response_should_contain_field(java.lang.String)&amp#27;[0m
  &amp#27;[36mAnd &amp#27;[0m&amp#27;[36mthe created repository should exist&amp#27;[0m                                 &amp#27;[90m# StepDefinitions.GitHubAPISteps.the_created_repository_should_exist()&amp#27;[0m
]]></system-out>
  </testcase>
  <testcase name="POST - Create repository with invalid data" classname="GitHub REST API Testing" time="0.25">
    <failure message="1 expectation failed.&#10;Expected status code &lt;422&gt; but was &lt;404&gt;.&#10;" type="java.lang.AssertionError"><![CDATA[java.lang.AssertionError: 
1 expectation failed.
Expected status code <422> but was <404>.

	at java.base/jdk.internal.reflect.DirectConstructorHandleAccessor.newInstance(DirectConstructorHandleAccessor.java:62)
	at java.base/java.lang.reflect.Constructor.newInstanceWithCaller(Constructor.java:499)
	at java.base/java.lang.reflect.Constructor.newInstance(Constructor.java:483)
	at org.codehaus.groovy.reflection.CachedConstructor.invoke(CachedConstructor.java:72)
	at org.codehaus.groovy.runtime.callsite.ConstructorSite$ConstructorSiteNoUnwrapNoCoerce.callConstructor(ConstructorSite.java:105)
	at org.codehaus.groovy.runtime.callsite.AbstractCallSite.callConstructor(AbstractCallSite.java:277)
	at io.restassured.internal.ResponseSpecificationImpl$HamcrestAssertionClosure.validate(ResponseSpecificationImpl.groovy:493)
	at io.restassured.internal.ResponseSpecificationImpl$HamcrestAssertionClosure$validate$1.call(Unknown Source)
	at io.restassured.internal.ResponseSpecificationImpl.validateResponseIfRequired(ResponseSpecificationImpl.groovy:674)
	at java.base/jdk.internal.reflect.DirectMethodHandleAccessor.invoke(DirectMethodHandleAccessor.java:104)
	at java.base/java.lang.reflect.Method.invoke(Method.java:565)
	at org.codehaus.groovy.runtime.callsite.PlainObjectMetaMethodSite.doInvoke(PlainObjectMetaMethodSite.java:43)
	at org.codehaus.groovy.runtime.callsite.PogoMetaMethodSite$PogoCachedMethodSiteNoUnwrapNoCoerce.invoke(PogoMetaMethodSite.java:193)
	at org.codehaus.groovy.runtime.callsite.PogoMetaMethodSite.callCurrent(PogoMetaMethodSite.java:61)
	at org.codehaus.groovy.runtime.callsite.AbstractCallSite.callCurrent(AbstractCallSite.java:185)
	at io.restassured.internal.ResponseSpecificationImpl.statusCode(ResponseSpecificationImpl.groovy:126)
	at io.restassured.specification.ResponseSpecification$statusCode$0.callCurrent(Unknown Source)
	at io.restassured.internal.ResponseSpecificationImpl.statusCode(ResponseSpecificationImpl.groovy:134)
	at io.restassured.internal.ValidatableResponseOptionsImpl.statusCode(ValidatableResponseOptionsImpl.java:89)
	at io.restassured.internal.ValidatableResponseImpl.super$2$statusCode(ValidatableResponseImpl.groovy)
	at java.base/jdk.internal.reflect.DirectMethodHandleAccessor.invoke(DirectMethodHandleAccessor.java:104)
	at java.base/java.lang.reflect.Method.invoke(Method.java:565)
	at org.codehaus.groovy.reflection.CachedMethod.invoke(CachedMethod.java:107)
	at groovy.lang.MetaMethod.doMethodInvoke(MetaMethod.java:323)
	at groovy.lang.MetaClassImpl.invokeMethod(MetaClassImpl.java:1268)
	at org.codehaus.groovy.runtime.ScriptBytecodeAdapter.invokeMethodOnSuperN(ScriptBytecodeAdapter.java:144)
	at io.restassured.internal.ValidatableResponseImpl.statusCode(ValidatableResponseImpl.groovy:142)
	at io.restassured.internal.ValidatableResponseImpl.statusCode(ValidatableResponseImpl.groovy)
	at StepDefinitions.GitHubAPISteps.the_response_status_code_should_be(GitHubAPISteps.java:102)
	at ✽.the response status code should be 422(file:///Users/anhthehoang/Desktop/learning-code/BDDCucumber/BDDCucumberTesting/src/test/resources/Features/Login.feature:43)
]]></failure>
    <system-out><![CDATA[
Scenario: POST - Create repository with invalid data                   &amp#27;[90m# src/test/resources/Features/Login.feature:38&amp#27;[0m
Setting up GitHub API authentication
  &amp#27;[32mGiven &amp#27;[0m&amp#27;[32mI have a valid GitHub API token&amp#27;[0m                                &amp#27;[90m# StepDefinitions.GitHubAPISteps.i_have_a_valid_github_api_token()&amp#27;[0m
Base URI set to: https://api.github.com
  &amp#27;[32mAnd &amp#27;[0m&amp#27;[32mI set the base URI to "&amp#27;[0m&amp#27;[32m&amp#27;[1mhttps://api.github.com&amp#27;[0m&amp#27;[32m"&amp#27;[0m                   &amp#27;[90m# StepDefinitions.GitHubAPISteps.i_set_the_base_uri_to(java.lang.String)&amp#27;[0m
Invalid repository data prepared: {name=null, description=Repository with empty name}
  &amp#27;[32mGiven &amp#27;[0m&amp#27;[32mI have invalid repository data:&amp#27;[0m                                &amp#27;[90m# StepDefinitions.GitHubAPISteps.i_have_invalid_repository_data(io.cucumber.datatable.DataTable)&amp#27;[0m
    | name        | [empty]                    |
    | description | Repository with empty name |
POST request sent to: /user/repos
Response status: 404
  &amp#27;[32mWhen &amp#27;[0m&amp#27;[32mI send a POST request to "&amp#27;[0m&amp#27;[32m&amp#27;[1m/user/repos&amp#27;[0m&amp#27;[32m" with the repository data&amp#27;[0m &amp#27;[90m# StepDefinitions.GitHubAPISteps.i_send_a_post_request_to_with_repository_data(java.lang.String)&amp#27;[0m
  &amp#27;[31mThen &amp#27;[0m&amp#27;[31mthe response status code should be &amp#27;[0m&amp#27;[31m&amp#27;[1m422&amp#27;[0m                          &amp#27;[90m# StepDefinitions.GitHubAPISteps.the_response_status_code_should_be(int)&amp#27;[0m
      &amp#27;[31mjava.lang.AssertionError: 1 expectation failed.
Expected status code <422> but was <404>.

	at java.base/jdk.internal.reflect.DirectConstructorHandleAccessor.newInstance(DirectConstructorHandleAccessor.java:62)
	at java.base/java.lang.reflect.Constructor.newInstanceWithCaller(Constructor.java:499)
	at java.base/java.lang.reflect.Constructor.newInstance(Constructor.java:483)
	at org.codehaus.groovy.reflection.CachedConstructor.invoke(CachedConstructor.java:72)
	at org.codehaus.groovy.runtime.callsite.ConstructorSite$ConstructorSiteNoUnwrapNoCoerce.callConstructor(ConstructorSite.java:105)
	at org.codehaus.groovy.runtime.callsite.AbstractCallSite.callConstructor(AbstractCallSite.java:277)
	at io.restassured.internal.ResponseSpecificationImpl$HamcrestAssertionClosure.validate(ResponseSpecificationImpl.groovy:493)
	at io.restassured.internal.ResponseSpecificationImpl$HamcrestAssertionClosure$validate$1.call(Unknown Source)
	at io.restassured.internal.ResponseSpecificationImpl.validateResponseIfRequired(ResponseSpecificationImpl.groovy:674)
	at java.base/jdk.internal.reflect.DirectMethodHandleAccessor.invoke(DirectMethodHandleAccessor.java:104)
	at java.base/java.lang.reflect.Method.invoke(Method.java:565)
	at org.codehaus.groovy.runtime.callsite.PlainObjectMetaMethodSite.doInvoke(PlainObjectMetaMethodSite.java:43)
	at org.codehaus.groovy.runtime.callsite.PogoMetaMethodSite$PogoCachedMethodSiteNoUnwrapNoCoerce.invoke(PogoMetaMethodSite.java:193)
	at org.codehaus.groovy.runtime.callsite.PogoMetaMethodSite.callCurrent(PogoMetaMethodSite.java:61)
	at org.codehaus.groovy.runtime.callsite.AbstractCallSite.callCurrent(AbstractCallSite.java:185)
	at io.restassured.internal.ResponseSpecificationImpl.statusCode(ResponseSpecificationImpl.groovy:126)
	at io.restassured.specification.ResponseSpecification$statusCode$0.callCurrent(Unknown Source)
	at io.restassured.internal.ResponseSpecificationImpl.statusCode(ResponseSpecificationImpl.groovy:134)
	at io.restassured.internal.ValidatableResponseOptionsImpl.statusCode(ValidatableResponseOptionsImpl.java:89)
	at io.restassured.internal.ValidatableResponseImpl.super$2$statusCode(ValidatableResponseImpl.groovy)
	at java.base/jdk.internal.reflect.DirectMethodHandleAccessor.invoke(DirectMethodHandleAccessor.java:104)
	at java.base/java.lang.reflect.Method.invoke(Method.java:565)
	at org.codehaus.groovy.reflection.CachedMethod.invoke(CachedMethod.java:107)
	at groovy.lang.MetaMethod.doMethodInvoke(MetaMethod.java:323)
	at groovy.lang.MetaClassImpl.invokeMethod(MetaClassImpl.java:1268)
	at org.codehaus.groovy.runtime.ScriptBytecodeAdapter.invokeMethodOnSuperN(ScriptBytecodeAdapter.java:144)
	at io.restassured.internal.ValidatableResponseImpl.statusCode(ValidatableResponseImpl.groovy:142)
	at io.restassured.internal.ValidatableResponseImpl.statusCode(ValidatableResponseImpl.groovy)
	at StepDefinitions.GitHubAPISteps.the_response_status_code_should_be(GitHubAPISteps.java:102)
	at ✽.the response status code should be 422(file:///Users/anhthehoang/Desktop/learning-code/BDDCucumber/BDDCucumberTesting/src/test/resources/Features/Login.feature:43)
&amp#27;[0m
  &amp#27;[36mAnd &amp#27;[0m&amp#27;[36mthe response should contain validation errors&amp#27;[0m                    &amp#27;[90m# StepDefinitions.GitHubAPISteps.the_response_should_contain_validation_errors()&amp#27;[0m
]]></system-out>
  </testcase>
  <testcase name="PATCH - Update repository information" classname="GitHub REST API Testing" time="0.006">
    <error message="Cannot invoke &quot;java.lang.CharSequence.toString()&quot; because &quot;replacement&quot; is null" type="java.lang.NullPointerException"><![CDATA[java.lang.NullPointerException: Cannot invoke "java.lang.CharSequence.toString()" because "replacement" is null
	at java.base/java.lang.String.replace(String.java:3164)
	at StepDefinitions.GitHubAPISteps.i_send_a_patch_request_to_with_update_data(GitHubAPISteps.java:73)
	at ✽.I send a PATCH request to "/repos/{owner}/test-repo-api" with the update data(file:///Users/anhthehoang/Desktop/learning-code/BDDCucumber/BDDCucumberTesting/src/test/resources/Features/Login.feature:51)
]]></error>
    <system-out><![CDATA[
Scenario: PATCH - Update repository information                                                &amp#27;[90m# src/test/resources/Features/Login.feature:46&amp#27;[0m
Setting up GitHub API authentication
  &amp#27;[32mGiven &amp#27;[0m&amp#27;[32mI have a valid GitHub API token&amp#27;[0m                                                        &amp#27;[90m# StepDefinitions.GitHubAPISteps.i_have_a_valid_github_api_token()&amp#27;[0m
Base URI set to: https://api.github.com
  &amp#27;[32mAnd &amp#27;[0m&amp#27;[32mI set the base URI to "&amp#27;[0m&amp#27;[32m&amp#27;[1mhttps://api.github.com&amp#27;[0m&amp#27;[32m"&amp#27;[0m                                           &amp#27;[90m# StepDefinitions.GitHubAPISteps.i_set_the_base_uri_to(java.lang.String)&amp#27;[0m
Using existing repository: test-repo-api
  &amp#27;[32mGiven &amp#27;[0m&amp#27;[32mI have an existing repository "&amp#27;[0m&amp#27;[32m&amp#27;[1mtest-repo-api&amp#27;[0m&amp#27;[32m"&amp#27;[0m                                          &amp#27;[90m# StepDefinitions.GitHubAPISteps.i_have_an_existing_repository(java.lang.String)&amp#27;[0m
Update data prepared: {description=Updated description via API, private=true}
  &amp#27;[32mAnd &amp#27;[0m&amp#27;[32mI have update data:&amp#27;[0m                                                                      &amp#27;[90m# StepDefinitions.GitHubAPISteps.i_have_update_data(io.cucumber.datatable.DataTable)&amp#27;[0m
    | description | Updated description via API |
    | private     | true                        |
  &amp#27;[31mWhen &amp#27;[0m&amp#27;[31mI send a PATCH request to "&amp#27;[0m&amp#27;[31m&amp#27;[1m/repos/{owner}/test-repo-api&amp#27;[0m&amp#27;[31m" with the update data&amp#27;[0m           &amp#27;[90m# StepDefinitions.GitHubAPISteps.i_send_a_patch_request_to_with_update_data(java.lang.String)&amp#27;[0m
      &amp#27;[31mjava.lang.NullPointerException: Cannot invoke "java.lang.CharSequence.toString()" because "replacement" is null
	at java.base/java.lang.String.replace(String.java:3164)
	at StepDefinitions.GitHubAPISteps.i_send_a_patch_request_to_with_update_data(GitHubAPISteps.java:73)
	at ✽.I send a PATCH request to "/repos/{owner}/test-repo-api" with the update data(file:///Users/anhthehoang/Desktop/learning-code/BDDCucumber/BDDCucumberTesting/src/test/resources/Features/Login.feature:51)
&amp#27;[0m
  &amp#27;[36mThen &amp#27;[0m&amp#27;[36mthe response status code should be &amp#27;[0m&amp#27;[36m&amp#27;[1m200&amp#27;[0m                                                  &amp#27;[90m# StepDefinitions.GitHubAPISteps.the_response_status_code_should_be(int)&amp#27;[0m
  &amp#27;[36mAnd &amp#27;[0m&amp#27;[36mthe response should contain "&amp#27;[0m&amp#27;[36m&amp#27;[1mdescription&amp#27;[0m&amp#27;[36m" field with value "&amp#27;[0m&amp#27;[36m&amp#27;[1mUpdated description via API&amp#27;[0m&amp#27;[36m"&amp#27;[0m &amp#27;[90m# StepDefinitions.GitHubRepositoryAPISteps.the_response_should_contain_field_with_string_value(java.lang.String,java.lang.String)&amp#27;[0m
  &amp#27;[36mAnd &amp#27;[0m&amp#27;[36mthe response should contain "&amp#27;[0m&amp#27;[36m&amp#27;[1mprivate&amp#27;[0m&amp#27;[36m" field with value "&amp#27;[0m&amp#27;[36m&amp#27;[1mtrue&amp#27;[0m&amp#27;[36m"&amp#27;[0m                            &amp#27;[90m# StepDefinitions.GitHubRepositoryAPISteps.the_response_should_contain_field_with_string_value(java.lang.String,java.lang.String)&amp#27;[0m
]]></system-out>
  </testcase>
  <testcase name="DELETE - Delete a repository" classname="GitHub REST API Testing" time="0.005">
    <error message="Cannot invoke &quot;java.lang.CharSequence.toString()&quot; because &quot;replacement&quot; is null" type="java.lang.NullPointerException"><![CDATA[java.lang.NullPointerException: Cannot invoke "java.lang.CharSequence.toString()" because "replacement" is null
	at java.base/java.lang.String.replace(String.java:3164)
	at StepDefinitions.GitHubAPISteps.i_send_a_delete_request_to(GitHubAPISteps.java:89)
	at ✽.I send a DELETE request to "/repos/{owner}/test-repo-api"(file:///Users/anhthehoang/Desktop/learning-code/BDDCucumber/BDDCucumberTesting/src/test/resources/Features/Login.feature:58)
]]></error>
    <system-out><![CDATA[
Scenario: DELETE - Delete a repository                           &amp#27;[90m# src/test/resources/Features/Login.feature:56&amp#27;[0m
Setting up GitHub API authentication
  &amp#27;[32mGiven &amp#27;[0m&amp#27;[32mI have a valid GitHub API token&amp#27;[0m                          &amp#27;[90m# StepDefinitions.GitHubAPISteps.i_have_a_valid_github_api_token()&amp#27;[0m
Base URI set to: https://api.github.com
  &amp#27;[32mAnd &amp#27;[0m&amp#27;[32mI set the base URI to "&amp#27;[0m&amp#27;[32m&amp#27;[1mhttps://api.github.com&amp#27;[0m&amp#27;[32m"&amp#27;[0m             &amp#27;[90m# StepDefinitions.GitHubAPISteps.i_set_the_base_uri_to(java.lang.String)&amp#27;[0m
Using existing repository: test-repo-api
  &amp#27;[32mGiven &amp#27;[0m&amp#27;[32mI have an existing repository "&amp#27;[0m&amp#27;[32m&amp#27;[1mtest-repo-api&amp#27;[0m&amp#27;[32m"&amp#27;[0m            &amp#27;[90m# StepDefinitions.GitHubAPISteps.i_have_an_existing_repository(java.lang.String)&amp#27;[0m
  &amp#27;[31mWhen &amp#27;[0m&amp#27;[31mI send a DELETE request to "&amp#27;[0m&amp#27;[31m&amp#27;[1m/repos/{owner}/test-repo-api&amp#27;[0m&amp#27;[31m"&amp#27;[0m &amp#27;[90m# StepDefinitions.GitHubAPISteps.i_send_a_delete_request_to(java.lang.String)&amp#27;[0m
      &amp#27;[31mjava.lang.NullPointerException: Cannot invoke "java.lang.CharSequence.toString()" because "replacement" is null
	at java.base/java.lang.String.replace(String.java:3164)
	at StepDefinitions.GitHubAPISteps.i_send_a_delete_request_to(GitHubAPISteps.java:89)
	at ✽.I send a DELETE request to "/repos/{owner}/test-repo-api"(file:///Users/anhthehoang/Desktop/learning-code/BDDCucumber/BDDCucumberTesting/src/test/resources/Features/Login.feature:58)
&amp#27;[0m
  &amp#27;[36mThen &amp#27;[0m&amp#27;[36mthe response status code should be &amp#27;[0m&amp#27;[36m&amp#27;[1m204&amp#27;[0m                    &amp#27;[90m# StepDefinitions.GitHubAPISteps.the_response_status_code_should_be(int)&amp#27;[0m
  &amp#27;[36mAnd &amp#27;[0m&amp#27;[36mthe repository should no longer exist&amp#27;[0m                      &amp#27;[90m# StepDefinitions.GitHubAPISteps.the_repository_should_no_longer_exist()&amp#27;[0m
  &amp#27;[36mWhen &amp#27;[0m&amp#27;[36mI send a GET request to "&amp#27;[0m&amp#27;[36m&amp#27;[1m/repos/{owner}/test-repo-api&amp#27;[0m&amp#27;[36m"&amp#27;[0m    &amp#27;[90m# StepDefinitions.GitHubAPISteps.i_send_a_get_request_to(java.lang.String)&amp#27;[0m
  &amp#27;[36mThen &amp#27;[0m&amp#27;[36mthe response status code should be &amp#27;[0m&amp#27;[36m&amp#27;[1m404&amp#27;[0m                    &amp#27;[90m# StepDefinitions.GitHubAPISteps.the_response_status_code_should_be(int)&amp#27;[0m
]]></system-out>
  </testcase>
</testsuite>